[0.135s] Invoking command in '/home/kobayashi/ros2_ws/scr/person_msgs/build/person_msgs': CMAKE_PREFIX_PATH=/home/kobayashi/ros2_ws/install/mypkg:/opt/ros/foxy /usr/bin/cmake /home/kobayashi/ros2_ws/scr/person_msgs -DCMAKE_INSTALL_PREFIX=/home/kobayashi/ros2_ws/scr/person_msgs/install/person_msgs
[0.278s] -- The C compiler identification is GNU 9.4.0
[0.608s] -- The CXX compiler identification is GNU 9.4.0
[0.683s] -- Check for working C compiler: /usr/bin/cc
[0.911s] -- Check for working C compiler: /usr/bin/cc -- works
[0.912s] -- Detecting C compiler ABI info
[1.090s] -- Detecting C compiler ABI info - done
[1.101s] -- Detecting C compile features
[1.101s] -- Detecting C compile features - done
[1.103s] -- Check for working CXX compiler: /usr/bin/c++
[1.228s] -- Check for working CXX compiler: /usr/bin/c++ -- works
[1.229s] -- Detecting CXX compiler ABI info
[1.489s] -- Detecting CXX compiler ABI info - done
[1.505s] -- Detecting CXX compile features
[1.505s] -- Detecting CXX compile features - done
[1.508s] -- Found ament_cmake: 0.9.12 (/opt/ros/foxy/share/ament_cmake/cmake)
[1.541s] -- Found PythonInterp: /usr/bin/python3 (found suitable version "3.8.10", minimum required is "3") 
[1.541s] -- Using PYTHON_EXECUTABLE: /usr/bin/python3
[1.704s] -- Found ament_lint_auto: 0.9.8 (/opt/ros/foxy/share/ament_lint_auto/cmake)
[1.706s] -- Found rosidl_default_generators: 1.0.1 (/opt/ros/foxy/share/rosidl_default_generators/cmake)
[1.709s] -- Using all available rosidl_typesupport_c: rosidl_typesupport_fastrtps_c;rosidl_typesupport_introspection_c
[1.715s] -- Found rosidl_adapter: 1.3.1 (/opt/ros/foxy/share/rosidl_adapter/cmake)
[2.477s] -- Found OpenSSL: /usr/lib/x86_64-linux-gnu/libcrypto.so (found version "1.1.1f")  
[3.190s] -- Found FastRTPS: /opt/ros/foxy/include  
[4.361s] -- Using all available rosidl_typesupport_cpp: rosidl_typesupport_fastrtps_cpp;rosidl_typesupport_introspection_cpp
[4.410s] -- Found PythonInterp: /usr/bin/python3 (found version "3.8.10") 
[4.512s] CMake Error at /opt/ros/foxy/share/rosidl_cmake/cmake/rosidl_generate_interfaces.cmake:229 (message):
[4.512s]   Packages installing interfaces must include
[4.512s]   '<member_of_group>rosidl_interface_packages</member_of_group>' in their
[4.512s]   package.xml
[4.513s] Call Stack (most recent call first):
[4.513s]   CMakeLists.txt:27 (rosidl_generate_interfaces)
[4.513s] 
[4.513s] 
[4.513s] -- Configuring incomplete, errors occurred!
[4.513s] See also "/home/kobayashi/ros2_ws/scr/person_msgs/build/person_msgs/CMakeFiles/CMakeOutput.log".
[4.521s] Invoked command in '/home/kobayashi/ros2_ws/scr/person_msgs/build/person_msgs' returned '1': CMAKE_PREFIX_PATH=/home/kobayashi/ros2_ws/install/mypkg:/opt/ros/foxy /usr/bin/cmake /home/kobayashi/ros2_ws/scr/person_msgs -DCMAKE_INSTALL_PREFIX=/home/kobayashi/ros2_ws/scr/person_msgs/install/person_msgs
