[0.557s] Invoking command in '/home/kobayashi/ros2_ws/build/person_msgs': CMAKE_PREFIX_PATH=${CMAKE_PREFIX_PATH}:/home/kobayashi/ros2_ws/install/mypkg:/opt/ros/foxy /usr/bin/cmake --build /home/kobayashi/ros2_ws/build/person_msgs -- -j8 -l8
[0.593s] -- Found ament_cmake: 0.9.12 (/opt/ros/foxy/share/ament_cmake/cmake)
[0.613s] -- Found PythonInterp: /usr/bin/python3 (found suitable version "3.8.10", minimum required is "3") 
[0.613s] -- Using PYTHON_EXECUTABLE: /usr/bin/python3
[0.778s] -- Found ament_lint_auto: 0.9.8 (/opt/ros/foxy/share/ament_lint_auto/cmake)
[0.778s] -- Found rosidl_default_generators: 1.0.1 (/opt/ros/foxy/share/rosidl_default_generators/cmake)
[0.781s] -- Using all available rosidl_typesupport_c: rosidl_typesupport_fastrtps_c;rosidl_typesupport_introspection_c
[0.784s] -- Found rosidl_adapter: 1.3.1 (/opt/ros/foxy/share/rosidl_adapter/cmake)
[3.412s] -- Using all available rosidl_typesupport_cpp: rosidl_typesupport_fastrtps_cpp;rosidl_typesupport_introspection_cpp
[3.461s] -- Found PythonInterp: /usr/bin/python3 (found version "3.8.10") 
[3.660s] CMake Error at /opt/ros/foxy/share/rosidl_adapter/cmake/rosidl_adapt_interfaces.cmake:60 (message):
[3.661s]   execute_process(/usr/bin/python3 -m rosidl_adapter --package-name
[3.661s]   person_msgs --arguments-file
[3.661s]   /home/kobayashi/ros2_ws/build/person_msgs/rosidl_adapter__arguments__person_msgs.json
[3.661s]   --output-dir
[3.661s]   /home/kobayashi/ros2_ws/build/person_msgs/rosidl_adapter/person_msgs
[3.661s]   --output-file
[3.661s]   /home/kobayashi/ros2_ws/build/person_msgs/rosidl_adapter/person_msgs.idls)
[3.661s]   returned error code 1:
[3.662s] 
[3.662s]   Error processing 'string Kobayashi' of 'person_msgs/Person': ''Kobayashi'
[3.662s]   is an invalid field name.  It should have the pattern
[3.662s]   '^(?!.*__)(?!.*_$)[a-z][a-z0-9_]*$''
[3.663s] 
[3.663s]   Traceback (most recent call last):
[3.663s] 
[3.663s]     File "/usr/lib/python3.8/runpy.py", line 194, in _run_module_as_main
[3.664s]       return _run_code(code, main_globals, None,
[3.664s]     File "/usr/lib/python3.8/runpy.py", line 87, in _run_code
[3.664s]       exec(code, run_globals)
[3.664s]     File "/opt/ros/foxy/lib/python3.8/site-packages/rosidl_adapter/__main__.py", line 19, in <module>
[3.665s]       sys.exit(main())
[3.665s]     File "/opt/ros/foxy/lib/python3.8/site-packages/rosidl_adapter/main.py", line 53, in main
[3.665s]       abs_idl_file = convert_to_idl(
[3.665s]     File "/opt/ros/foxy/lib/python3.8/site-packages/rosidl_adapter/__init__.py", line 19, in convert_to_idl
[3.665s]       return convert_msg_to_idl(
[3.665s]     File "/opt/ros/foxy/lib/python3.8/site-packages/rosidl_adapter/msg/__init__.py", line 28, in convert_msg_to_idl
[3.665s]       msg = parse_message_string(package_name, input_file.stem, content)
[3.665s]     File "/opt/ros/foxy/lib/python3.8/site-packages/rosidl_adapter/parser.py", line 515, in parse_message_string
[3.666s]       fields.append(Field(
[3.666s]     File "/opt/ros/foxy/lib/python3.8/site-packages/rosidl_adapter/parser.py", line 353, in __init__
[3.666s]       raise NameError(
[3.666s] 
[3.666s]   NameError: 'Kobayashi' is an invalid field name.  It should have the
[3.666s]   pattern '^(?!.*__)(?!.*_$)[a-z][a-z0-9_]*$'
[3.667s] 
[3.667s] Call Stack (most recent call first):
[3.667s]   /opt/ros/foxy/share/rosidl_cmake/cmake/rosidl_generate_interfaces.cmake:130 (rosidl_adapt_interfaces)
[3.667s]   CMakeLists.txt:27 (rosidl_generate_interfaces)
[3.667s] 
[3.667s] 
[3.667s] -- Configuring incomplete, errors occurred!
[3.667s] See also "/home/kobayashi/ros2_ws/build/person_msgs/CMakeFiles/CMakeOutput.log".
[3.672s] make: *** [Makefile:748: cmake_check_build_system] Error 1
[3.676s] Invoked command in '/home/kobayashi/ros2_ws/build/person_msgs' returned '2': CMAKE_PREFIX_PATH=${CMAKE_PREFIX_PATH}:/home/kobayashi/ros2_ws/install/mypkg:/opt/ros/foxy /usr/bin/cmake --build /home/kobayashi/ros2_ws/build/person_msgs -- -j8 -l8
