[1.979s] DEBUG:colcon:Command line arguments: ['/usr/bin/colcon', 'build']
[1.979s] DEBUG:colcon:Parsed command line arguments: Namespace(allow_overriding=[], ament_cmake_args=None, base_paths=['.'], build_base='build', catkin_cmake_args=None, catkin_skip_building_tests=False, cmake_args=None, cmake_clean_cache=False, cmake_clean_first=False, cmake_force_configure=False, cmake_target=None, cmake_target_skip_unavailable=False, continue_on_error=False, event_handlers=None, executor='parallel', ignore_user_meta=False, install_base='install', log_base=None, log_level=None, main=<bound method BuildVerb.main of <colcon_core.verb.build.BuildVerb object at 0x7ff34e1dfbb0>>, merge_install=False, metas=['./colcon.meta'], packages_above=None, packages_above_and_dependencies=None, packages_above_depth=None, packages_end=None, packages_ignore=None, packages_ignore_regex=None, packages_select=None, packages_select_build_failed=False, packages_select_by_dep=None, packages_select_regex=None, packages_select_test_failures=False, packages_skip=None, packages_skip_build_finished=False, packages_skip_by_dep=None, packages_skip_regex=None, packages_skip_test_passed=False, packages_skip_up_to=None, packages_start=None, packages_up_to=None, packages_up_to_regex=None, parallel_workers=8, paths=None, symlink_install=False, test_result_base=None, verb_extension=<colcon_core.verb.build.BuildVerb object at 0x7ff34e1dfbb0>, verb_name='build', verb_parser=<colcon_defaults.argument_parser.defaults.DefaultArgumentsDecorator object at 0x7ff34ddbfe80>)
[2.095s] Level 1:colcon.colcon_core.package_discovery:discover_packages(colcon_meta) check parameters
[2.095s] Level 1:colcon.colcon_core.package_discovery:discover_packages(recursive) check parameters
[2.095s] Level 1:colcon.colcon_core.package_discovery:discover_packages(ignore) check parameters
[2.095s] Level 1:colcon.colcon_core.package_discovery:discover_packages(path) check parameters
[2.095s] Level 1:colcon.colcon_core.package_discovery:discover_packages(colcon_meta) discover
[2.096s] Level 1:colcon.colcon_core.package_discovery:discover_packages(recursive) discover
[2.096s] INFO:colcon.colcon_core.package_discovery:Crawling recursively for packages in '/home/kobayashi/ros2_ws'
[2.096s] Level 1:colcon.colcon_core.package_identification:_identify(.) by extensions ['ignore', 'ignore_ament_install']
[2.096s] Level 1:colcon.colcon_core.package_identification:_identify(.) by extension 'ignore'
[2.096s] Level 1:colcon.colcon_core.package_identification:_identify(.) by extension 'ignore_ament_install'
[2.096s] Level 1:colcon.colcon_core.package_identification:_identify(.) by extensions ['colcon_pkg']
[2.096s] Level 1:colcon.colcon_core.package_identification:_identify(.) by extension 'colcon_pkg'
[2.096s] Level 1:colcon.colcon_core.package_identification:_identify(.) by extensions ['colcon_meta']
[2.096s] Level 1:colcon.colcon_core.package_identification:_identify(.) by extension 'colcon_meta'
[2.096s] Level 1:colcon.colcon_core.package_identification:_identify(.) by extensions ['ros']
[2.096s] Level 1:colcon.colcon_core.package_identification:_identify(.) by extension 'ros'
[2.106s] Level 1:colcon.colcon_core.package_identification:_identify(.) by extensions ['cmake', 'python']
[2.107s] Level 1:colcon.colcon_core.package_identification:_identify(.) by extension 'cmake'
[2.107s] Level 1:colcon.colcon_core.package_identification:_identify(.) by extension 'python'
[2.107s] Level 1:colcon.colcon_core.package_identification:_identify(.) by extensions ['python_setup_py']
[2.107s] Level 1:colcon.colcon_core.package_identification:_identify(.) by extension 'python_setup_py'
[2.107s] Level 1:colcon.colcon_core.package_identification:_identify(build) by extensions ['ignore', 'ignore_ament_install']
[2.107s] Level 1:colcon.colcon_core.package_identification:_identify(build) by extension 'ignore'
[2.107s] Level 1:colcon.colcon_core.package_identification:_identify(build) ignored
[2.107s] Level 1:colcon.colcon_core.package_identification:_identify(install) by extensions ['ignore', 'ignore_ament_install']
[2.107s] Level 1:colcon.colcon_core.package_identification:_identify(install) by extension 'ignore'
[2.107s] Level 1:colcon.colcon_core.package_identification:_identify(install) ignored
[2.107s] Level 1:colcon.colcon_core.package_identification:_identify(log) by extensions ['ignore', 'ignore_ament_install']
[2.107s] Level 1:colcon.colcon_core.package_identification:_identify(log) by extension 'ignore'
[2.107s] Level 1:colcon.colcon_core.package_identification:_identify(log) ignored
[2.107s] Level 1:colcon.colcon_core.package_identification:_identify(scr) by extensions ['ignore', 'ignore_ament_install']
[2.107s] Level 1:colcon.colcon_core.package_identification:_identify(scr) by extension 'ignore'
[2.107s] Level 1:colcon.colcon_core.package_identification:_identify(scr) by extension 'ignore_ament_install'
[2.107s] Level 1:colcon.colcon_core.package_identification:_identify(scr) by extensions ['colcon_pkg']
[2.108s] Level 1:colcon.colcon_core.package_identification:_identify(scr) by extension 'colcon_pkg'
[2.108s] Level 1:colcon.colcon_core.package_identification:_identify(scr) by extensions ['colcon_meta']
[2.108s] Level 1:colcon.colcon_core.package_identification:_identify(scr) by extension 'colcon_meta'
[2.108s] Level 1:colcon.colcon_core.package_identification:_identify(scr) by extensions ['ros']
[2.108s] Level 1:colcon.colcon_core.package_identification:_identify(scr) by extension 'ros'
[2.108s] Level 1:colcon.colcon_core.package_identification:_identify(scr) by extensions ['cmake', 'python']
[2.108s] Level 1:colcon.colcon_core.package_identification:_identify(scr) by extension 'cmake'
[2.108s] Level 1:colcon.colcon_core.package_identification:_identify(scr) by extension 'python'
[2.108s] Level 1:colcon.colcon_core.package_identification:_identify(scr) by extensions ['python_setup_py']
[2.108s] Level 1:colcon.colcon_core.package_identification:_identify(scr) by extension 'python_setup_py'
[2.108s] Level 1:colcon.colcon_core.package_identification:_identify(scr/build) by extensions ['ignore', 'ignore_ament_install']
[2.108s] Level 1:colcon.colcon_core.package_identification:_identify(scr/build) by extension 'ignore'
[2.108s] Level 1:colcon.colcon_core.package_identification:_identify(scr/build) ignored
[2.108s] Level 1:colcon.colcon_core.package_identification:_identify(scr/install) by extensions ['ignore', 'ignore_ament_install']
[2.108s] Level 1:colcon.colcon_core.package_identification:_identify(scr/install) by extension 'ignore'
[2.108s] Level 1:colcon.colcon_core.package_identification:_identify(scr/install) ignored
[2.108s] Level 1:colcon.colcon_core.package_identification:_identify(scr/log) by extensions ['ignore', 'ignore_ament_install']
[2.108s] Level 1:colcon.colcon_core.package_identification:_identify(scr/log) by extension 'ignore'
[2.108s] Level 1:colcon.colcon_core.package_identification:_identify(scr/log) ignored
[2.108s] Level 1:colcon.colcon_core.package_identification:_identify(scr/mypkg) by extensions ['ignore', 'ignore_ament_install']
[2.108s] Level 1:colcon.colcon_core.package_identification:_identify(scr/mypkg) by extension 'ignore'
[2.108s] Level 1:colcon.colcon_core.package_identification:_identify(scr/mypkg) by extension 'ignore_ament_install'
[2.109s] Level 1:colcon.colcon_core.package_identification:_identify(scr/mypkg) by extensions ['colcon_pkg']
[2.109s] Level 1:colcon.colcon_core.package_identification:_identify(scr/mypkg) by extension 'colcon_pkg'
[2.109s] Level 1:colcon.colcon_core.package_identification:_identify(scr/mypkg) by extensions ['colcon_meta']
[2.109s] Level 1:colcon.colcon_core.package_identification:_identify(scr/mypkg) by extension 'colcon_meta'
[2.109s] Level 1:colcon.colcon_core.package_identification:_identify(scr/mypkg) by extensions ['ros']
[2.109s] Level 1:colcon.colcon_core.package_identification:_identify(scr/mypkg) by extension 'ros'
[2.111s] DEBUG:colcon.colcon_core.package_identification:Package 'scr/mypkg' with type 'ros.ament_python' and name 'mypkg'
[2.111s] Level 1:colcon.colcon_core.package_identification:_identify(scr/person_msgs) by extensions ['ignore', 'ignore_ament_install']
[2.111s] Level 1:colcon.colcon_core.package_identification:_identify(scr/person_msgs) by extension 'ignore'
[2.111s] Level 1:colcon.colcon_core.package_identification:_identify(scr/person_msgs) by extension 'ignore_ament_install'
[2.111s] Level 1:colcon.colcon_core.package_identification:_identify(scr/person_msgs) by extensions ['colcon_pkg']
[2.111s] Level 1:colcon.colcon_core.package_identification:_identify(scr/person_msgs) by extension 'colcon_pkg'
[2.111s] Level 1:colcon.colcon_core.package_identification:_identify(scr/person_msgs) by extensions ['colcon_meta']
[2.111s] Level 1:colcon.colcon_core.package_identification:_identify(scr/person_msgs) by extension 'colcon_meta'
[2.111s] Level 1:colcon.colcon_core.package_identification:_identify(scr/person_msgs) by extensions ['ros']
[2.111s] Level 1:colcon.colcon_core.package_identification:_identify(scr/person_msgs) by extension 'ros'
[2.111s] DEBUG:colcon.colcon_core.package_identification:Package 'scr/person_msgs' with type 'ros.ament_cmake' and name 'person_msgs'
[2.111s] Level 1:colcon.colcon_core.package_discovery:discover_packages(recursive) using defaults
[2.111s] Level 1:colcon.colcon_core.package_discovery:discover_packages(ignore) discover
[2.111s] Level 1:colcon.colcon_core.package_discovery:discover_packages(ignore) using defaults
[2.111s] Level 1:colcon.colcon_core.package_discovery:discover_packages(path) discover
[2.111s] Level 1:colcon.colcon_core.package_discovery:discover_packages(path) using defaults
[2.267s] Level 1:colcon.colcon_core.package_discovery:discover_packages(prefix_path) check parameters
[2.267s] Level 1:colcon.colcon_core.package_discovery:discover_packages(prefix_path) discover
[2.322s] DEBUG:colcon.colcon_installed_package_information.package_discovery:Found 2 installed packages in /home/kobayashi/ros2_ws/install
[2.364s] DEBUG:colcon.colcon_installed_package_information.package_discovery:Found 256 installed packages in /opt/ros/foxy
[2.365s] Level 1:colcon.colcon_core.package_discovery:discover_packages(prefix_path) using defaults
[2.488s] Level 5:colcon.colcon_core.verb:set package 'mypkg' build argument 'cmake_args' from command line to 'None'
[2.488s] Level 5:colcon.colcon_core.verb:set package 'mypkg' build argument 'cmake_target' from command line to 'None'
[2.488s] Level 5:colcon.colcon_core.verb:set package 'mypkg' build argument 'cmake_target_skip_unavailable' from command line to 'False'
[2.488s] Level 5:colcon.colcon_core.verb:set package 'mypkg' build argument 'cmake_clean_cache' from command line to 'False'
[2.488s] Level 5:colcon.colcon_core.verb:set package 'mypkg' build argument 'cmake_clean_first' from command line to 'False'
[2.488s] Level 5:colcon.colcon_core.verb:set package 'mypkg' build argument 'cmake_force_configure' from command line to 'False'
[2.488s] Level 5:colcon.colcon_core.verb:set package 'mypkg' build argument 'ament_cmake_args' from command line to 'None'
[2.488s] Level 5:colcon.colcon_core.verb:set package 'mypkg' build argument 'catkin_cmake_args' from command line to 'None'
[2.488s] Level 5:colcon.colcon_core.verb:set package 'mypkg' build argument 'catkin_skip_building_tests' from command line to 'False'
[2.488s] DEBUG:colcon.colcon_core.verb:Building package 'mypkg' with the following arguments: {'ament_cmake_args': None, 'build_base': '/home/kobayashi/ros2_ws/build/mypkg', 'catkin_cmake_args': None, 'catkin_skip_building_tests': False, 'cmake_args': None, 'cmake_clean_cache': False, 'cmake_clean_first': False, 'cmake_force_configure': False, 'cmake_target': None, 'cmake_target_skip_unavailable': False, 'install_base': '/home/kobayashi/ros2_ws/install/mypkg', 'merge_install': False, 'path': '/home/kobayashi/ros2_ws/scr/mypkg', 'symlink_install': False, 'test_result_base': None}
[2.526s] Level 5:colcon.colcon_core.verb:set package 'person_msgs' build argument 'cmake_args' from command line to 'None'
[2.526s] Level 5:colcon.colcon_core.verb:set package 'person_msgs' build argument 'cmake_target' from command line to 'None'
[2.526s] Level 5:colcon.colcon_core.verb:set package 'person_msgs' build argument 'cmake_target_skip_unavailable' from command line to 'False'
[2.526s] Level 5:colcon.colcon_core.verb:set package 'person_msgs' build argument 'cmake_clean_cache' from command line to 'False'
[2.526s] Level 5:colcon.colcon_core.verb:set package 'person_msgs' build argument 'cmake_clean_first' from command line to 'False'
[2.526s] Level 5:colcon.colcon_core.verb:set package 'person_msgs' build argument 'cmake_force_configure' from command line to 'False'
[2.526s] Level 5:colcon.colcon_core.verb:set package 'person_msgs' build argument 'ament_cmake_args' from command line to 'None'
[2.526s] Level 5:colcon.colcon_core.verb:set package 'person_msgs' build argument 'catkin_cmake_args' from command line to 'None'
[2.526s] Level 5:colcon.colcon_core.verb:set package 'person_msgs' build argument 'catkin_skip_building_tests' from command line to 'False'
[2.526s] DEBUG:colcon.colcon_core.verb:Building package 'person_msgs' with the following arguments: {'ament_cmake_args': None, 'build_base': '/home/kobayashi/ros2_ws/build/person_msgs', 'catkin_cmake_args': None, 'catkin_skip_building_tests': False, 'cmake_args': None, 'cmake_clean_cache': False, 'cmake_clean_first': False, 'cmake_force_configure': False, 'cmake_target': None, 'cmake_target_skip_unavailable': False, 'install_base': '/home/kobayashi/ros2_ws/install/person_msgs', 'merge_install': False, 'path': '/home/kobayashi/ros2_ws/scr/person_msgs', 'symlink_install': False, 'test_result_base': None}
[2.555s] INFO:colcon.colcon_core.executor:Executing jobs using 'parallel' executor
[2.584s] DEBUG:colcon.colcon_parallel_executor.executor.parallel:run_until_complete
[2.584s] INFO:colcon.colcon_ros.task.ament_python.build:Building ROS package in '/home/kobayashi/ros2_ws/scr/mypkg' with build type 'ament_python'
[2.584s] Level 1:colcon.colcon_core.shell:create_environment_hook('mypkg', 'ament_prefix_path')
[2.625s] INFO:colcon.colcon_core.plugin_system:Skipping extension 'colcon_core.shell.bat': Not used on non-Windows systems
[2.626s] INFO:colcon.colcon_core.shell:Creating environment hook '/home/kobayashi/ros2_ws/install/mypkg/share/mypkg/hook/ament_prefix_path.ps1'
[2.627s] INFO:colcon.colcon_core.shell:Creating environment descriptor '/home/kobayashi/ros2_ws/install/mypkg/share/mypkg/hook/ament_prefix_path.dsv'
[2.627s] INFO:colcon.colcon_core.shell:Creating environment hook '/home/kobayashi/ros2_ws/install/mypkg/share/mypkg/hook/ament_prefix_path.sh'
[2.676s] INFO:colcon.colcon_core.shell:Skip shell extension 'powershell' for command environment: Not usable outside of PowerShell
[2.676s] DEBUG:colcon.colcon_core.shell:Skip shell extension 'dsv' for command environment
[2.771s] INFO:colcon.colcon_ros.task.ament_cmake.build:Building ROS package in '/home/kobayashi/ros2_ws/scr/person_msgs' with build type 'ament_cmake'
[2.772s] INFO:colcon.colcon_cmake.task.cmake.build:Building CMake package in '/home/kobayashi/ros2_ws/scr/person_msgs'
[2.809s] INFO:colcon.colcon_core.shell:Skip shell extension 'powershell' for command environment: Not usable outside of PowerShell
[2.809s] DEBUG:colcon.colcon_core.shell:Skip shell extension 'dsv' for command environment
[3.131s] INFO:colcon.colcon_core.task.python.build:Building Python package in '/home/kobayashi/ros2_ws/scr/mypkg'
[3.171s] INFO:colcon.colcon_core.shell:Skip shell extension 'powershell' for command environment: Not usable outside of PowerShell
[3.171s] DEBUG:colcon.colcon_core.shell:Skip shell extension 'dsv' for command environment
[3.270s] DEBUG:colcon.colcon_core.event_handler.log_command:Invoking command in '/home/kobayashi/ros2_ws/build/person_msgs': CMAKE_PREFIX_PATH=${CMAKE_PREFIX_PATH}:/home/kobayashi/ros2_ws/install/mypkg:/opt/ros/foxy /usr/bin/cmake --build /home/kobayashi/ros2_ws/build/person_msgs -- -j8 -l8
[3.643s] DEBUG:colcon.colcon_core.event_handler.log_command:Invoking command in '/home/kobayashi/ros2_ws/scr/mypkg': PYTHONPATH=/home/kobayashi/ros2_ws/build/mypkg/prefix_override:/home/kobayashi/ros2_ws/install/mypkg/lib/python3.8/site-packages:${PYTHONPATH} /usr/bin/python3 setup.py egg_info --egg-base ../../build/mypkg build --build-base /home/kobayashi/ros2_ws/build/mypkg/build install --record /home/kobayashi/ros2_ws/build/mypkg/install.log --install-scripts $base/lib/mypkg --single-version-externally-managed
[3.949s] DEBUG:colcon.colcon_core.event_handler.log_command:Invoked command in '/home/kobayashi/ros2_ws/scr/mypkg' returned '0': PYTHONPATH=/home/kobayashi/ros2_ws/build/mypkg/prefix_override:/home/kobayashi/ros2_ws/install/mypkg/lib/python3.8/site-packages:${PYTHONPATH} /usr/bin/python3 setup.py egg_info --egg-base ../../build/mypkg build --build-base /home/kobayashi/ros2_ws/build/mypkg/build install --record /home/kobayashi/ros2_ws/build/mypkg/install.log --install-scripts $base/lib/mypkg --single-version-externally-managed
[4.020s] Level 1:colcon.colcon_core.environment:checking '/home/kobayashi/ros2_ws/install/mypkg' for CMake module files
[4.021s] Level 1:colcon.colcon_core.environment:checking '/home/kobayashi/ros2_ws/install/mypkg' for CMake config files
[4.022s] Level 1:colcon.colcon_core.environment:checking '/home/kobayashi/ros2_ws/install/mypkg/lib'
[4.023s] Level 1:colcon.colcon_core.environment:checking '/home/kobayashi/ros2_ws/install/mypkg/bin'
[4.023s] Level 1:colcon.colcon_core.environment:checking '/home/kobayashi/ros2_ws/install/mypkg/lib/pkgconfig/mypkg.pc'
[4.023s] Level 1:colcon.colcon_core.environment:checking '/home/kobayashi/ros2_ws/install/mypkg/lib/python3.8/site-packages'
[4.023s] Level 1:colcon.colcon_core.shell:create_environment_hook('mypkg', 'pythonpath')
[4.088s] INFO:colcon.colcon_core.shell:Creating environment hook '/home/kobayashi/ros2_ws/install/mypkg/share/mypkg/hook/pythonpath.ps1'
[4.089s] INFO:colcon.colcon_core.shell:Creating environment descriptor '/home/kobayashi/ros2_ws/install/mypkg/share/mypkg/hook/pythonpath.dsv'
[4.089s] INFO:colcon.colcon_core.shell:Creating environment hook '/home/kobayashi/ros2_ws/install/mypkg/share/mypkg/hook/pythonpath.sh'
[4.090s] Level 1:colcon.colcon_core.environment:checking '/home/kobayashi/ros2_ws/install/mypkg/bin'
[4.091s] Level 1:colcon.colcon_core.environment:create_environment_scripts_only(mypkg)
[4.141s] INFO:colcon.colcon_core.shell:Creating package script '/home/kobayashi/ros2_ws/install/mypkg/share/mypkg/package.ps1'
[4.142s] INFO:colcon.colcon_core.shell:Creating package descriptor '/home/kobayashi/ros2_ws/install/mypkg/share/mypkg/package.dsv'
[4.142s] INFO:colcon.colcon_core.shell:Creating package script '/home/kobayashi/ros2_ws/install/mypkg/share/mypkg/package.sh'
[4.144s] INFO:colcon.colcon_core.shell:Creating package script '/home/kobayashi/ros2_ws/install/mypkg/share/mypkg/package.bash'
[4.145s] INFO:colcon.colcon_core.shell:Creating package script '/home/kobayashi/ros2_ws/install/mypkg/share/mypkg/package.zsh'
[4.146s] Level 1:colcon.colcon_core.environment:create_file_with_runtime_dependencies(/home/kobayashi/ros2_ws/install/mypkg/share/colcon-core/packages/mypkg)
[9.129s] DEBUG:colcon.colcon_core.event_handler.log_command:Invoked command in '/home/kobayashi/ros2_ws/build/person_msgs' returned '0': CMAKE_PREFIX_PATH=${CMAKE_PREFIX_PATH}:/home/kobayashi/ros2_ws/install/mypkg:/opt/ros/foxy /usr/bin/cmake --build /home/kobayashi/ros2_ws/build/person_msgs -- -j8 -l8
[9.196s] DEBUG:colcon.colcon_core.event_handler.log_command:Invoking command in '/home/kobayashi/ros2_ws/build/person_msgs': CMAKE_PREFIX_PATH=${CMAKE_PREFIX_PATH}:/home/kobayashi/ros2_ws/install/mypkg:/opt/ros/foxy /usr/bin/cmake --install /home/kobayashi/ros2_ws/build/person_msgs
[9.253s] Level 1:colcon.colcon_core.environment:create_environment_scripts_only(person_msgs)
[9.253s] DEBUG:colcon.colcon_core.event_handler.log_command:Invoked command in '/home/kobayashi/ros2_ws/build/person_msgs' returned '0': CMAKE_PREFIX_PATH=${CMAKE_PREFIX_PATH}:/home/kobayashi/ros2_ws/install/mypkg:/opt/ros/foxy /usr/bin/cmake --install /home/kobayashi/ros2_ws/build/person_msgs
[9.290s] Level 1:colcon.colcon_core.environment:checking '/home/kobayashi/ros2_ws/install/person_msgs' for CMake module files
[9.290s] Level 1:colcon.colcon_core.environment:checking '/home/kobayashi/ros2_ws/install/person_msgs' for CMake config files
[9.291s] Level 1:colcon.colcon_core.shell:create_environment_hook('person_msgs', 'cmake_prefix_path')
[9.327s] INFO:colcon.colcon_core.shell:Creating environment hook '/home/kobayashi/ros2_ws/install/person_msgs/share/person_msgs/hook/cmake_prefix_path.ps1'
[9.328s] INFO:colcon.colcon_core.shell:Creating environment descriptor '/home/kobayashi/ros2_ws/install/person_msgs/share/person_msgs/hook/cmake_prefix_path.dsv'
[9.328s] INFO:colcon.colcon_core.shell:Creating environment hook '/home/kobayashi/ros2_ws/install/person_msgs/share/person_msgs/hook/cmake_prefix_path.sh'
[9.329s] Level 1:colcon.colcon_core.environment:checking '/home/kobayashi/ros2_ws/install/person_msgs/lib'
[9.329s] Level 1:colcon.colcon_core.shell:create_environment_hook('person_msgs', 'ld_library_path_lib')
[9.377s] INFO:colcon.colcon_core.shell:Creating environment hook '/home/kobayashi/ros2_ws/install/person_msgs/share/person_msgs/hook/ld_library_path_lib.ps1'
[9.378s] INFO:colcon.colcon_core.shell:Creating environment descriptor '/home/kobayashi/ros2_ws/install/person_msgs/share/person_msgs/hook/ld_library_path_lib.dsv'
[9.378s] INFO:colcon.colcon_core.shell:Creating environment hook '/home/kobayashi/ros2_ws/install/person_msgs/share/person_msgs/hook/ld_library_path_lib.sh'
[9.379s] Level 1:colcon.colcon_core.environment:checking '/home/kobayashi/ros2_ws/install/person_msgs/bin'
[9.379s] Level 1:colcon.colcon_core.environment:checking '/home/kobayashi/ros2_ws/install/person_msgs/lib/pkgconfig/person_msgs.pc'
[9.379s] Level 1:colcon.colcon_core.environment:checking '/home/kobayashi/ros2_ws/install/person_msgs/lib/python3.8/site-packages'
[9.379s] Level 1:colcon.colcon_core.shell:create_environment_hook('person_msgs', 'pythonpath')
[9.415s] INFO:colcon.colcon_core.shell:Creating environment hook '/home/kobayashi/ros2_ws/install/person_msgs/share/person_msgs/hook/pythonpath.ps1'
[9.416s] INFO:colcon.colcon_core.shell:Creating environment descriptor '/home/kobayashi/ros2_ws/install/person_msgs/share/person_msgs/hook/pythonpath.dsv'
[9.416s] INFO:colcon.colcon_core.shell:Creating environment hook '/home/kobayashi/ros2_ws/install/person_msgs/share/person_msgs/hook/pythonpath.sh'
[9.417s] Level 1:colcon.colcon_core.environment:checking '/home/kobayashi/ros2_ws/install/person_msgs/bin'
[9.477s] INFO:colcon.colcon_core.shell:Creating package script '/home/kobayashi/ros2_ws/install/person_msgs/share/person_msgs/package.ps1'
[9.478s] INFO:colcon.colcon_core.shell:Creating package descriptor '/home/kobayashi/ros2_ws/install/person_msgs/share/person_msgs/package.dsv'
[9.479s] INFO:colcon.colcon_core.shell:Creating package script '/home/kobayashi/ros2_ws/install/person_msgs/share/person_msgs/package.sh'
[9.479s] INFO:colcon.colcon_core.shell:Creating package script '/home/kobayashi/ros2_ws/install/person_msgs/share/person_msgs/package.bash'
[9.480s] INFO:colcon.colcon_core.shell:Creating package script '/home/kobayashi/ros2_ws/install/person_msgs/share/person_msgs/package.zsh'
[9.480s] Level 1:colcon.colcon_core.environment:create_file_with_runtime_dependencies(/home/kobayashi/ros2_ws/install/person_msgs/share/colcon-core/packages/person_msgs)
[9.619s] Level 1:colcon.colcon_core.environment:create_environment_scripts_only(person_msgs)
[9.662s] Level 1:colcon.colcon_core.environment:checking '/home/kobayashi/ros2_ws/install/person_msgs' for CMake module files
[9.663s] Level 1:colcon.colcon_core.environment:checking '/home/kobayashi/ros2_ws/install/person_msgs' for CMake config files
[9.663s] Level 1:colcon.colcon_core.shell:create_environment_hook('person_msgs', 'cmake_prefix_path')
[9.699s] INFO:colcon.colcon_core.shell:Creating environment hook '/home/kobayashi/ros2_ws/install/person_msgs/share/person_msgs/hook/cmake_prefix_path.ps1'
[9.700s] INFO:colcon.colcon_core.shell:Creating environment descriptor '/home/kobayashi/ros2_ws/install/person_msgs/share/person_msgs/hook/cmake_prefix_path.dsv'
[9.700s] INFO:colcon.colcon_core.shell:Creating environment hook '/home/kobayashi/ros2_ws/install/person_msgs/share/person_msgs/hook/cmake_prefix_path.sh'
[9.701s] Level 1:colcon.colcon_core.environment:checking '/home/kobayashi/ros2_ws/install/person_msgs/lib'
[9.701s] Level 1:colcon.colcon_core.shell:create_environment_hook('person_msgs', 'ld_library_path_lib')
[9.738s] INFO:colcon.colcon_core.shell:Creating environment hook '/home/kobayashi/ros2_ws/install/person_msgs/share/person_msgs/hook/ld_library_path_lib.ps1'
[9.738s] INFO:colcon.colcon_core.shell:Creating environment descriptor '/home/kobayashi/ros2_ws/install/person_msgs/share/person_msgs/hook/ld_library_path_lib.dsv'
[9.739s] INFO:colcon.colcon_core.shell:Creating environment hook '/home/kobayashi/ros2_ws/install/person_msgs/share/person_msgs/hook/ld_library_path_lib.sh'
[9.739s] Level 1:colcon.colcon_core.environment:checking '/home/kobayashi/ros2_ws/install/person_msgs/bin'
[9.739s] Level 1:colcon.colcon_core.environment:checking '/home/kobayashi/ros2_ws/install/person_msgs/lib/pkgconfig/person_msgs.pc'
[9.740s] Level 1:colcon.colcon_core.environment:checking '/home/kobayashi/ros2_ws/install/person_msgs/lib/python3.8/site-packages'
[9.740s] Level 1:colcon.colcon_core.shell:create_environment_hook('person_msgs', 'pythonpath')
[9.771s] INFO:colcon.colcon_core.shell:Creating environment hook '/home/kobayashi/ros2_ws/install/person_msgs/share/person_msgs/hook/pythonpath.ps1'
[9.772s] INFO:colcon.colcon_core.shell:Creating environment descriptor '/home/kobayashi/ros2_ws/install/person_msgs/share/person_msgs/hook/pythonpath.dsv'
[9.772s] INFO:colcon.colcon_core.shell:Creating environment hook '/home/kobayashi/ros2_ws/install/person_msgs/share/person_msgs/hook/pythonpath.sh'
[9.773s] Level 1:colcon.colcon_core.environment:checking '/home/kobayashi/ros2_ws/install/person_msgs/bin'
[9.821s] INFO:colcon.colcon_core.shell:Creating package script '/home/kobayashi/ros2_ws/install/person_msgs/share/person_msgs/package.ps1'
[9.822s] INFO:colcon.colcon_core.shell:Creating package descriptor '/home/kobayashi/ros2_ws/install/person_msgs/share/person_msgs/package.dsv'
[9.823s] INFO:colcon.colcon_core.shell:Creating package script '/home/kobayashi/ros2_ws/install/person_msgs/share/person_msgs/package.sh'
[9.823s] INFO:colcon.colcon_core.shell:Creating package script '/home/kobayashi/ros2_ws/install/person_msgs/share/person_msgs/package.bash'
[9.824s] INFO:colcon.colcon_core.shell:Creating package script '/home/kobayashi/ros2_ws/install/person_msgs/share/person_msgs/package.zsh'
[9.824s] Level 1:colcon.colcon_core.environment:create_file_with_runtime_dependencies(/home/kobayashi/ros2_ws/install/person_msgs/share/colcon-core/packages/person_msgs)
[9.824s] DEBUG:colcon.colcon_parallel_executor.executor.parallel:closing loop
[9.825s] DEBUG:colcon.colcon_parallel_executor.executor.parallel:loop closed
[9.825s] DEBUG:colcon.colcon_parallel_executor.executor.parallel:run_until_complete finished with '0'
[9.826s] DEBUG:colcon.colcon_core.event_reactor:joining thread
[9.938s] INFO:colcon.colcon_core.plugin_system:Skipping extension 'colcon_notification.desktop_notification.notify_send': Could not find 'notify-send'
[9.938s] INFO:colcon.colcon_core.plugin_system:Skipping extension 'colcon_notification.desktop_notification.terminal_notifier': Not used on non-Darwin systems
[9.938s] INFO:colcon.colcon_core.plugin_system:Skipping extension 'colcon_notification.desktop_notification.win32': Not used on non-Windows systems
[9.938s] INFO:colcon.colcon_notification.desktop_notification:Sending desktop notification using 'notify2'
[9.947s] DEBUG:colcon.colcon_notification.desktop_notification.notify2:Failed to initialize notify2: org.freedesktop.DBus.Error.ServiceUnknown: The name org.freedesktop.Notifications was not provided by any .service files
[9.947s] DEBUG:colcon.colcon_core.event_reactor:joined thread
[9.991s] INFO:colcon.colcon_core.shell:Creating prefix script '/home/kobayashi/ros2_ws/install/local_setup.ps1'
[9.992s] INFO:colcon.colcon_core.shell:Creating prefix util module '/home/kobayashi/ros2_ws/install/_local_setup_util_ps1.py'
[9.993s] INFO:colcon.colcon_core.shell:Creating prefix chain script '/home/kobayashi/ros2_ws/install/setup.ps1'
[10.022s] INFO:colcon.colcon_core.shell:Creating prefix script '/home/kobayashi/ros2_ws/install/local_setup.sh'
[10.023s] INFO:colcon.colcon_core.shell:Creating prefix util module '/home/kobayashi/ros2_ws/install/_local_setup_util_sh.py'
[10.023s] INFO:colcon.colcon_core.shell:Creating prefix chain script '/home/kobayashi/ros2_ws/install/setup.sh'
[10.058s] INFO:colcon.colcon_core.shell:Creating prefix script '/home/kobayashi/ros2_ws/install/local_setup.bash'
[10.059s] INFO:colcon.colcon_core.shell:Creating prefix chain script '/home/kobayashi/ros2_ws/install/setup.bash'
[10.096s] INFO:colcon.colcon_core.shell:Creating prefix script '/home/kobayashi/ros2_ws/install/local_setup.zsh'
[10.096s] INFO:colcon.colcon_core.shell:Creating prefix chain script '/home/kobayashi/ros2_ws/install/setup.zsh'
