[0.515s] Invoking command in '/home/kobayashi/ros2_ws/build/person_msgs': CMAKE_PREFIX_PATH=/home/kobayashi/ros2_ws/install/mypkg:/opt/ros/foxy /usr/bin/cmake /home/kobayashi/ros2_ws/scr/person_msgs -DCMAKE_INSTALL_PREFIX=/home/kobayashi/ros2_ws/install/person_msgs
[0.528s] -- Found ament_cmake: 0.9.12 (/opt/ros/foxy/share/ament_cmake/cmake)
[0.548s] -- Found PythonInterp: /usr/bin/python3 (found suitable version "3.8.10", minimum required is "3") 
[0.548s] -- Using PYTHON_EXECUTABLE: /usr/bin/python3
[0.702s] -- Found ament_lint_auto: 0.9.8 (/opt/ros/foxy/share/ament_lint_auto/cmake)
[0.703s] -- Found rosidl_default_generators: 1.0.1 (/opt/ros/foxy/share/rosidl_default_generators/cmake)
[0.704s] -- Using all available rosidl_typesupport_c: rosidl_typesupport_fastrtps_c;rosidl_typesupport_introspection_c
[0.708s] -- Found rosidl_adapter: 1.3.1 (/opt/ros/foxy/share/rosidl_adapter/cmake)
[3.226s] -- Using all available rosidl_typesupport_cpp: rosidl_typesupport_fastrtps_cpp;rosidl_typesupport_introspection_cpp
[3.266s] -- Found PythonInterp: /usr/bin/python3 (found version "3.8.10") 
[3.418s] -- Found ament_cmake_ros: 0.9.2 (/opt/ros/foxy/share/ament_cmake_ros/cmake)
[5.966s] -- Using all available rosidl_typesupport_c: rosidl_typesupport_fastrtps_c;rosidl_typesupport_introspection_c
[5.992s] -- Using all available rosidl_typesupport_cpp: rosidl_typesupport_fastrtps_cpp;rosidl_typesupport_introspection_cpp
[6.035s] -- Found PythonInterp: /usr/bin/python3 (found suitable version "3.8.10", minimum required is "3.5") 
[6.040s] -- Found python_cmake_module: 0.8.1 (/opt/ros/foxy/share/python_cmake_module/cmake)
[6.551s] -- Found PythonLibs: /usr/lib/x86_64-linux-gnu/libpython3.8.so (found suitable version "3.8.10", minimum required is "3.5") 
[6.551s] -- Using PYTHON_EXECUTABLE: /usr/bin/python3
[6.551s] -- Using PYTHON_INCLUDE_DIRS: /usr/include/python3.8
[6.551s] -- Using PYTHON_LIBRARIES: /usr/lib/x86_64-linux-gnu/libpython3.8.so
[6.571s] -- Found PythonExtra: .so  
[6.741s] -- Added test 'copyright' to check source files copyright and LICENSE
[6.749s] -- Added test 'cppcheck' to perform static code analysis on C / C++ code
[6.751s] -- Configured cppcheck include dirs: 
[6.751s] -- Configured cppcheck exclude dirs and/or files: 
[6.759s] -- Added test 'cpplint' to check C / C++ code against the Google style
[6.759s] -- Configured cpplint exclude dirs and/or files: 
[6.762s] -- Added test 'flake8' to check Python code syntax and style conventions
[6.766s] -- Added test 'lint_cmake' to check CMake code style
[6.768s] -- Added test 'pep257' to check Python code against some of the style conventions in PEP 257
[6.774s] -- Added test 'uncrustify' to check C / C++ code style
[6.775s] -- Configured uncrustify additional arguments: 
[6.777s] -- Added test 'xmllint' to check XML markup files
[6.802s] -- Configuring done
[6.863s] -- Generating done
[6.866s] -- Build files have been written to: /home/kobayashi/ros2_ws/build/person_msgs
[6.874s] Invoked command in '/home/kobayashi/ros2_ws/build/person_msgs' returned '0': CMAKE_PREFIX_PATH=/home/kobayashi/ros2_ws/install/mypkg:/opt/ros/foxy /usr/bin/cmake /home/kobayashi/ros2_ws/scr/person_msgs -DCMAKE_INSTALL_PREFIX=/home/kobayashi/ros2_ws/install/person_msgs
[6.877s] Invoking command in '/home/kobayashi/ros2_ws/build/person_msgs': CMAKE_PREFIX_PATH=/home/kobayashi/ros2_ws/install/mypkg:/opt/ros/foxy /usr/bin/cmake --build /home/kobayashi/ros2_ws/build/person_msgs -- -j8 -l8
[6.916s] [  3%] [34m[1mGenerating C code for ROS interfaces[0m
[6.916s] [35m[1mScanning dependencies of target person_msgs__cpp[0m
[6.926s] [  6%] [34m[1mGenerating C++ code for ROS interfaces[0m
[7.179s] [  6%] Built target person_msgs__cpp
[7.188s] [ 12%] [34m[1mGenerating C++ type support for eProsima Fast-RTPS[0m
[7.188s] [ 12%] [34m[1mGenerating C++ introspection for ROS interfaces[0m
[7.191s] [ 16%] [34m[1mGenerating C++ type support dispatch for ROS interfaces[0m
[7.191s] [35m[1mScanning dependencies of target person_msgs__rosidl_generator_c[0m
[7.210s] [ 19%] [32mBuilding C object CMakeFiles/person_msgs__rosidl_generator_c.dir/rosidl_generator_c/person_msgs/msg/detail/person__functions.c.o[0m
[7.307s] [ 22%] [32m[1mLinking C shared library libperson_msgs__rosidl_generator_c.so[0m
[7.402s] [ 22%] Built target person_msgs__rosidl_generator_c
[7.413s] [ 25%] [34m[1mGenerating C introspection for ROS interfaces[0m
[7.415s] [ 29%] [34m[1mGenerating C type support dispatch for ROS interfaces[0m
[7.417s] [35m[1mScanning dependencies of target person_msgs__rosidl_typesupport_introspection_cpp[0m
[7.423s] [35m[1mScanning dependencies of target person_msgs__rosidl_typesupport_cpp[0m
[7.437s] [ 32%] [32mBuilding CXX object CMakeFiles/person_msgs__rosidl_typesupport_introspection_cpp.dir/rosidl_typesupport_introspection_cpp/person_msgs/msg/detail/person__type_support.cpp.o[0m
[7.439s] [ 35%] [32mBuilding CXX object CMakeFiles/person_msgs__rosidl_typesupport_cpp.dir/rosidl_typesupport_cpp/person_msgs/msg/person__type_support.cpp.o[0m
[7.453s] [35m[1mScanning dependencies of target person_msgs__rosidl_typesupport_fastrtps_cpp[0m
[7.479s] [ 38%] [32mBuilding CXX object CMakeFiles/person_msgs__rosidl_typesupport_fastrtps_cpp.dir/rosidl_typesupport_fastrtps_cpp/person_msgs/msg/detail/dds_fastrtps/person__type_support.cpp.o[0m
[7.675s] [35m[1mScanning dependencies of target person_msgs__rosidl_typesupport_c[0m
[7.689s] [ 41%] [32mBuilding CXX object CMakeFiles/person_msgs__rosidl_typesupport_c.dir/rosidl_typesupport_c/person_msgs/msg/person__type_support.cpp.o[0m
[7.710s] [35m[1mScanning dependencies of target person_msgs__rosidl_typesupport_introspection_c[0m
[7.725s] [ 45%] [32m[1mLinking CXX shared library libperson_msgs__rosidl_typesupport_c.so[0m
[7.725s] [ 48%] [32mBuilding C object CMakeFiles/person_msgs__rosidl_typesupport_introspection_c.dir/rosidl_typesupport_introspection_c/person_msgs/msg/detail/person__type_support.c.o[0m
[7.769s] [ 51%] [32m[1mLinking C shared library libperson_msgs__rosidl_typesupport_introspection_c.so[0m
[7.831s] [ 51%] Built target person_msgs__rosidl_typesupport_c
[7.849s] [ 54%] [32m[1mLinking CXX shared library libperson_msgs__rosidl_typesupport_introspection_cpp.so[0m
[7.865s] [ 54%] Built target person_msgs__rosidl_typesupport_introspection_c
[7.880s] [ 58%] [32m[1mLinking CXX shared library libperson_msgs__rosidl_typesupport_cpp.so[0m
[7.980s] [ 58%] Built target person_msgs__rosidl_typesupport_cpp
[7.983s] [ 58%] Built target person_msgs__rosidl_typesupport_introspection_cpp
[8.037s] [ 61%] [32m[1mLinking CXX shared library libperson_msgs__rosidl_typesupport_fastrtps_cpp.so[0m
[8.219s] [ 61%] Built target person_msgs__rosidl_typesupport_fastrtps_cpp
[8.238s] [ 64%] [34m[1mGenerating C type support for eProsima Fast-RTPS[0m
[8.480s] [35m[1mScanning dependencies of target person_msgs__rosidl_typesupport_fastrtps_c[0m
[8.498s] [ 67%] [32mBuilding CXX object CMakeFiles/person_msgs__rosidl_typesupport_fastrtps_c.dir/rosidl_typesupport_fastrtps_c/person_msgs/msg/detail/person__type_support_c.cpp.o[0m
[8.814s] [ 70%] [32m[1mLinking CXX shared library libperson_msgs__rosidl_typesupport_fastrtps_c.so[0m
[8.953s] [ 70%] Built target person_msgs__rosidl_typesupport_fastrtps_c
[8.969s] [35m[1mScanning dependencies of target person_msgs[0m
[8.989s] [ 70%] Built target person_msgs
[9.010s] [35m[1mScanning dependencies of target person_msgs__py[0m
[9.030s] [ 74%] [34m[1mGenerating Python code for ROS interfaces[0m
[9.509s] [ 74%] Built target person_msgs__py
[9.521s] [35m[1mScanning dependencies of target person_msgs__python[0m
[9.632s] [ 77%] [32mBuilding C object CMakeFiles/person_msgs__python.dir/rosidl_generator_py/person_msgs/msg/_person_s.c.o[0m
[9.812s] [ 80%] [32m[1mLinking C shared library rosidl_generator_py/person_msgs/libperson_msgs__python.so[0m
[10.012s] [ 80%] Built target person_msgs__python
[10.022s] [35m[1mScanning dependencies of target person_msgs__rosidl_typesupport_introspection_c__pyext[0m
[10.022s] [35m[1mScanning dependencies of target person_msgs__rosidl_typesupport_c__pyext[0m
[10.023s] [35m[1mScanning dependencies of target person_msgs__rosidl_typesupport_fastrtps_c__pyext[0m
[10.040s] [ 87%] [32mBuilding C object CMakeFiles/person_msgs__rosidl_typesupport_fastrtps_c__pyext.dir/rosidl_generator_py/person_msgs/_person_msgs_s.ep.rosidl_typesupport_fastrtps_c.c.o[0m
[10.040s] [ 87%] [32mBuilding C object CMakeFiles/person_msgs__rosidl_typesupport_introspection_c__pyext.dir/rosidl_generator_py/person_msgs/_person_msgs_s.ep.rosidl_typesupport_introspection_c.c.o[0m
[10.040s] [ 90%] [32mBuilding C object CMakeFiles/person_msgs__rosidl_typesupport_c__pyext.dir/rosidl_generator_py/person_msgs/_person_msgs_s.ep.rosidl_typesupport_c.c.o[0m
[10.113s] [ 93%] [32m[1mLinking C shared library rosidl_generator_py/person_msgs/person_msgs_s__rosidl_typesupport_introspection_c.cpython-38-x86_64-linux-gnu.so[0m
[10.116s] [100%] [32m[1mLinking CXX shared library rosidl_generator_py/person_msgs/person_msgs_s__rosidl_typesupport_fastrtps_c.cpython-38-x86_64-linux-gnu.so[0m
[10.116s] [100%] [32m[1mLinking C shared library rosidl_generator_py/person_msgs/person_msgs_s__rosidl_typesupport_c.cpython-38-x86_64-linux-gnu.so[0m
[10.187s] [100%] Built target person_msgs__rosidl_typesupport_c__pyext
[10.188s] [100%] Built target person_msgs__rosidl_typesupport_introspection_c__pyext
[10.215s] [100%] Built target person_msgs__rosidl_typesupport_fastrtps_c__pyext
[10.228s] Invoked command in '/home/kobayashi/ros2_ws/build/person_msgs' returned '0': CMAKE_PREFIX_PATH=/home/kobayashi/ros2_ws/install/mypkg:/opt/ros/foxy /usr/bin/cmake --build /home/kobayashi/ros2_ws/build/person_msgs -- -j8 -l8
[10.297s] Invoking command in '/home/kobayashi/ros2_ws/build/person_msgs': CMAKE_PREFIX_PATH=/home/kobayashi/ros2_ws/install/mypkg:/opt/ros/foxy /usr/bin/cmake --install /home/kobayashi/ros2_ws/build/person_msgs
[10.308s] -- Install configuration: ""
[10.308s] -- Installing: /home/kobayashi/ros2_ws/install/person_msgs/share/ament_index/resource_index/rosidl_interfaces/person_msgs
[10.309s] -- Installing: /home/kobayashi/ros2_ws/install/person_msgs/include/person_msgs
[10.309s] -- Installing: /home/kobayashi/ros2_ws/install/person_msgs/include/person_msgs/msg
[10.309s] -- Installing: /home/kobayashi/ros2_ws/install/person_msgs/include/person_msgs/msg/person.h
[10.310s] -- Installing: /home/kobayashi/ros2_ws/install/person_msgs/include/person_msgs/msg/rosidl_generator_c__visibility_control.h
[10.310s] -- Installing: /home/kobayashi/ros2_ws/install/person_msgs/include/person_msgs/msg/detail
[10.310s] -- Installing: /home/kobayashi/ros2_ws/install/person_msgs/include/person_msgs/msg/detail/person__functions.c
[10.310s] -- Installing: /home/kobayashi/ros2_ws/install/person_msgs/include/person_msgs/msg/detail/person__type_support.h
[10.310s] -- Installing: /home/kobayashi/ros2_ws/install/person_msgs/include/person_msgs/msg/detail/person__functions.h
[10.310s] -- Installing: /home/kobayashi/ros2_ws/install/person_msgs/include/person_msgs/msg/detail/person__struct.h
[10.311s] -- Installing: /home/kobayashi/ros2_ws/install/person_msgs/share/person_msgs/environment/library_path.sh
[10.311s] -- Installing: /home/kobayashi/ros2_ws/install/person_msgs/share/person_msgs/environment/library_path.dsv
[10.311s] -- Installing: /home/kobayashi/ros2_ws/install/person_msgs/lib/libperson_msgs__rosidl_generator_c.so
[10.311s] -- Set runtime path of "/home/kobayashi/ros2_ws/install/person_msgs/lib/libperson_msgs__rosidl_generator_c.so" to ""
[10.312s] -- Up-to-date: /home/kobayashi/ros2_ws/install/person_msgs/include/person_msgs
[10.312s] -- Up-to-date: /home/kobayashi/ros2_ws/install/person_msgs/include/person_msgs/msg
[10.312s] -- Installing: /home/kobayashi/ros2_ws/install/person_msgs/include/person_msgs/msg/rosidl_typesupport_fastrtps_c__visibility_control.h
[10.312s] -- Up-to-date: /home/kobayashi/ros2_ws/install/person_msgs/include/person_msgs/msg/detail
[10.312s] -- Installing: /home/kobayashi/ros2_ws/install/person_msgs/include/person_msgs/msg/detail/person__rosidl_typesupport_fastrtps_c.h
[10.313s] -- Installing: /home/kobayashi/ros2_ws/install/person_msgs/lib/libperson_msgs__rosidl_typesupport_fastrtps_c.so
[10.313s] -- Set runtime path of "/home/kobayashi/ros2_ws/install/person_msgs/lib/libperson_msgs__rosidl_typesupport_fastrtps_c.so" to ""
[10.313s] -- Up-to-date: /home/kobayashi/ros2_ws/install/person_msgs/include/person_msgs
[10.313s] -- Up-to-date: /home/kobayashi/ros2_ws/install/person_msgs/include/person_msgs/msg
[10.313s] -- Installing: /home/kobayashi/ros2_ws/install/person_msgs/include/person_msgs/msg/rosidl_typesupport_fastrtps_cpp__visibility_control.h
[10.314s] -- Up-to-date: /home/kobayashi/ros2_ws/install/person_msgs/include/person_msgs/msg/detail
[10.314s] -- Installing: /home/kobayashi/ros2_ws/install/person_msgs/include/person_msgs/msg/detail/dds_fastrtps
[10.314s] -- Installing: /home/kobayashi/ros2_ws/install/person_msgs/include/person_msgs/msg/detail/person__rosidl_typesupport_fastrtps_cpp.hpp
[10.314s] -- Installing: /home/kobayashi/ros2_ws/install/person_msgs/lib/libperson_msgs__rosidl_typesupport_fastrtps_cpp.so
[10.314s] -- Set runtime path of "/home/kobayashi/ros2_ws/install/person_msgs/lib/libperson_msgs__rosidl_typesupport_fastrtps_cpp.so" to ""
[10.315s] -- Up-to-date: /home/kobayashi/ros2_ws/install/person_msgs/include/person_msgs
[10.315s] -- Up-to-date: /home/kobayashi/ros2_ws/install/person_msgs/include/person_msgs/msg
[10.315s] -- Installing: /home/kobayashi/ros2_ws/install/person_msgs/include/person_msgs/msg/rosidl_typesupport_introspection_c__visibility_control.h
[10.315s] -- Up-to-date: /home/kobayashi/ros2_ws/install/person_msgs/include/person_msgs/msg/detail
[10.315s] -- Installing: /home/kobayashi/ros2_ws/install/person_msgs/include/person_msgs/msg/detail/person__type_support.c
[10.316s] -- Installing: /home/kobayashi/ros2_ws/install/person_msgs/include/person_msgs/msg/detail/person__rosidl_typesupport_introspection_c.h
[10.316s] -- Installing: /home/kobayashi/ros2_ws/install/person_msgs/lib/libperson_msgs__rosidl_typesupport_introspection_c.so
[10.316s] -- Set runtime path of "/home/kobayashi/ros2_ws/install/person_msgs/lib/libperson_msgs__rosidl_typesupport_introspection_c.so" to ""
[10.316s] -- Installing: /home/kobayashi/ros2_ws/install/person_msgs/lib/libperson_msgs__rosidl_typesupport_c.so
[10.316s] -- Set runtime path of "/home/kobayashi/ros2_ws/install/person_msgs/lib/libperson_msgs__rosidl_typesupport_c.so" to ""
[10.316s] -- Up-to-date: /home/kobayashi/ros2_ws/install/person_msgs/include/person_msgs
[10.317s] -- Up-to-date: /home/kobayashi/ros2_ws/install/person_msgs/include/person_msgs/msg
[10.317s] -- Installing: /home/kobayashi/ros2_ws/install/person_msgs/include/person_msgs/msg/person.hpp
[10.317s] -- Installing: /home/kobayashi/ros2_ws/install/person_msgs/include/person_msgs/msg/rosidl_generator_cpp__visibility_control.hpp
[10.317s] -- Up-to-date: /home/kobayashi/ros2_ws/install/person_msgs/include/person_msgs/msg/detail
[10.317s] -- Installing: /home/kobayashi/ros2_ws/install/person_msgs/include/person_msgs/msg/detail/person__builder.hpp
[10.317s] -- Installing: /home/kobayashi/ros2_ws/install/person_msgs/include/person_msgs/msg/detail/person__type_support.hpp
[10.317s] -- Installing: /home/kobayashi/ros2_ws/install/person_msgs/include/person_msgs/msg/detail/person__traits.hpp
[10.317s] -- Installing: /home/kobayashi/ros2_ws/install/person_msgs/include/person_msgs/msg/detail/person__struct.hpp
[10.318s] -- Up-to-date: /home/kobayashi/ros2_ws/install/person_msgs/include/person_msgs
[10.318s] -- Up-to-date: /home/kobayashi/ros2_ws/install/person_msgs/include/person_msgs/msg
[10.318s] -- Up-to-date: /home/kobayashi/ros2_ws/install/person_msgs/include/person_msgs/msg/detail
[10.318s] -- Installing: /home/kobayashi/ros2_ws/install/person_msgs/include/person_msgs/msg/detail/person__rosidl_typesupport_introspection_cpp.hpp
[10.318s] -- Installing: /home/kobayashi/ros2_ws/install/person_msgs/include/person_msgs/msg/detail/person__type_support.cpp
[10.318s] -- Installing: /home/kobayashi/ros2_ws/install/person_msgs/lib/libperson_msgs__rosidl_typesupport_introspection_cpp.so
[10.318s] -- Set runtime path of "/home/kobayashi/ros2_ws/install/person_msgs/lib/libperson_msgs__rosidl_typesupport_introspection_cpp.so" to ""
[10.318s] -- Installing: /home/kobayashi/ros2_ws/install/person_msgs/lib/libperson_msgs__rosidl_typesupport_cpp.so
[10.318s] -- Set runtime path of "/home/kobayashi/ros2_ws/install/person_msgs/lib/libperson_msgs__rosidl_typesupport_cpp.so" to ""
[10.318s] -- Installing: /home/kobayashi/ros2_ws/install/person_msgs/share/person_msgs/environment/pythonpath.sh
[10.318s] -- Installing: /home/kobayashi/ros2_ws/install/person_msgs/share/person_msgs/environment/pythonpath.dsv
[10.318s] -- Installing: /home/kobayashi/ros2_ws/install/person_msgs/lib/python3.8/site-packages/person_msgs/__init__.py
[10.349s] Compiling '/home/kobayashi/ros2_ws/install/person_msgs/lib/python3.8/site-packages/person_msgs/__init__.py'...
[10.353s] -- Installing: /home/kobayashi/ros2_ws/install/person_msgs/lib/python3.8/site-packages/person_msgs/msg
[10.353s] -- Installing: /home/kobayashi/ros2_ws/install/person_msgs/lib/python3.8/site-packages/person_msgs/msg/_person.py
[10.354s] -- Installing: /home/kobayashi/ros2_ws/install/person_msgs/lib/python3.8/site-packages/person_msgs/msg/_person_s.c
[10.354s] -- Installing: /home/kobayashi/ros2_ws/install/person_msgs/lib/python3.8/site-packages/person_msgs/msg/__init__.py
[10.354s] -- Installing: /home/kobayashi/ros2_ws/install/person_msgs/lib/python3.8/site-packages/person_msgs/person_msgs_s__rosidl_typesupport_fastrtps_c.cpython-38-x86_64-linux-gnu.so
[10.354s] -- Set runtime path of "/home/kobayashi/ros2_ws/install/person_msgs/lib/python3.8/site-packages/person_msgs/person_msgs_s__rosidl_typesupport_fastrtps_c.cpython-38-x86_64-linux-gnu.so" to ""
[10.354s] -- Installing: /home/kobayashi/ros2_ws/install/person_msgs/lib/python3.8/site-packages/person_msgs/person_msgs_s__rosidl_typesupport_introspection_c.cpython-38-x86_64-linux-gnu.so
[10.355s] -- Set runtime path of "/home/kobayashi/ros2_ws/install/person_msgs/lib/python3.8/site-packages/person_msgs/person_msgs_s__rosidl_typesupport_introspection_c.cpython-38-x86_64-linux-gnu.so" to ""
[10.355s] -- Installing: /home/kobayashi/ros2_ws/install/person_msgs/lib/python3.8/site-packages/person_msgs/person_msgs_s__rosidl_typesupport_c.cpython-38-x86_64-linux-gnu.so
[10.355s] -- Set runtime path of "/home/kobayashi/ros2_ws/install/person_msgs/lib/python3.8/site-packages/person_msgs/person_msgs_s__rosidl_typesupport_c.cpython-38-x86_64-linux-gnu.so" to ""
[10.355s] -- Installing: /home/kobayashi/ros2_ws/install/person_msgs/lib/libperson_msgs__python.so
[10.356s] -- Set runtime path of "/home/kobayashi/ros2_ws/install/person_msgs/lib/libperson_msgs__python.so" to ""
[10.356s] -- Installing: /home/kobayashi/ros2_ws/install/person_msgs/share/person_msgs/msg/Person.idl
[10.356s] -- Installing: /home/kobayashi/ros2_ws/install/person_msgs/share/person_msgs/msg/Person.msg
[10.356s] -- Installing: /home/kobayashi/ros2_ws/install/person_msgs/share/ament_index/resource_index/package_run_dependencies/person_msgs
[10.357s] -- Installing: /home/kobayashi/ros2_ws/install/person_msgs/share/ament_index/resource_index/parent_prefix_path/person_msgs
[10.357s] -- Installing: /home/kobayashi/ros2_ws/install/person_msgs/share/person_msgs/environment/ament_prefix_path.sh
[10.357s] -- Installing: /home/kobayashi/ros2_ws/install/person_msgs/share/person_msgs/environment/ament_prefix_path.dsv
[10.357s] -- Installing: /home/kobayashi/ros2_ws/install/person_msgs/share/person_msgs/environment/path.sh
[10.357s] -- Installing: /home/kobayashi/ros2_ws/install/person_msgs/share/person_msgs/environment/path.dsv
[10.358s] -- Installing: /home/kobayashi/ros2_ws/install/person_msgs/share/person_msgs/local_setup.bash
[10.358s] -- Installing: /home/kobayashi/ros2_ws/install/person_msgs/share/person_msgs/local_setup.sh
[10.358s] -- Installing: /home/kobayashi/ros2_ws/install/person_msgs/share/person_msgs/local_setup.zsh
[10.358s] -- Installing: /home/kobayashi/ros2_ws/install/person_msgs/share/person_msgs/local_setup.dsv
[10.358s] -- Installing: /home/kobayashi/ros2_ws/install/person_msgs/share/person_msgs/package.dsv
[10.358s] -- Installing: /home/kobayashi/ros2_ws/install/person_msgs/share/ament_index/resource_index/packages/person_msgs
[10.358s] -- Installing: /home/kobayashi/ros2_ws/install/person_msgs/share/person_msgs/cmake/person_msgs__rosidl_generator_cExport.cmake
[10.359s] -- Installing: /home/kobayashi/ros2_ws/install/person_msgs/share/person_msgs/cmake/person_msgs__rosidl_generator_cExport-noconfig.cmake
[10.359s] -- Installing: /home/kobayashi/ros2_ws/install/person_msgs/share/person_msgs/cmake/person_msgs__rosidl_typesupport_introspection_cExport.cmake
[10.359s] -- Installing: /home/kobayashi/ros2_ws/install/person_msgs/share/person_msgs/cmake/person_msgs__rosidl_typesupport_introspection_cExport-noconfig.cmake
[10.359s] -- Installing: /home/kobayashi/ros2_ws/install/person_msgs/share/person_msgs/cmake/person_msgs__rosidl_typesupport_cExport.cmake
[10.359s] -- Installing: /home/kobayashi/ros2_ws/install/person_msgs/share/person_msgs/cmake/person_msgs__rosidl_typesupport_cExport-noconfig.cmake
[10.360s] -- Installing: /home/kobayashi/ros2_ws/install/person_msgs/share/person_msgs/cmake/person_msgs__rosidl_generator_cppExport.cmake
[10.360s] -- Installing: /home/kobayashi/ros2_ws/install/person_msgs/share/person_msgs/cmake/person_msgs__rosidl_typesupport_introspection_cppExport.cmake
[10.360s] -- Installing: /home/kobayashi/ros2_ws/install/person_msgs/share/person_msgs/cmake/person_msgs__rosidl_typesupport_introspection_cppExport-noconfig.cmake
[10.360s] -- Installing: /home/kobayashi/ros2_ws/install/person_msgs/share/person_msgs/cmake/person_msgs__rosidl_typesupport_cppExport.cmake
[10.360s] -- Installing: /home/kobayashi/ros2_ws/install/person_msgs/share/person_msgs/cmake/person_msgs__rosidl_typesupport_cppExport-noconfig.cmake
[10.360s] -- Installing: /home/kobayashi/ros2_ws/install/person_msgs/share/person_msgs/cmake/rosidl_cmake-extras.cmake
[10.361s] -- Installing: /home/kobayashi/ros2_ws/install/person_msgs/share/person_msgs/cmake/ament_cmake_export_dependencies-extras.cmake
[10.361s] -- Installing: /home/kobayashi/ros2_ws/install/person_msgs/share/person_msgs/cmake/ament_cmake_export_libraries-extras.cmake
[10.361s] -- Installing: /home/kobayashi/ros2_ws/install/person_msgs/share/person_msgs/cmake/ament_cmake_export_targets-extras.cmake
[10.361s] -- Installing: /home/kobayashi/ros2_ws/install/person_msgs/share/person_msgs/cmake/ament_cmake_export_include_directories-extras.cmake
[10.361s] -- Installing: /home/kobayashi/ros2_ws/install/person_msgs/share/person_msgs/cmake/rosidl_cmake_export_typesupport_libraries-extras.cmake
[10.361s] -- Installing: /home/kobayashi/ros2_ws/install/person_msgs/share/person_msgs/cmake/rosidl_cmake_export_typesupport_targets-extras.cmake
[10.361s] -- Installing: /home/kobayashi/ros2_ws/install/person_msgs/share/person_msgs/cmake/person_msgsConfig.cmake
[10.362s] -- Installing: /home/kobayashi/ros2_ws/install/person_msgs/share/person_msgs/cmake/person_msgsConfig-version.cmake
[10.362s] -- Installing: /home/kobayashi/ros2_ws/install/person_msgs/share/person_msgs/package.xml
[10.363s] Invoked command in '/home/kobayashi/ros2_ws/build/person_msgs' returned '0': CMAKE_PREFIX_PATH=/home/kobayashi/ros2_ws/install/mypkg:/opt/ros/foxy /usr/bin/cmake --install /home/kobayashi/ros2_ws/build/person_msgs
