[1.990s] DEBUG:colcon:Command line arguments: ['/usr/bin/colcon', 'build']
[1.990s] DEBUG:colcon:Parsed command line arguments: Namespace(allow_overriding=[], ament_cmake_args=None, base_paths=['.'], build_base='build', catkin_cmake_args=None, catkin_skip_building_tests=False, cmake_args=None, cmake_clean_cache=False, cmake_clean_first=False, cmake_force_configure=False, cmake_target=None, cmake_target_skip_unavailable=False, continue_on_error=False, event_handlers=None, executor='parallel', ignore_user_meta=False, install_base='install', log_base=None, log_level=None, main=<bound method BuildVerb.main of <colcon_core.verb.build.BuildVerb object at 0x7f979b179e50>>, merge_install=False, metas=['./colcon.meta'], packages_above=None, packages_above_and_dependencies=None, packages_above_depth=None, packages_end=None, packages_ignore=None, packages_ignore_regex=None, packages_select=None, packages_select_build_failed=False, packages_select_by_dep=None, packages_select_regex=None, packages_select_test_failures=False, packages_skip=None, packages_skip_build_finished=False, packages_skip_by_dep=None, packages_skip_regex=None, packages_skip_test_passed=False, packages_skip_up_to=None, packages_start=None, packages_up_to=None, packages_up_to_regex=None, parallel_workers=8, paths=None, symlink_install=False, test_result_base=None, verb_extension=<colcon_core.verb.build.BuildVerb object at 0x7f979b179e50>, verb_name='build', verb_parser=<colcon_defaults.argument_parser.defaults.DefaultArgumentsDecorator object at 0x7f979ada0fd0>)
[2.093s] Level 1:colcon.colcon_core.package_discovery:discover_packages(colcon_meta) check parameters
[2.093s] Level 1:colcon.colcon_core.package_discovery:discover_packages(recursive) check parameters
[2.093s] Level 1:colcon.colcon_core.package_discovery:discover_packages(ignore) check parameters
[2.094s] Level 1:colcon.colcon_core.package_discovery:discover_packages(path) check parameters
[2.094s] Level 1:colcon.colcon_core.package_discovery:discover_packages(colcon_meta) discover
[2.094s] Level 1:colcon.colcon_core.package_discovery:discover_packages(recursive) discover
[2.094s] INFO:colcon.colcon_core.package_discovery:Crawling recursively for packages in '/home/kobayashi/ros2_ws'
[2.094s] Level 1:colcon.colcon_core.package_identification:_identify(.) by extensions ['ignore', 'ignore_ament_install']
[2.094s] Level 1:colcon.colcon_core.package_identification:_identify(.) by extension 'ignore'
[2.094s] Level 1:colcon.colcon_core.package_identification:_identify(.) by extension 'ignore_ament_install'
[2.094s] Level 1:colcon.colcon_core.package_identification:_identify(.) by extensions ['colcon_pkg']
[2.094s] Level 1:colcon.colcon_core.package_identification:_identify(.) by extension 'colcon_pkg'
[2.094s] Level 1:colcon.colcon_core.package_identification:_identify(.) by extensions ['colcon_meta']
[2.095s] Level 1:colcon.colcon_core.package_identification:_identify(.) by extension 'colcon_meta'
[2.095s] Level 1:colcon.colcon_core.package_identification:_identify(.) by extensions ['ros']
[2.095s] Level 1:colcon.colcon_core.package_identification:_identify(.) by extension 'ros'
[2.110s] Level 1:colcon.colcon_core.package_identification:_identify(.) by extensions ['cmake', 'python']
[2.110s] Level 1:colcon.colcon_core.package_identification:_identify(.) by extension 'cmake'
[2.110s] Level 1:colcon.colcon_core.package_identification:_identify(.) by extension 'python'
[2.110s] Level 1:colcon.colcon_core.package_identification:_identify(.) by extensions ['python_setup_py']
[2.110s] Level 1:colcon.colcon_core.package_identification:_identify(.) by extension 'python_setup_py'
[2.110s] Level 1:colcon.colcon_core.package_identification:_identify(build) by extensions ['ignore', 'ignore_ament_install']
[2.111s] Level 1:colcon.colcon_core.package_identification:_identify(build) by extension 'ignore'
[2.111s] Level 1:colcon.colcon_core.package_identification:_identify(build) ignored
[2.111s] Level 1:colcon.colcon_core.package_identification:_identify(install) by extensions ['ignore', 'ignore_ament_install']
[2.111s] Level 1:colcon.colcon_core.package_identification:_identify(install) by extension 'ignore'
[2.111s] Level 1:colcon.colcon_core.package_identification:_identify(install) ignored
[2.111s] Level 1:colcon.colcon_core.package_identification:_identify(log) by extensions ['ignore', 'ignore_ament_install']
[2.111s] Level 1:colcon.colcon_core.package_identification:_identify(log) by extension 'ignore'
[2.111s] Level 1:colcon.colcon_core.package_identification:_identify(log) ignored
[2.111s] Level 1:colcon.colcon_core.package_identification:_identify(scr) by extensions ['ignore', 'ignore_ament_install']
[2.111s] Level 1:colcon.colcon_core.package_identification:_identify(scr) by extension 'ignore'
[2.111s] Level 1:colcon.colcon_core.package_identification:_identify(scr) by extension 'ignore_ament_install'
[2.111s] Level 1:colcon.colcon_core.package_identification:_identify(scr) by extensions ['colcon_pkg']
[2.112s] Level 1:colcon.colcon_core.package_identification:_identify(scr) by extension 'colcon_pkg'
[2.112s] Level 1:colcon.colcon_core.package_identification:_identify(scr) by extensions ['colcon_meta']
[2.112s] Level 1:colcon.colcon_core.package_identification:_identify(scr) by extension 'colcon_meta'
[2.112s] Level 1:colcon.colcon_core.package_identification:_identify(scr) by extensions ['ros']
[2.112s] Level 1:colcon.colcon_core.package_identification:_identify(scr) by extension 'ros'
[2.112s] Level 1:colcon.colcon_core.package_identification:_identify(scr) by extensions ['cmake', 'python']
[2.112s] Level 1:colcon.colcon_core.package_identification:_identify(scr) by extension 'cmake'
[2.112s] Level 1:colcon.colcon_core.package_identification:_identify(scr) by extension 'python'
[2.112s] Level 1:colcon.colcon_core.package_identification:_identify(scr) by extensions ['python_setup_py']
[2.112s] Level 1:colcon.colcon_core.package_identification:_identify(scr) by extension 'python_setup_py'
[2.112s] Level 1:colcon.colcon_core.package_identification:_identify(scr/mypkg) by extensions ['ignore', 'ignore_ament_install']
[2.112s] Level 1:colcon.colcon_core.package_identification:_identify(scr/mypkg) by extension 'ignore'
[2.112s] Level 1:colcon.colcon_core.package_identification:_identify(scr/mypkg) by extension 'ignore_ament_install'
[2.112s] Level 1:colcon.colcon_core.package_identification:_identify(scr/mypkg) by extensions ['colcon_pkg']
[2.112s] Level 1:colcon.colcon_core.package_identification:_identify(scr/mypkg) by extension 'colcon_pkg'
[2.112s] Level 1:colcon.colcon_core.package_identification:_identify(scr/mypkg) by extensions ['colcon_meta']
[2.112s] Level 1:colcon.colcon_core.package_identification:_identify(scr/mypkg) by extension 'colcon_meta'
[2.112s] Level 1:colcon.colcon_core.package_identification:_identify(scr/mypkg) by extensions ['ros']
[2.112s] Level 1:colcon.colcon_core.package_identification:_identify(scr/mypkg) by extension 'ros'
[2.115s] DEBUG:colcon.colcon_core.package_identification:Package 'scr/mypkg' with type 'ros.ament_python' and name 'mypkg'
[2.115s] Level 1:colcon.colcon_core.package_identification:_identify(scr/person_msgs) by extensions ['ignore', 'ignore_ament_install']
[2.115s] Level 1:colcon.colcon_core.package_identification:_identify(scr/person_msgs) by extension 'ignore'
[2.115s] Level 1:colcon.colcon_core.package_identification:_identify(scr/person_msgs) by extension 'ignore_ament_install'
[2.115s] Level 1:colcon.colcon_core.package_identification:_identify(scr/person_msgs) by extensions ['colcon_pkg']
[2.116s] Level 1:colcon.colcon_core.package_identification:_identify(scr/person_msgs) by extension 'colcon_pkg'
[2.116s] Level 1:colcon.colcon_core.package_identification:_identify(scr/person_msgs) by extensions ['colcon_meta']
[2.116s] Level 1:colcon.colcon_core.package_identification:_identify(scr/person_msgs) by extension 'colcon_meta'
[2.116s] Level 1:colcon.colcon_core.package_identification:_identify(scr/person_msgs) by extensions ['ros']
[2.116s] Level 1:colcon.colcon_core.package_identification:_identify(scr/person_msgs) by extension 'ros'
[2.116s] DEBUG:colcon.colcon_core.package_identification:Package 'scr/person_msgs' with type 'ros.ament_cmake' and name 'person_msgs'
[2.116s] Level 1:colcon.colcon_core.package_discovery:discover_packages(recursive) using defaults
[2.116s] Level 1:colcon.colcon_core.package_discovery:discover_packages(ignore) discover
[2.116s] Level 1:colcon.colcon_core.package_discovery:discover_packages(ignore) using defaults
[2.116s] Level 1:colcon.colcon_core.package_discovery:discover_packages(path) discover
[2.116s] Level 1:colcon.colcon_core.package_discovery:discover_packages(path) using defaults
[2.289s] Level 1:colcon.colcon_core.package_discovery:discover_packages(prefix_path) check parameters
[2.289s] Level 1:colcon.colcon_core.package_discovery:discover_packages(prefix_path) discover
[2.348s] DEBUG:colcon.colcon_installed_package_information.package_discovery:Found 2 installed packages in /home/kobayashi/ros2_ws/install
[2.390s] DEBUG:colcon.colcon_installed_package_information.package_discovery:Found 256 installed packages in /opt/ros/foxy
[2.392s] Level 1:colcon.colcon_core.package_discovery:discover_packages(prefix_path) using defaults
[2.513s] Level 5:colcon.colcon_core.verb:set package 'mypkg' build argument 'cmake_args' from command line to 'None'
[2.513s] Level 5:colcon.colcon_core.verb:set package 'mypkg' build argument 'cmake_target' from command line to 'None'
[2.513s] Level 5:colcon.colcon_core.verb:set package 'mypkg' build argument 'cmake_target_skip_unavailable' from command line to 'False'
[2.513s] Level 5:colcon.colcon_core.verb:set package 'mypkg' build argument 'cmake_clean_cache' from command line to 'False'
[2.513s] Level 5:colcon.colcon_core.verb:set package 'mypkg' build argument 'cmake_clean_first' from command line to 'False'
[2.513s] Level 5:colcon.colcon_core.verb:set package 'mypkg' build argument 'cmake_force_configure' from command line to 'False'
[2.513s] Level 5:colcon.colcon_core.verb:set package 'mypkg' build argument 'ament_cmake_args' from command line to 'None'
[2.513s] Level 5:colcon.colcon_core.verb:set package 'mypkg' build argument 'catkin_cmake_args' from command line to 'None'
[2.513s] Level 5:colcon.colcon_core.verb:set package 'mypkg' build argument 'catkin_skip_building_tests' from command line to 'False'
[2.513s] DEBUG:colcon.colcon_core.verb:Building package 'mypkg' with the following arguments: {'ament_cmake_args': None, 'build_base': '/home/kobayashi/ros2_ws/build/mypkg', 'catkin_cmake_args': None, 'catkin_skip_building_tests': False, 'cmake_args': None, 'cmake_clean_cache': False, 'cmake_clean_first': False, 'cmake_force_configure': False, 'cmake_target': None, 'cmake_target_skip_unavailable': False, 'install_base': '/home/kobayashi/ros2_ws/install/mypkg', 'merge_install': False, 'path': '/home/kobayashi/ros2_ws/scr/mypkg', 'symlink_install': False, 'test_result_base': None}
[2.542s] Level 5:colcon.colcon_core.verb:set package 'person_msgs' build argument 'cmake_args' from command line to 'None'
[2.542s] Level 5:colcon.colcon_core.verb:set package 'person_msgs' build argument 'cmake_target' from command line to 'None'
[2.542s] Level 5:colcon.colcon_core.verb:set package 'person_msgs' build argument 'cmake_target_skip_unavailable' from command line to 'False'
[2.542s] Level 5:colcon.colcon_core.verb:set package 'person_msgs' build argument 'cmake_clean_cache' from command line to 'False'
[2.542s] Level 5:colcon.colcon_core.verb:set package 'person_msgs' build argument 'cmake_clean_first' from command line to 'False'
[2.542s] Level 5:colcon.colcon_core.verb:set package 'person_msgs' build argument 'cmake_force_configure' from command line to 'False'
[2.542s] Level 5:colcon.colcon_core.verb:set package 'person_msgs' build argument 'ament_cmake_args' from command line to 'None'
[2.542s] Level 5:colcon.colcon_core.verb:set package 'person_msgs' build argument 'catkin_cmake_args' from command line to 'None'
[2.543s] Level 5:colcon.colcon_core.verb:set package 'person_msgs' build argument 'catkin_skip_building_tests' from command line to 'False'
[2.543s] DEBUG:colcon.colcon_core.verb:Building package 'person_msgs' with the following arguments: {'ament_cmake_args': None, 'build_base': '/home/kobayashi/ros2_ws/build/person_msgs', 'catkin_cmake_args': None, 'catkin_skip_building_tests': False, 'cmake_args': None, 'cmake_clean_cache': False, 'cmake_clean_first': False, 'cmake_force_configure': False, 'cmake_target': None, 'cmake_target_skip_unavailable': False, 'install_base': '/home/kobayashi/ros2_ws/install/person_msgs', 'merge_install': False, 'path': '/home/kobayashi/ros2_ws/scr/person_msgs', 'symlink_install': False, 'test_result_base': None}
[2.575s] INFO:colcon.colcon_core.executor:Executing jobs using 'parallel' executor
[2.604s] DEBUG:colcon.colcon_parallel_executor.executor.parallel:run_until_complete
[2.604s] INFO:colcon.colcon_ros.task.ament_python.build:Building ROS package in '/home/kobayashi/ros2_ws/scr/mypkg' with build type 'ament_python'
[2.605s] Level 1:colcon.colcon_core.shell:create_environment_hook('mypkg', 'ament_prefix_path')
[2.637s] INFO:colcon.colcon_core.plugin_system:Skipping extension 'colcon_core.shell.bat': Not used on non-Windows systems
[2.637s] INFO:colcon.colcon_core.shell:Creating environment hook '/home/kobayashi/ros2_ws/install/mypkg/share/mypkg/hook/ament_prefix_path.ps1'
[2.638s] INFO:colcon.colcon_core.shell:Creating environment descriptor '/home/kobayashi/ros2_ws/install/mypkg/share/mypkg/hook/ament_prefix_path.dsv'
[2.638s] INFO:colcon.colcon_core.shell:Creating environment hook '/home/kobayashi/ros2_ws/install/mypkg/share/mypkg/hook/ament_prefix_path.sh'
[2.672s] INFO:colcon.colcon_core.shell:Skip shell extension 'powershell' for command environment: Not usable outside of PowerShell
[2.672s] DEBUG:colcon.colcon_core.shell:Skip shell extension 'dsv' for command environment
[2.769s] INFO:colcon.colcon_ros.task.ament_cmake.build:Building ROS package in '/home/kobayashi/ros2_ws/scr/person_msgs' with build type 'ament_cmake'
[2.769s] INFO:colcon.colcon_cmake.task.cmake.build:Building CMake package in '/home/kobayashi/ros2_ws/scr/person_msgs'
[2.815s] INFO:colcon.colcon_core.shell:Skip shell extension 'powershell' for command environment: Not usable outside of PowerShell
[2.815s] DEBUG:colcon.colcon_core.shell:Skip shell extension 'dsv' for command environment
[3.141s] INFO:colcon.colcon_core.task.python.build:Building Python package in '/home/kobayashi/ros2_ws/scr/mypkg'
[3.183s] INFO:colcon.colcon_core.shell:Skip shell extension 'powershell' for command environment: Not usable outside of PowerShell
[3.183s] DEBUG:colcon.colcon_core.shell:Skip shell extension 'dsv' for command environment
[3.283s] DEBUG:colcon.colcon_core.event_handler.log_command:Invoking command in '/home/kobayashi/ros2_ws/build/person_msgs': CMAKE_PREFIX_PATH=/home/kobayashi/ros2_ws/install/mypkg:/opt/ros/foxy /usr/bin/cmake /home/kobayashi/ros2_ws/scr/person_msgs -DCMAKE_INSTALL_PREFIX=/home/kobayashi/ros2_ws/install/person_msgs
[3.661s] DEBUG:colcon.colcon_core.event_handler.log_command:Invoking command in '/home/kobayashi/ros2_ws/scr/mypkg': PYTHONPATH=/home/kobayashi/ros2_ws/build/mypkg/prefix_override:/home/kobayashi/ros2_ws/install/mypkg/lib/python3.8/site-packages:${PYTHONPATH} /usr/bin/python3 setup.py egg_info --egg-base ../../build/mypkg build --build-base /home/kobayashi/ros2_ws/build/mypkg/build install --record /home/kobayashi/ros2_ws/build/mypkg/install.log --install-scripts $base/lib/mypkg --single-version-externally-managed
[3.959s] DEBUG:colcon.colcon_core.event_handler.log_command:Invoked command in '/home/kobayashi/ros2_ws/scr/mypkg' returned '0': PYTHONPATH=/home/kobayashi/ros2_ws/build/mypkg/prefix_override:/home/kobayashi/ros2_ws/install/mypkg/lib/python3.8/site-packages:${PYTHONPATH} /usr/bin/python3 setup.py egg_info --egg-base ../../build/mypkg build --build-base /home/kobayashi/ros2_ws/build/mypkg/build install --record /home/kobayashi/ros2_ws/build/mypkg/install.log --install-scripts $base/lib/mypkg --single-version-externally-managed
[3.998s] Level 1:colcon.colcon_core.environment:checking '/home/kobayashi/ros2_ws/install/mypkg' for CMake module files
[3.999s] Level 1:colcon.colcon_core.environment:checking '/home/kobayashi/ros2_ws/install/mypkg' for CMake config files
[3.999s] Level 1:colcon.colcon_core.environment:checking '/home/kobayashi/ros2_ws/install/mypkg/lib'
[4.000s] Level 1:colcon.colcon_core.environment:checking '/home/kobayashi/ros2_ws/install/mypkg/bin'
[4.000s] Level 1:colcon.colcon_core.environment:checking '/home/kobayashi/ros2_ws/install/mypkg/lib/pkgconfig/mypkg.pc'
[4.000s] Level 1:colcon.colcon_core.environment:checking '/home/kobayashi/ros2_ws/install/mypkg/lib/python3.8/site-packages'
[4.000s] Level 1:colcon.colcon_core.shell:create_environment_hook('mypkg', 'pythonpath')
[4.039s] INFO:colcon.colcon_core.shell:Creating environment hook '/home/kobayashi/ros2_ws/install/mypkg/share/mypkg/hook/pythonpath.ps1'
[4.040s] INFO:colcon.colcon_core.shell:Creating environment descriptor '/home/kobayashi/ros2_ws/install/mypkg/share/mypkg/hook/pythonpath.dsv'
[4.040s] INFO:colcon.colcon_core.shell:Creating environment hook '/home/kobayashi/ros2_ws/install/mypkg/share/mypkg/hook/pythonpath.sh'
[4.041s] Level 1:colcon.colcon_core.environment:checking '/home/kobayashi/ros2_ws/install/mypkg/bin'
[4.041s] Level 1:colcon.colcon_core.environment:create_environment_scripts_only(mypkg)
[4.085s] INFO:colcon.colcon_core.shell:Creating package script '/home/kobayashi/ros2_ws/install/mypkg/share/mypkg/package.ps1'
[4.086s] INFO:colcon.colcon_core.shell:Creating package descriptor '/home/kobayashi/ros2_ws/install/mypkg/share/mypkg/package.dsv'
[4.086s] INFO:colcon.colcon_core.shell:Creating package script '/home/kobayashi/ros2_ws/install/mypkg/share/mypkg/package.sh'
[4.087s] INFO:colcon.colcon_core.shell:Creating package script '/home/kobayashi/ros2_ws/install/mypkg/share/mypkg/package.bash'
[4.088s] INFO:colcon.colcon_core.shell:Creating package script '/home/kobayashi/ros2_ws/install/mypkg/share/mypkg/package.zsh'
[4.089s] Level 1:colcon.colcon_core.environment:create_file_with_runtime_dependencies(/home/kobayashi/ros2_ws/install/mypkg/share/colcon-core/packages/mypkg)
[6.194s] DEBUG:colcon.colcon_core.event_handler.log_command:Invoked command in '/home/kobayashi/ros2_ws/build/person_msgs' returned '1': CMAKE_PREFIX_PATH=/home/kobayashi/ros2_ws/install/mypkg:/opt/ros/foxy /usr/bin/cmake /home/kobayashi/ros2_ws/scr/person_msgs -DCMAKE_INSTALL_PREFIX=/home/kobayashi/ros2_ws/install/person_msgs
[6.204s] Level 1:colcon.colcon_core.environment:create_environment_scripts_only(person_msgs)
[6.242s] Level 1:colcon.colcon_core.environment:checking '/home/kobayashi/ros2_ws/install/person_msgs' for CMake module files
[6.242s] Level 1:colcon.colcon_core.environment:checking '/home/kobayashi/ros2_ws/install/person_msgs' for CMake config files
[6.242s] Level 1:colcon.colcon_core.environment:checking '/home/kobayashi/ros2_ws/install/person_msgs/bin'
[6.242s] Level 1:colcon.colcon_core.environment:checking '/home/kobayashi/ros2_ws/install/person_msgs/lib/pkgconfig/person_msgs.pc'
[6.243s] Level 1:colcon.colcon_core.environment:checking '/home/kobayashi/ros2_ws/install/person_msgs/lib/python3.8/site-packages'
[6.243s] Level 1:colcon.colcon_core.environment:checking '/home/kobayashi/ros2_ws/install/person_msgs/bin'
[6.273s] INFO:colcon.colcon_core.shell:Creating package script '/home/kobayashi/ros2_ws/install/person_msgs/share/person_msgs/package.ps1'
[6.273s] INFO:colcon.colcon_core.shell:Creating package descriptor '/home/kobayashi/ros2_ws/install/person_msgs/share/person_msgs/package.dsv'
[6.273s] INFO:colcon.colcon_core.shell:Creating package script '/home/kobayashi/ros2_ws/install/person_msgs/share/person_msgs/package.sh'
[6.274s] INFO:colcon.colcon_core.shell:Creating package script '/home/kobayashi/ros2_ws/install/person_msgs/share/person_msgs/package.bash'
[6.274s] INFO:colcon.colcon_core.shell:Creating package script '/home/kobayashi/ros2_ws/install/person_msgs/share/person_msgs/package.zsh'
[6.274s] Level 1:colcon.colcon_core.environment:create_file_with_runtime_dependencies(/home/kobayashi/ros2_ws/install/person_msgs/share/colcon-core/packages/person_msgs)
[6.285s] DEBUG:colcon.colcon_parallel_executor.executor.parallel:closing loop
[6.285s] DEBUG:colcon.colcon_parallel_executor.executor.parallel:loop closed
[6.285s] DEBUG:colcon.colcon_parallel_executor.executor.parallel:run_until_complete finished with '1'
[6.286s] DEBUG:colcon.colcon_core.event_reactor:joining thread
[6.367s] INFO:colcon.colcon_core.plugin_system:Skipping extension 'colcon_notification.desktop_notification.notify_send': Could not find 'notify-send'
[6.367s] INFO:colcon.colcon_core.plugin_system:Skipping extension 'colcon_notification.desktop_notification.terminal_notifier': Not used on non-Darwin systems
[6.367s] INFO:colcon.colcon_core.plugin_system:Skipping extension 'colcon_notification.desktop_notification.win32': Not used on non-Windows systems
[6.367s] INFO:colcon.colcon_notification.desktop_notification:Sending desktop notification using 'notify2'
[6.372s] DEBUG:colcon.colcon_notification.desktop_notification.notify2:Failed to initialize notify2: org.freedesktop.DBus.Error.ServiceUnknown: The name org.freedesktop.Notifications was not provided by any .service files
[6.372s] DEBUG:colcon.colcon_core.event_reactor:joined thread
[6.409s] INFO:colcon.colcon_core.shell:Creating prefix script '/home/kobayashi/ros2_ws/install/local_setup.ps1'
[6.410s] INFO:colcon.colcon_core.shell:Creating prefix util module '/home/kobayashi/ros2_ws/install/_local_setup_util_ps1.py'
[6.411s] INFO:colcon.colcon_core.shell:Creating prefix chain script '/home/kobayashi/ros2_ws/install/setup.ps1'
[6.445s] INFO:colcon.colcon_core.shell:Creating prefix script '/home/kobayashi/ros2_ws/install/local_setup.sh'
[6.446s] INFO:colcon.colcon_core.shell:Creating prefix util module '/home/kobayashi/ros2_ws/install/_local_setup_util_sh.py'
[6.447s] INFO:colcon.colcon_core.shell:Creating prefix chain script '/home/kobayashi/ros2_ws/install/setup.sh'
[6.490s] INFO:colcon.colcon_core.shell:Creating prefix script '/home/kobayashi/ros2_ws/install/local_setup.bash'
[6.490s] INFO:colcon.colcon_core.shell:Creating prefix chain script '/home/kobayashi/ros2_ws/install/setup.bash'
[6.523s] INFO:colcon.colcon_core.shell:Creating prefix script '/home/kobayashi/ros2_ws/install/local_setup.zsh'
[6.523s] INFO:colcon.colcon_core.shell:Creating prefix chain script '/home/kobayashi/ros2_ws/install/setup.zsh'
