[1.824s] DEBUG:colcon:Command line arguments: ['/usr/bin/colcon', 'build']
[1.824s] DEBUG:colcon:Parsed command line arguments: Namespace(allow_overriding=[], ament_cmake_args=None, base_paths=['.'], build_base='build', catkin_cmake_args=None, catkin_skip_building_tests=False, cmake_args=None, cmake_clean_cache=False, cmake_clean_first=False, cmake_force_configure=False, cmake_target=None, cmake_target_skip_unavailable=False, continue_on_error=False, event_handlers=None, executor='parallel', ignore_user_meta=False, install_base='install', log_base=None, log_level=None, main=<bound method BuildVerb.main of <colcon_core.verb.build.BuildVerb object at 0x7f9df03b6bb0>>, merge_install=False, metas=['./colcon.meta'], packages_above=None, packages_above_and_dependencies=None, packages_above_depth=None, packages_end=None, packages_ignore=None, packages_ignore_regex=None, packages_select=None, packages_select_build_failed=False, packages_select_by_dep=None, packages_select_regex=None, packages_select_test_failures=False, packages_skip=None, packages_skip_build_finished=False, packages_skip_by_dep=None, packages_skip_regex=None, packages_skip_test_passed=False, packages_skip_up_to=None, packages_start=None, packages_up_to=None, packages_up_to_regex=None, parallel_workers=8, paths=None, symlink_install=False, test_result_base=None, verb_extension=<colcon_core.verb.build.BuildVerb object at 0x7f9df03b6bb0>, verb_name='build', verb_parser=<colcon_defaults.argument_parser.defaults.DefaultArgumentsDecorator object at 0x7f9deff969d0>)
[1.904s] Level 1:colcon.colcon_core.package_discovery:discover_packages(colcon_meta) check parameters
[1.904s] Level 1:colcon.colcon_core.package_discovery:discover_packages(recursive) check parameters
[1.904s] Level 1:colcon.colcon_core.package_discovery:discover_packages(ignore) check parameters
[1.904s] Level 1:colcon.colcon_core.package_discovery:discover_packages(path) check parameters
[1.904s] Level 1:colcon.colcon_core.package_discovery:discover_packages(colcon_meta) discover
[1.904s] Level 1:colcon.colcon_core.package_discovery:discover_packages(recursive) discover
[1.904s] INFO:colcon.colcon_core.package_discovery:Crawling recursively for packages in '/home/kobayashi/robosys202x/ros2_ws'
[1.904s] Level 1:colcon.colcon_core.package_identification:_identify(.) by extensions ['ignore', 'ignore_ament_install']
[1.904s] Level 1:colcon.colcon_core.package_identification:_identify(.) by extension 'ignore'
[1.905s] Level 1:colcon.colcon_core.package_identification:_identify(.) by extension 'ignore_ament_install'
[1.905s] Level 1:colcon.colcon_core.package_identification:_identify(.) by extensions ['colcon_pkg']
[1.905s] Level 1:colcon.colcon_core.package_identification:_identify(.) by extension 'colcon_pkg'
[1.905s] Level 1:colcon.colcon_core.package_identification:_identify(.) by extensions ['colcon_meta']
[1.905s] Level 1:colcon.colcon_core.package_identification:_identify(.) by extension 'colcon_meta'
[1.905s] Level 1:colcon.colcon_core.package_identification:_identify(.) by extensions ['ros']
[1.905s] Level 1:colcon.colcon_core.package_identification:_identify(.) by extension 'ros'
[1.916s] Level 1:colcon.colcon_core.package_identification:_identify(.) by extensions ['cmake', 'python']
[1.916s] Level 1:colcon.colcon_core.package_identification:_identify(.) by extension 'cmake'
[1.916s] Level 1:colcon.colcon_core.package_identification:_identify(.) by extension 'python'
[1.916s] Level 1:colcon.colcon_core.package_identification:_identify(.) by extensions ['python_setup_py']
[1.916s] Level 1:colcon.colcon_core.package_identification:_identify(.) by extension 'python_setup_py'
[1.916s] Level 1:colcon.colcon_core.package_identification:_identify(build) by extensions ['ignore', 'ignore_ament_install']
[1.917s] Level 1:colcon.colcon_core.package_identification:_identify(build) by extension 'ignore'
[1.917s] Level 1:colcon.colcon_core.package_identification:_identify(build) ignored
[1.917s] Level 1:colcon.colcon_core.package_identification:_identify(install) by extensions ['ignore', 'ignore_ament_install']
[1.917s] Level 1:colcon.colcon_core.package_identification:_identify(install) by extension 'ignore'
[1.917s] Level 1:colcon.colcon_core.package_identification:_identify(install) ignored
[1.917s] Level 1:colcon.colcon_core.package_identification:_identify(log) by extensions ['ignore', 'ignore_ament_install']
[1.917s] Level 1:colcon.colcon_core.package_identification:_identify(log) by extension 'ignore'
[1.917s] Level 1:colcon.colcon_core.package_identification:_identify(log) ignored
[1.917s] Level 1:colcon.colcon_core.package_identification:_identify(src) by extensions ['ignore', 'ignore_ament_install']
[1.917s] Level 1:colcon.colcon_core.package_identification:_identify(src) by extension 'ignore'
[1.917s] Level 1:colcon.colcon_core.package_identification:_identify(src) by extension 'ignore_ament_install'
[1.917s] Level 1:colcon.colcon_core.package_identification:_identify(src) by extensions ['colcon_pkg']
[1.917s] Level 1:colcon.colcon_core.package_identification:_identify(src) by extension 'colcon_pkg'
[1.917s] Level 1:colcon.colcon_core.package_identification:_identify(src) by extensions ['colcon_meta']
[1.917s] Level 1:colcon.colcon_core.package_identification:_identify(src) by extension 'colcon_meta'
[1.918s] Level 1:colcon.colcon_core.package_identification:_identify(src) by extensions ['ros']
[1.918s] Level 1:colcon.colcon_core.package_identification:_identify(src) by extension 'ros'
[1.918s] Level 1:colcon.colcon_core.package_identification:_identify(src) by extensions ['cmake', 'python']
[1.918s] Level 1:colcon.colcon_core.package_identification:_identify(src) by extension 'cmake'
[1.918s] Level 1:colcon.colcon_core.package_identification:_identify(src) by extension 'python'
[1.918s] Level 1:colcon.colcon_core.package_identification:_identify(src) by extensions ['python_setup_py']
[1.918s] Level 1:colcon.colcon_core.package_identification:_identify(src) by extension 'python_setup_py'
[1.918s] Level 1:colcon.colcon_core.package_identification:_identify(src/build) by extensions ['ignore', 'ignore_ament_install']
[1.918s] Level 1:colcon.colcon_core.package_identification:_identify(src/build) by extension 'ignore'
[1.918s] Level 1:colcon.colcon_core.package_identification:_identify(src/build) ignored
[1.918s] Level 1:colcon.colcon_core.package_identification:_identify(src/install) by extensions ['ignore', 'ignore_ament_install']
[1.918s] Level 1:colcon.colcon_core.package_identification:_identify(src/install) by extension 'ignore'
[1.918s] Level 1:colcon.colcon_core.package_identification:_identify(src/install) ignored
[1.918s] Level 1:colcon.colcon_core.package_identification:_identify(src/log) by extensions ['ignore', 'ignore_ament_install']
[1.918s] Level 1:colcon.colcon_core.package_identification:_identify(src/log) by extension 'ignore'
[1.918s] Level 1:colcon.colcon_core.package_identification:_identify(src/log) ignored
[1.919s] Level 1:colcon.colcon_core.package_identification:_identify(src/mypkg) by extensions ['ignore', 'ignore_ament_install']
[1.919s] Level 1:colcon.colcon_core.package_identification:_identify(src/mypkg) by extension 'ignore'
[1.919s] Level 1:colcon.colcon_core.package_identification:_identify(src/mypkg) by extension 'ignore_ament_install'
[1.919s] Level 1:colcon.colcon_core.package_identification:_identify(src/mypkg) by extensions ['colcon_pkg']
[1.919s] Level 1:colcon.colcon_core.package_identification:_identify(src/mypkg) by extension 'colcon_pkg'
[1.919s] Level 1:colcon.colcon_core.package_identification:_identify(src/mypkg) by extensions ['colcon_meta']
[1.919s] Level 1:colcon.colcon_core.package_identification:_identify(src/mypkg) by extension 'colcon_meta'
[1.919s] Level 1:colcon.colcon_core.package_identification:_identify(src/mypkg) by extensions ['ros']
[1.919s] Level 1:colcon.colcon_core.package_identification:_identify(src/mypkg) by extension 'ros'
[1.921s] DEBUG:colcon.colcon_core.package_identification:Package 'src/mypkg' with type 'ros.ament_python' and name 'mypkg'
[1.922s] Level 1:colcon.colcon_core.package_identification:_identify(src/person_msgs) by extensions ['ignore', 'ignore_ament_install']
[1.922s] Level 1:colcon.colcon_core.package_identification:_identify(src/person_msgs) by extension 'ignore'
[1.922s] Level 1:colcon.colcon_core.package_identification:_identify(src/person_msgs) by extension 'ignore_ament_install'
[1.922s] Level 1:colcon.colcon_core.package_identification:_identify(src/person_msgs) by extensions ['colcon_pkg']
[1.922s] Level 1:colcon.colcon_core.package_identification:_identify(src/person_msgs) by extension 'colcon_pkg'
[1.922s] Level 1:colcon.colcon_core.package_identification:_identify(src/person_msgs) by extensions ['colcon_meta']
[1.922s] Level 1:colcon.colcon_core.package_identification:_identify(src/person_msgs) by extension 'colcon_meta'
[1.922s] Level 1:colcon.colcon_core.package_identification:_identify(src/person_msgs) by extensions ['ros']
[1.922s] Level 1:colcon.colcon_core.package_identification:_identify(src/person_msgs) by extension 'ros'
[1.923s] DEBUG:colcon.colcon_core.package_identification:Package 'src/person_msgs' with type 'ros.ament_cmake' and name 'person_msgs'
[1.923s] Level 1:colcon.colcon_core.package_discovery:discover_packages(recursive) using defaults
[1.923s] Level 1:colcon.colcon_core.package_discovery:discover_packages(ignore) discover
[1.923s] Level 1:colcon.colcon_core.package_discovery:discover_packages(ignore) using defaults
[1.923s] Level 1:colcon.colcon_core.package_discovery:discover_packages(path) discover
[1.923s] Level 1:colcon.colcon_core.package_discovery:discover_packages(path) using defaults
[2.080s] Level 1:colcon.colcon_core.package_discovery:discover_packages(prefix_path) check parameters
[2.080s] Level 1:colcon.colcon_core.package_discovery:discover_packages(prefix_path) discover
[2.110s] WARNING:colcon.colcon_core.prefix_path.colcon:The path '/home/kobayashi/ros2_ws/install' in the environment variable COLCON_PREFIX_PATH doesn't exist
[2.110s] WARNING:colcon.colcon_ros.prefix_path.ament:The path '/home/kobayashi/ros2_ws/install/person_msgs' in the environment variable AMENT_PREFIX_PATH doesn't exist
[2.110s] WARNING:colcon.colcon_ros.prefix_path.ament:The path '/home/kobayashi/ros2_ws/install/mypkg' in the environment variable AMENT_PREFIX_PATH doesn't exist
[2.110s] WARNING:colcon.colcon_ros.prefix_path.catkin:The path '/home/kobayashi/ros2_ws/install/person_msgs' in the environment variable CMAKE_PREFIX_PATH doesn't exist
[2.140s] DEBUG:colcon.colcon_installed_package_information.package_discovery:Found 2 installed packages in /home/kobayashi/robosys202x/ros2_ws/install
[2.185s] DEBUG:colcon.colcon_installed_package_information.package_discovery:Found 256 installed packages in /opt/ros/foxy
[2.186s] Level 1:colcon.colcon_core.package_discovery:discover_packages(prefix_path) using defaults
[2.308s] Level 5:colcon.colcon_core.verb:set package 'mypkg' build argument 'cmake_args' from command line to 'None'
[2.308s] Level 5:colcon.colcon_core.verb:set package 'mypkg' build argument 'cmake_target' from command line to 'None'
[2.308s] Level 5:colcon.colcon_core.verb:set package 'mypkg' build argument 'cmake_target_skip_unavailable' from command line to 'False'
[2.308s] Level 5:colcon.colcon_core.verb:set package 'mypkg' build argument 'cmake_clean_cache' from command line to 'False'
[2.308s] Level 5:colcon.colcon_core.verb:set package 'mypkg' build argument 'cmake_clean_first' from command line to 'False'
[2.308s] Level 5:colcon.colcon_core.verb:set package 'mypkg' build argument 'cmake_force_configure' from command line to 'False'
[2.308s] Level 5:colcon.colcon_core.verb:set package 'mypkg' build argument 'ament_cmake_args' from command line to 'None'
[2.308s] Level 5:colcon.colcon_core.verb:set package 'mypkg' build argument 'catkin_cmake_args' from command line to 'None'
[2.308s] Level 5:colcon.colcon_core.verb:set package 'mypkg' build argument 'catkin_skip_building_tests' from command line to 'False'
[2.308s] DEBUG:colcon.colcon_core.verb:Building package 'mypkg' with the following arguments: {'ament_cmake_args': None, 'build_base': '/home/kobayashi/robosys202x/ros2_ws/build/mypkg', 'catkin_cmake_args': None, 'catkin_skip_building_tests': False, 'cmake_args': None, 'cmake_clean_cache': False, 'cmake_clean_first': False, 'cmake_force_configure': False, 'cmake_target': None, 'cmake_target_skip_unavailable': False, 'install_base': '/home/kobayashi/robosys202x/ros2_ws/install/mypkg', 'merge_install': False, 'path': '/home/kobayashi/robosys202x/ros2_ws/src/mypkg', 'symlink_install': False, 'test_result_base': None}
[2.337s] Level 5:colcon.colcon_core.verb:set package 'person_msgs' build argument 'cmake_args' from command line to 'None'
[2.337s] Level 5:colcon.colcon_core.verb:set package 'person_msgs' build argument 'cmake_target' from command line to 'None'
[2.337s] Level 5:colcon.colcon_core.verb:set package 'person_msgs' build argument 'cmake_target_skip_unavailable' from command line to 'False'
[2.337s] Level 5:colcon.colcon_core.verb:set package 'person_msgs' build argument 'cmake_clean_cache' from command line to 'False'
[2.337s] Level 5:colcon.colcon_core.verb:set package 'person_msgs' build argument 'cmake_clean_first' from command line to 'False'
[2.337s] Level 5:colcon.colcon_core.verb:set package 'person_msgs' build argument 'cmake_force_configure' from command line to 'False'
[2.337s] Level 5:colcon.colcon_core.verb:set package 'person_msgs' build argument 'ament_cmake_args' from command line to 'None'
[2.337s] Level 5:colcon.colcon_core.verb:set package 'person_msgs' build argument 'catkin_cmake_args' from command line to 'None'
[2.337s] Level 5:colcon.colcon_core.verb:set package 'person_msgs' build argument 'catkin_skip_building_tests' from command line to 'False'
[2.337s] DEBUG:colcon.colcon_core.verb:Building package 'person_msgs' with the following arguments: {'ament_cmake_args': None, 'build_base': '/home/kobayashi/robosys202x/ros2_ws/build/person_msgs', 'catkin_cmake_args': None, 'catkin_skip_building_tests': False, 'cmake_args': None, 'cmake_clean_cache': False, 'cmake_clean_first': False, 'cmake_force_configure': False, 'cmake_target': None, 'cmake_target_skip_unavailable': False, 'install_base': '/home/kobayashi/robosys202x/ros2_ws/install/person_msgs', 'merge_install': False, 'path': '/home/kobayashi/robosys202x/ros2_ws/src/person_msgs', 'symlink_install': False, 'test_result_base': None}
[2.364s] INFO:colcon.colcon_core.executor:Executing jobs using 'parallel' executor
[2.393s] DEBUG:colcon.colcon_parallel_executor.executor.parallel:run_until_complete
[2.393s] INFO:colcon.colcon_ros.task.ament_python.build:Building ROS package in '/home/kobayashi/robosys202x/ros2_ws/src/mypkg' with build type 'ament_python'
[2.393s] Level 1:colcon.colcon_core.shell:create_environment_hook('mypkg', 'ament_prefix_path')
[2.424s] INFO:colcon.colcon_core.plugin_system:Skipping extension 'colcon_core.shell.bat': Not used on non-Windows systems
[2.424s] INFO:colcon.colcon_core.shell:Creating environment hook '/home/kobayashi/robosys202x/ros2_ws/install/mypkg/share/mypkg/hook/ament_prefix_path.ps1'
[2.425s] INFO:colcon.colcon_core.shell:Creating environment descriptor '/home/kobayashi/robosys202x/ros2_ws/install/mypkg/share/mypkg/hook/ament_prefix_path.dsv'
[2.426s] INFO:colcon.colcon_core.shell:Creating environment hook '/home/kobayashi/robosys202x/ros2_ws/install/mypkg/share/mypkg/hook/ament_prefix_path.sh'
[2.456s] INFO:colcon.colcon_core.shell:Skip shell extension 'powershell' for command environment: Not usable outside of PowerShell
[2.456s] DEBUG:colcon.colcon_core.shell:Skip shell extension 'dsv' for command environment
[2.548s] INFO:colcon.colcon_ros.task.ament_cmake.build:Building ROS package in '/home/kobayashi/robosys202x/ros2_ws/src/person_msgs' with build type 'ament_cmake'
[2.549s] INFO:colcon.colcon_cmake.task.cmake.build:Building CMake package in '/home/kobayashi/robosys202x/ros2_ws/src/person_msgs'
[2.582s] INFO:colcon.colcon_core.shell:Skip shell extension 'powershell' for command environment: Not usable outside of PowerShell
[2.582s] DEBUG:colcon.colcon_core.shell:Skip shell extension 'dsv' for command environment
[2.878s] INFO:colcon.colcon_core.task.python.build:Building Python package in '/home/kobayashi/robosys202x/ros2_ws/src/mypkg'
[2.914s] INFO:colcon.colcon_core.shell:Skip shell extension 'powershell' for command environment: Not usable outside of PowerShell
[2.914s] DEBUG:colcon.colcon_core.shell:Skip shell extension 'dsv' for command environment
[3.014s] DEBUG:colcon.colcon_core.event_handler.log_command:Invoking command in '/home/kobayashi/robosys202x/ros2_ws/build/person_msgs': CMAKE_PREFIX_PATH=${CMAKE_PREFIX_PATH}:/home/kobayashi/robosys202x/ros2_ws/install/mypkg:/home/kobayashi/ros2_ws/install/mypkg:/opt/ros/foxy /usr/bin/cmake --build /home/kobayashi/robosys202x/ros2_ws/build/person_msgs -- -j8 -l8
[3.035s] DEBUG:colcon.colcon_core.event_handler.log_command:Invoked command in '/home/kobayashi/robosys202x/ros2_ws/build/person_msgs' returned '2': CMAKE_PREFIX_PATH=${CMAKE_PREFIX_PATH}:/home/kobayashi/robosys202x/ros2_ws/install/mypkg:/home/kobayashi/ros2_ws/install/mypkg:/opt/ros/foxy /usr/bin/cmake --build /home/kobayashi/robosys202x/ros2_ws/build/person_msgs -- -j8 -l8
[3.124s] Level 1:colcon.colcon_core.environment:create_environment_scripts_only(person_msgs)
[3.159s] Level 1:colcon.colcon_core.environment:checking '/home/kobayashi/robosys202x/ros2_ws/install/person_msgs' for CMake module files
[3.159s] Level 1:colcon.colcon_core.environment:checking '/home/kobayashi/robosys202x/ros2_ws/install/person_msgs' for CMake config files
[3.160s] Level 1:colcon.colcon_core.shell:create_environment_hook('person_msgs', 'cmake_prefix_path')
[3.191s] INFO:colcon.colcon_core.shell:Creating environment hook '/home/kobayashi/robosys202x/ros2_ws/install/person_msgs/share/person_msgs/hook/cmake_prefix_path.ps1'
[3.191s] INFO:colcon.colcon_core.shell:Creating environment descriptor '/home/kobayashi/robosys202x/ros2_ws/install/person_msgs/share/person_msgs/hook/cmake_prefix_path.dsv'
[3.192s] INFO:colcon.colcon_core.shell:Creating environment hook '/home/kobayashi/robosys202x/ros2_ws/install/person_msgs/share/person_msgs/hook/cmake_prefix_path.sh'
[3.192s] Level 1:colcon.colcon_core.environment:checking '/home/kobayashi/robosys202x/ros2_ws/install/person_msgs/lib'
[3.193s] Level 1:colcon.colcon_core.shell:create_environment_hook('person_msgs', 'ld_library_path_lib')
[3.226s] INFO:colcon.colcon_core.shell:Creating environment hook '/home/kobayashi/robosys202x/ros2_ws/install/person_msgs/share/person_msgs/hook/ld_library_path_lib.ps1'
[3.227s] INFO:colcon.colcon_core.shell:Creating environment descriptor '/home/kobayashi/robosys202x/ros2_ws/install/person_msgs/share/person_msgs/hook/ld_library_path_lib.dsv'
[3.227s] INFO:colcon.colcon_core.shell:Creating environment hook '/home/kobayashi/robosys202x/ros2_ws/install/person_msgs/share/person_msgs/hook/ld_library_path_lib.sh'
[3.227s] Level 1:colcon.colcon_core.environment:checking '/home/kobayashi/robosys202x/ros2_ws/install/person_msgs/bin'
[3.227s] Level 1:colcon.colcon_core.environment:checking '/home/kobayashi/robosys202x/ros2_ws/install/person_msgs/lib/pkgconfig/person_msgs.pc'
[3.228s] Level 1:colcon.colcon_core.environment:checking '/home/kobayashi/robosys202x/ros2_ws/install/person_msgs/lib/python3.8/site-packages'
[3.228s] Level 1:colcon.colcon_core.shell:create_environment_hook('person_msgs', 'pythonpath')
[3.263s] INFO:colcon.colcon_core.shell:Creating environment hook '/home/kobayashi/robosys202x/ros2_ws/install/person_msgs/share/person_msgs/hook/pythonpath.ps1'
[3.263s] INFO:colcon.colcon_core.shell:Creating environment descriptor '/home/kobayashi/robosys202x/ros2_ws/install/person_msgs/share/person_msgs/hook/pythonpath.dsv'
[3.264s] INFO:colcon.colcon_core.shell:Creating environment hook '/home/kobayashi/robosys202x/ros2_ws/install/person_msgs/share/person_msgs/hook/pythonpath.sh'
[3.264s] Level 1:colcon.colcon_core.environment:checking '/home/kobayashi/robosys202x/ros2_ws/install/person_msgs/bin'
[3.298s] INFO:colcon.colcon_core.shell:Creating package script '/home/kobayashi/robosys202x/ros2_ws/install/person_msgs/share/person_msgs/package.ps1'
[3.299s] INFO:colcon.colcon_core.shell:Creating package descriptor '/home/kobayashi/robosys202x/ros2_ws/install/person_msgs/share/person_msgs/package.dsv'
[3.300s] INFO:colcon.colcon_core.shell:Creating package script '/home/kobayashi/robosys202x/ros2_ws/install/person_msgs/share/person_msgs/package.sh'
[3.301s] INFO:colcon.colcon_core.shell:Creating package script '/home/kobayashi/robosys202x/ros2_ws/install/person_msgs/share/person_msgs/package.bash'
[3.301s] INFO:colcon.colcon_core.shell:Creating package script '/home/kobayashi/robosys202x/ros2_ws/install/person_msgs/share/person_msgs/package.zsh'
[3.302s] Level 1:colcon.colcon_core.environment:create_file_with_runtime_dependencies(/home/kobayashi/robosys202x/ros2_ws/install/person_msgs/share/colcon-core/packages/person_msgs)
[3.375s] DEBUG:colcon.colcon_parallel_executor.executor.parallel:closing loop
[3.376s] DEBUG:colcon.colcon_parallel_executor.executor.parallel:loop closed
[3.376s] DEBUG:colcon.colcon_parallel_executor.executor.parallel:run_until_complete finished with '2'
[3.376s] DEBUG:colcon.colcon_core.event_reactor:joining thread
[3.461s] INFO:colcon.colcon_core.plugin_system:Skipping extension 'colcon_notification.desktop_notification.notify_send': Could not find 'notify-send'
[3.461s] INFO:colcon.colcon_core.plugin_system:Skipping extension 'colcon_notification.desktop_notification.terminal_notifier': Not used on non-Darwin systems
[3.461s] INFO:colcon.colcon_core.plugin_system:Skipping extension 'colcon_notification.desktop_notification.win32': Not used on non-Windows systems
[3.462s] INFO:colcon.colcon_notification.desktop_notification:Sending desktop notification using 'notify2'
[3.468s] DEBUG:colcon.colcon_notification.desktop_notification.notify2:Failed to initialize notify2: org.freedesktop.DBus.Error.ServiceUnknown: The name org.freedesktop.Notifications was not provided by any .service files
[3.468s] DEBUG:colcon.colcon_core.event_reactor:joined thread
[3.501s] INFO:colcon.colcon_core.shell:Creating prefix script '/home/kobayashi/robosys202x/ros2_ws/install/local_setup.ps1'
[3.502s] INFO:colcon.colcon_core.shell:Creating prefix util module '/home/kobayashi/robosys202x/ros2_ws/install/_local_setup_util_ps1.py'
[3.503s] INFO:colcon.colcon_core.shell:Creating prefix chain script '/home/kobayashi/robosys202x/ros2_ws/install/setup.ps1'
[3.534s] INFO:colcon.colcon_core.shell:Creating prefix script '/home/kobayashi/robosys202x/ros2_ws/install/local_setup.sh'
[3.534s] INFO:colcon.colcon_core.shell:Creating prefix util module '/home/kobayashi/robosys202x/ros2_ws/install/_local_setup_util_sh.py'
[3.535s] INFO:colcon.colcon_core.shell:Creating prefix chain script '/home/kobayashi/robosys202x/ros2_ws/install/setup.sh'
[3.564s] INFO:colcon.colcon_core.shell:Creating prefix script '/home/kobayashi/robosys202x/ros2_ws/install/local_setup.bash'
[3.565s] INFO:colcon.colcon_core.shell:Creating prefix chain script '/home/kobayashi/robosys202x/ros2_ws/install/setup.bash'
[3.597s] INFO:colcon.colcon_core.shell:Creating prefix script '/home/kobayashi/robosys202x/ros2_ws/install/local_setup.zsh'
[3.597s] INFO:colcon.colcon_core.shell:Creating prefix chain script '/home/kobayashi/robosys202x/ros2_ws/install/setup.zsh'
