[1.434s] Invoking command in '/home/kobayashi/ros2_ws/scr/mypkg': PYTHONPATH=/home/kobayashi/ros2_ws/build/mypkg/prefix_override:/home/kobayashi/ros2_ws/install/mypkg/lib/python3.8/site-packages:${PYTHONPATH} /usr/bin/python3 setup.py egg_info --egg-base ../../build/mypkg build --build-base /home/kobayashi/ros2_ws/build/mypkg/build install --record /home/kobayashi/ros2_ws/build/mypkg/install.log --install-scripts $base/lib/mypkg --single-version-externally-managed
[1.653s] running egg_info
[1.654s] writing ../../build/mypkg/mypkg.egg-info/PKG-INFO
[1.654s] writing dependency_links to ../../build/mypkg/mypkg.egg-info/dependency_links.txt
[1.655s] writing entry points to ../../build/mypkg/mypkg.egg-info/entry_points.txt
[1.655s] writing requirements to ../../build/mypkg/mypkg.egg-info/requires.txt
[1.655s] writing top-level names to ../../build/mypkg/mypkg.egg-info/top_level.txt
[1.701s] reading manifest file '../../build/mypkg/mypkg.egg-info/SOURCES.txt'
[1.702s] writing manifest file '../../build/mypkg/mypkg.egg-info/SOURCES.txt'
[1.703s] running build
[1.703s] running build_py
[1.703s] running install
[1.704s] running install_lib
[1.706s] running install_data
[1.706s] copying package.xml -> /home/kobayashi/ros2_ws/install/mypkg/share/mypkg
[1.707s] copying launch/talk_listen.launch.py -> /home/kobayashi/ros2_ws/install/mypkg/share/mypkg
[1.707s] running install_egg_info
[1.709s] removing '/home/kobayashi/ros2_ws/install/mypkg/lib/python3.8/site-packages/mypkg-0.0.0-py3.8.egg-info' (and everything under it)
[1.710s] Copying ../../build/mypkg/mypkg.egg-info to /home/kobayashi/ros2_ws/install/mypkg/lib/python3.8/site-packages/mypkg-0.0.0-py3.8.egg-info
[1.711s] running install_scripts
[1.736s] Installing talker script to /home/kobayashi/ros2_ws/install/mypkg/lib/mypkg
[1.737s] writing list of installed files to '/home/kobayashi/ros2_ws/build/mypkg/install.log'
[1.769s] Invoked command in '/home/kobayashi/ros2_ws/scr/mypkg' returned '0': PYTHONPATH=/home/kobayashi/ros2_ws/build/mypkg/prefix_override:/home/kobayashi/ros2_ws/install/mypkg/lib/python3.8/site-packages:${PYTHONPATH} /usr/bin/python3 setup.py egg_info --egg-base ../../build/mypkg build --build-base /home/kobayashi/ros2_ws/build/mypkg/build install --record /home/kobayashi/ros2_ws/build/mypkg/install.log --install-scripts $base/lib/mypkg --single-version-externally-managed
