[1.001s] Invoking command in '/home/kobayashi/ros2_ws/scr/mypkg': PYTHONPATH=/home/kobayashi/ros2_ws/scr/mypkg/build/mypkg/prefix_override:/home/kobayashi/ros2_ws/scr/mypkg/install/mypkg/lib/python3.8/site-packages:${PYTHONPATH} /usr/bin/python3 setup.py egg_info --egg-base build/mypkg build --build-base /home/kobayashi/ros2_ws/scr/mypkg/build/mypkg/build install --record /home/kobayashi/ros2_ws/scr/mypkg/build/mypkg/install.log --install-scripts $base/lib/mypkg --single-version-externally-managed
[1.211s] running egg_info
[1.212s] creating build/mypkg/mypkg.egg-info
[1.212s] writing build/mypkg/mypkg.egg-info/PKG-INFO
[1.212s] writing dependency_links to build/mypkg/mypkg.egg-info/dependency_links.txt
[1.213s] writing entry points to build/mypkg/mypkg.egg-info/entry_points.txt
[1.213s] writing requirements to build/mypkg/mypkg.egg-info/requires.txt
[1.213s] writing top-level names to build/mypkg/mypkg.egg-info/top_level.txt
[1.214s] writing manifest file 'build/mypkg/mypkg.egg-info/SOURCES.txt'
[1.240s] reading manifest file 'build/mypkg/mypkg.egg-info/SOURCES.txt'
[1.241s] writing manifest file 'build/mypkg/mypkg.egg-info/SOURCES.txt'
[1.241s] running build
[1.241s] running build_py
[1.242s] creating /home/kobayashi/ros2_ws/scr/mypkg/build/mypkg/build
[1.242s] creating /home/kobayashi/ros2_ws/scr/mypkg/build/mypkg/build/lib
[1.242s] creating /home/kobayashi/ros2_ws/scr/mypkg/build/mypkg/build/lib/mypkg
[1.242s] copying mypkg/talker.py -> /home/kobayashi/ros2_ws/scr/mypkg/build/mypkg/build/lib/mypkg
[1.243s] copying mypkg/__init__.py -> /home/kobayashi/ros2_ws/scr/mypkg/build/mypkg/build/lib/mypkg
[1.243s] running install
[1.244s] running install_lib
[1.245s] creating /home/kobayashi/ros2_ws/scr/mypkg/install/mypkg/lib/python3.8/site-packages/mypkg
[1.245s] copying /home/kobayashi/ros2_ws/scr/mypkg/build/mypkg/build/lib/mypkg/talker.py -> /home/kobayashi/ros2_ws/scr/mypkg/install/mypkg/lib/python3.8/site-packages/mypkg
[1.245s] copying /home/kobayashi/ros2_ws/scr/mypkg/build/mypkg/build/lib/mypkg/__init__.py -> /home/kobayashi/ros2_ws/scr/mypkg/install/mypkg/lib/python3.8/site-packages/mypkg
[1.246s] byte-compiling /home/kobayashi/ros2_ws/scr/mypkg/install/mypkg/lib/python3.8/site-packages/mypkg/talker.py to talker.cpython-38.pyc
[1.247s] byte-compiling /home/kobayashi/ros2_ws/scr/mypkg/install/mypkg/lib/python3.8/site-packages/mypkg/__init__.py to __init__.cpython-38.pyc
[1.247s] running install_data
[1.248s] creating /home/kobayashi/ros2_ws/scr/mypkg/install/mypkg/share/ament_index
[1.248s] creating /home/kobayashi/ros2_ws/scr/mypkg/install/mypkg/share/ament_index/resource_index
[1.249s] creating /home/kobayashi/ros2_ws/scr/mypkg/install/mypkg/share/ament_index/resource_index/packages
[1.249s] copying resource/mypkg -> /home/kobayashi/ros2_ws/scr/mypkg/install/mypkg/share/ament_index/resource_index/packages
[1.249s] copying package.xml -> /home/kobayashi/ros2_ws/scr/mypkg/install/mypkg/share/mypkg
[1.249s] copying launch/talk_listen.launch.py -> /home/kobayashi/ros2_ws/scr/mypkg/install/mypkg/share/mypkg
[1.250s] running install_egg_info
[1.251s] Copying build/mypkg/mypkg.egg-info to /home/kobayashi/ros2_ws/scr/mypkg/install/mypkg/lib/python3.8/site-packages/mypkg-0.0.0-py3.8.egg-info
[1.252s] running install_scripts
[1.269s] Installing talker script to /home/kobayashi/ros2_ws/scr/mypkg/install/mypkg/lib/mypkg
[1.270s] writing list of installed files to '/home/kobayashi/ros2_ws/scr/mypkg/build/mypkg/install.log'
[1.289s] Invoked command in '/home/kobayashi/ros2_ws/scr/mypkg' returned '0': PYTHONPATH=/home/kobayashi/ros2_ws/scr/mypkg/build/mypkg/prefix_override:/home/kobayashi/ros2_ws/scr/mypkg/install/mypkg/lib/python3.8/site-packages:${PYTHONPATH} /usr/bin/python3 setup.py egg_info --egg-base build/mypkg build --build-base /home/kobayashi/ros2_ws/scr/mypkg/build/mypkg/build install --record /home/kobayashi/ros2_ws/scr/mypkg/build/mypkg/install.log --install-scripts $base/lib/mypkg --single-version-externally-managed
