[0.960s] Invoking command in '/home/kobayashi/robosys202x/ros2_ws/src/mypkg': PYTHONPATH=/home/kobayashi/robosys202x/ros2_ws/src/mypkg/build/mypkg/prefix_override:/home/kobayashi/robosys202x/ros2_ws/src/mypkg/install/mypkg/lib/python3.8/site-packages:${PYTHONPATH} /usr/bin/python3 setup.py egg_info --egg-base build/mypkg build --build-base /home/kobayashi/robosys202x/ros2_ws/src/mypkg/build/mypkg/build install --record /home/kobayashi/robosys202x/ros2_ws/src/mypkg/build/mypkg/install.log --install-scripts $base/lib/mypkg --single-version-externally-managed
[1.134s] running egg_info
[1.135s] writing build/mypkg/mypkg.egg-info/PKG-INFO
[1.138s] writing dependency_links to build/mypkg/mypkg.egg-info/dependency_links.txt
[1.139s] writing entry points to build/mypkg/mypkg.egg-info/entry_points.txt
[1.139s] writing requirements to build/mypkg/mypkg.egg-info/requires.txt
[1.139s] writing top-level names to build/mypkg/mypkg.egg-info/top_level.txt
[1.175s] reading manifest file 'build/mypkg/mypkg.egg-info/SOURCES.txt'
[1.176s] writing manifest file 'build/mypkg/mypkg.egg-info/SOURCES.txt'
[1.176s] running build
[1.176s] running build_py
[1.177s] copying mypkg/listener.py -> /home/kobayashi/robosys202x/ros2_ws/src/mypkg/build/mypkg/build/lib/mypkg
[1.178s] running install
[1.178s] running install_lib
[1.179s] copying /home/kobayashi/robosys202x/ros2_ws/src/mypkg/build/mypkg/build/lib/mypkg/listener.py -> /home/kobayashi/robosys202x/ros2_ws/src/mypkg/install/mypkg/lib/python3.8/site-packages/mypkg
[1.180s] byte-compiling /home/kobayashi/robosys202x/ros2_ws/src/mypkg/install/mypkg/lib/python3.8/site-packages/mypkg/listener.py to listener.cpython-38.pyc
[1.181s] running install_data
[1.185s] running install_egg_info
[1.186s] removing '/home/kobayashi/robosys202x/ros2_ws/src/mypkg/install/mypkg/lib/python3.8/site-packages/mypkg-0.0.0-py3.8.egg-info' (and everything under it)
[1.187s] Copying build/mypkg/mypkg.egg-info to /home/kobayashi/robosys202x/ros2_ws/src/mypkg/install/mypkg/lib/python3.8/site-packages/mypkg-0.0.0-py3.8.egg-info
[1.188s] running install_scripts
[1.203s] Installing listener script to /home/kobayashi/robosys202x/ros2_ws/src/mypkg/install/mypkg/lib/mypkg
[1.204s] Installing talker script to /home/kobayashi/robosys202x/ros2_ws/src/mypkg/install/mypkg/lib/mypkg
[1.204s] writing list of installed files to '/home/kobayashi/robosys202x/ros2_ws/src/mypkg/build/mypkg/install.log'
[1.223s] Invoked command in '/home/kobayashi/robosys202x/ros2_ws/src/mypkg' returned '0': PYTHONPATH=/home/kobayashi/robosys202x/ros2_ws/src/mypkg/build/mypkg/prefix_override:/home/kobayashi/robosys202x/ros2_ws/src/mypkg/install/mypkg/lib/python3.8/site-packages:${PYTHONPATH} /usr/bin/python3 setup.py egg_info --egg-base build/mypkg build --build-base /home/kobayashi/robosys202x/ros2_ws/src/mypkg/build/mypkg/build install --record /home/kobayashi/robosys202x/ros2_ws/src/mypkg/build/mypkg/install.log --install-scripts $base/lib/mypkg --single-version-externally-managed
