[1.058s] Invoking command in '/home/kobayashi/ros2_ws/scr/mypkg': PYTHONPATH=/home/kobayashi/ros2_ws/build/mypkg/prefix_override:/home/kobayashi/ros2_ws/install/mypkg/lib/python3.8/site-packages:${PYTHONPATH} /usr/bin/python3 setup.py egg_info --egg-base ../../build/mypkg build --build-base /home/kobayashi/ros2_ws/build/mypkg/build install --record /home/kobayashi/ros2_ws/build/mypkg/install.log --install-scripts $base/lib/mypkg --single-version-externally-managed
[1.267s] running egg_info
[1.267s] writing ../../build/mypkg/mypkg.egg-info/PKG-INFO
[1.268s] writing dependency_links to ../../build/mypkg/mypkg.egg-info/dependency_links.txt
[1.268s] writing entry points to ../../build/mypkg/mypkg.egg-info/entry_points.txt
[1.268s] writing requirements to ../../build/mypkg/mypkg.egg-info/requires.txt
[1.268s] writing top-level names to ../../build/mypkg/mypkg.egg-info/top_level.txt
[1.307s] reading manifest file '../../build/mypkg/mypkg.egg-info/SOURCES.txt'
[1.308s] writing manifest file '../../build/mypkg/mypkg.egg-info/SOURCES.txt'
[1.309s] running build
[1.309s] running build_py
[1.309s] running install
[1.310s] running install_lib
[1.312s] running install_data
[1.312s] running install_egg_info
[1.314s] removing '/home/kobayashi/ros2_ws/install/mypkg/lib/python3.8/site-packages/mypkg-0.0.0-py3.8.egg-info' (and everything under it)
[1.314s] Copying ../../build/mypkg/mypkg.egg-info to /home/kobayashi/ros2_ws/install/mypkg/lib/python3.8/site-packages/mypkg-0.0.0-py3.8.egg-info
[1.315s] running install_scripts
[1.335s] Installing talker script to /home/kobayashi/ros2_ws/install/mypkg/lib/mypkg
[1.335s] writing list of installed files to '/home/kobayashi/ros2_ws/build/mypkg/install.log'
[1.364s] Invoked command in '/home/kobayashi/ros2_ws/scr/mypkg' returned '0': PYTHONPATH=/home/kobayashi/ros2_ws/build/mypkg/prefix_override:/home/kobayashi/ros2_ws/install/mypkg/lib/python3.8/site-packages:${PYTHONPATH} /usr/bin/python3 setup.py egg_info --egg-base ../../build/mypkg build --build-base /home/kobayashi/ros2_ws/build/mypkg/build install --record /home/kobayashi/ros2_ws/build/mypkg/install.log --install-scripts $base/lib/mypkg --single-version-externally-managed
