[0.497s] Invoking command in '/home/kobayashi/ros2_ws/build/person_msgs': CMAKE_PREFIX_PATH=${CMAKE_PREFIX_PATH}:/home/kobayashi/ros2_ws/install/mypkg:/opt/ros/foxy /usr/bin/cmake --build /home/kobayashi/ros2_ws/build/person_msgs -- -j8 -l8
[0.550s] [  6%] Built target person_msgs__cpp
[0.550s] [ 12%] Built target person_msgs__rosidl_generator_c
[0.574s] [ 22%] Built target person_msgs__rosidl_typesupport_cpp
[0.577s] [ 32%] Built target person_msgs__rosidl_typesupport_introspection_c
[0.579s] [ 51%] Built target person_msgs__rosidl_typesupport_c
[0.580s] [ 51%] Built target person_msgs__rosidl_typesupport_introspection_cpp
[0.583s] [ 61%] Built target person_msgs__rosidl_typesupport_fastrtps_cpp
[0.607s] [ 70%] Built target person_msgs__rosidl_typesupport_fastrtps_c
[0.625s] [ 70%] Built target person_msgs
[0.644s] [ 74%] Built target person_msgs__py
[0.671s] [ 80%] Built target person_msgs__python
[0.698s] [ 87%] Built target person_msgs__rosidl_typesupport_c__pyext
[0.700s] [ 93%] Built target person_msgs__rosidl_typesupport_introspection_c__pyext
[0.702s] [100%] Built target person_msgs__rosidl_typesupport_fastrtps_c__pyext
[0.715s] Invoked command in '/home/kobayashi/ros2_ws/build/person_msgs' returned '0': CMAKE_PREFIX_PATH=${CMAKE_PREFIX_PATH}:/home/kobayashi/ros2_ws/install/mypkg:/opt/ros/foxy /usr/bin/cmake --build /home/kobayashi/ros2_ws/build/person_msgs -- -j8 -l8
[0.777s] Invoking command in '/home/kobayashi/ros2_ws/build/person_msgs': CMAKE_PREFIX_PATH=${CMAKE_PREFIX_PATH}:/home/kobayashi/ros2_ws/install/mypkg:/opt/ros/foxy /usr/bin/cmake --install /home/kobayashi/ros2_ws/build/person_msgs
[0.786s] -- Install configuration: ""
[0.786s] -- Up-to-date: /home/kobayashi/ros2_ws/install/person_msgs/share/ament_index/resource_index/rosidl_interfaces/person_msgs
[0.787s] -- Up-to-date: /home/kobayashi/ros2_ws/install/person_msgs/include/person_msgs
[0.787s] -- Up-to-date: /home/kobayashi/ros2_ws/install/person_msgs/include/person_msgs/msg
[0.787s] -- Up-to-date: /home/kobayashi/ros2_ws/install/person_msgs/include/person_msgs/msg/person.h
[0.788s] -- Up-to-date: /home/kobayashi/ros2_ws/install/person_msgs/include/person_msgs/msg/rosidl_generator_c__visibility_control.h
[0.788s] -- Up-to-date: /home/kobayashi/ros2_ws/install/person_msgs/include/person_msgs/msg/detail
[0.788s] -- Up-to-date: /home/kobayashi/ros2_ws/install/person_msgs/include/person_msgs/msg/detail/person__functions.c
[0.789s] -- Up-to-date: /home/kobayashi/ros2_ws/install/person_msgs/include/person_msgs/msg/detail/person__type_support.h
[0.789s] -- Up-to-date: /home/kobayashi/ros2_ws/install/person_msgs/include/person_msgs/msg/detail/person__functions.h
[0.789s] -- Up-to-date: /home/kobayashi/ros2_ws/install/person_msgs/include/person_msgs/msg/detail/person__struct.h
[0.790s] -- Up-to-date: /home/kobayashi/ros2_ws/install/person_msgs/share/person_msgs/environment/library_path.sh
[0.790s] -- Up-to-date: /home/kobayashi/ros2_ws/install/person_msgs/share/person_msgs/environment/library_path.dsv
[0.790s] -- Up-to-date: /home/kobayashi/ros2_ws/install/person_msgs/lib/libperson_msgs__rosidl_generator_c.so
[0.791s] -- Up-to-date: /home/kobayashi/ros2_ws/install/person_msgs/include/person_msgs
[0.791s] -- Up-to-date: /home/kobayashi/ros2_ws/install/person_msgs/include/person_msgs/msg
[0.791s] -- Up-to-date: /home/kobayashi/ros2_ws/install/person_msgs/include/person_msgs/msg/rosidl_typesupport_fastrtps_c__visibility_control.h
[0.791s] -- Up-to-date: /home/kobayashi/ros2_ws/install/person_msgs/include/person_msgs/msg/detail
[0.791s] -- Up-to-date: /home/kobayashi/ros2_ws/install/person_msgs/include/person_msgs/msg/detail/person__rosidl_typesupport_fastrtps_c.h
[0.791s] -- Up-to-date: /home/kobayashi/ros2_ws/install/person_msgs/lib/libperson_msgs__rosidl_typesupport_fastrtps_c.so
[0.792s] -- Up-to-date: /home/kobayashi/ros2_ws/install/person_msgs/include/person_msgs
[0.792s] -- Up-to-date: /home/kobayashi/ros2_ws/install/person_msgs/include/person_msgs/msg
[0.792s] -- Up-to-date: /home/kobayashi/ros2_ws/install/person_msgs/include/person_msgs/msg/rosidl_typesupport_fastrtps_cpp__visibility_control.h
[0.792s] -- Up-to-date: /home/kobayashi/ros2_ws/install/person_msgs/include/person_msgs/msg/detail
[0.792s] -- Up-to-date: /home/kobayashi/ros2_ws/install/person_msgs/include/person_msgs/msg/detail/dds_fastrtps
[0.792s] -- Up-to-date: /home/kobayashi/ros2_ws/install/person_msgs/include/person_msgs/msg/detail/person__rosidl_typesupport_fastrtps_cpp.hpp
[0.792s] -- Up-to-date: /home/kobayashi/ros2_ws/install/person_msgs/lib/libperson_msgs__rosidl_typesupport_fastrtps_cpp.so
[0.793s] -- Up-to-date: /home/kobayashi/ros2_ws/install/person_msgs/include/person_msgs
[0.793s] -- Up-to-date: /home/kobayashi/ros2_ws/install/person_msgs/include/person_msgs/msg
[0.793s] -- Up-to-date: /home/kobayashi/ros2_ws/install/person_msgs/include/person_msgs/msg/rosidl_typesupport_introspection_c__visibility_control.h
[0.793s] -- Up-to-date: /home/kobayashi/ros2_ws/install/person_msgs/include/person_msgs/msg/detail
[0.793s] -- Up-to-date: /home/kobayashi/ros2_ws/install/person_msgs/include/person_msgs/msg/detail/person__type_support.c
[0.793s] -- Up-to-date: /home/kobayashi/ros2_ws/install/person_msgs/include/person_msgs/msg/detail/person__rosidl_typesupport_introspection_c.h
[0.793s] -- Up-to-date: /home/kobayashi/ros2_ws/install/person_msgs/lib/libperson_msgs__rosidl_typesupport_introspection_c.so
[0.793s] -- Up-to-date: /home/kobayashi/ros2_ws/install/person_msgs/lib/libperson_msgs__rosidl_typesupport_c.so
[0.793s] -- Up-to-date: /home/kobayashi/ros2_ws/install/person_msgs/include/person_msgs
[0.793s] -- Up-to-date: /home/kobayashi/ros2_ws/install/person_msgs/include/person_msgs/msg
[0.793s] -- Up-to-date: /home/kobayashi/ros2_ws/install/person_msgs/include/person_msgs/msg/person.hpp
[0.793s] -- Up-to-date: /home/kobayashi/ros2_ws/install/person_msgs/include/person_msgs/msg/rosidl_generator_cpp__visibility_control.hpp
[0.793s] -- Up-to-date: /home/kobayashi/ros2_ws/install/person_msgs/include/person_msgs/msg/detail
[0.793s] -- Up-to-date: /home/kobayashi/ros2_ws/install/person_msgs/include/person_msgs/msg/detail/person__builder.hpp
[0.793s] -- Up-to-date: /home/kobayashi/ros2_ws/install/person_msgs/include/person_msgs/msg/detail/person__type_support.hpp
[0.793s] -- Up-to-date: /home/kobayashi/ros2_ws/install/person_msgs/include/person_msgs/msg/detail/person__traits.hpp
[0.793s] -- Up-to-date: /home/kobayashi/ros2_ws/install/person_msgs/include/person_msgs/msg/detail/person__struct.hpp
[0.794s] -- Up-to-date: /home/kobayashi/ros2_ws/install/person_msgs/include/person_msgs
[0.794s] -- Up-to-date: /home/kobayashi/ros2_ws/install/person_msgs/include/person_msgs/msg
[0.794s] -- Up-to-date: /home/kobayashi/ros2_ws/install/person_msgs/include/person_msgs/msg/detail
[0.794s] -- Up-to-date: /home/kobayashi/ros2_ws/install/person_msgs/include/person_msgs/msg/detail/person__rosidl_typesupport_introspection_cpp.hpp
[0.794s] -- Up-to-date: /home/kobayashi/ros2_ws/install/person_msgs/include/person_msgs/msg/detail/person__type_support.cpp
[0.794s] -- Up-to-date: /home/kobayashi/ros2_ws/install/person_msgs/lib/libperson_msgs__rosidl_typesupport_introspection_cpp.so
[0.794s] -- Up-to-date: /home/kobayashi/ros2_ws/install/person_msgs/lib/libperson_msgs__rosidl_typesupport_cpp.so
[0.794s] -- Up-to-date: /home/kobayashi/ros2_ws/install/person_msgs/share/person_msgs/environment/pythonpath.sh
[0.794s] -- Up-to-date: /home/kobayashi/ros2_ws/install/person_msgs/share/person_msgs/environment/pythonpath.dsv
[0.794s] -- Up-to-date: /home/kobayashi/ros2_ws/install/person_msgs/lib/python3.8/site-packages/person_msgs/__init__.py
[0.821s] -- Up-to-date: /home/kobayashi/ros2_ws/install/person_msgs/lib/python3.8/site-packages/person_msgs/msg
[0.821s] -- Up-to-date: /home/kobayashi/ros2_ws/install/person_msgs/lib/python3.8/site-packages/person_msgs/msg/_person.py
[0.821s] -- Up-to-date: /home/kobayashi/ros2_ws/install/person_msgs/lib/python3.8/site-packages/person_msgs/msg/_person_s.c
[0.821s] -- Up-to-date: /home/kobayashi/ros2_ws/install/person_msgs/lib/python3.8/site-packages/person_msgs/msg/__init__.py
[0.821s] -- Up-to-date: /home/kobayashi/ros2_ws/install/person_msgs/lib/python3.8/site-packages/person_msgs/person_msgs_s__rosidl_typesupport_fastrtps_c.cpython-38-x86_64-linux-gnu.so
[0.822s] -- Up-to-date: /home/kobayashi/ros2_ws/install/person_msgs/lib/python3.8/site-packages/person_msgs/person_msgs_s__rosidl_typesupport_introspection_c.cpython-38-x86_64-linux-gnu.so
[0.822s] -- Up-to-date: /home/kobayashi/ros2_ws/install/person_msgs/lib/python3.8/site-packages/person_msgs/person_msgs_s__rosidl_typesupport_c.cpython-38-x86_64-linux-gnu.so
[0.823s] -- Up-to-date: /home/kobayashi/ros2_ws/install/person_msgs/lib/libperson_msgs__python.so
[0.823s] -- Up-to-date: /home/kobayashi/ros2_ws/install/person_msgs/share/person_msgs/msg/Person.idl
[0.823s] -- Up-to-date: /home/kobayashi/ros2_ws/install/person_msgs/share/person_msgs/msg/Person.msg
[0.824s] -- Up-to-date: /home/kobayashi/ros2_ws/install/person_msgs/share/ament_index/resource_index/package_run_dependencies/person_msgs
[0.824s] -- Up-to-date: /home/kobayashi/ros2_ws/install/person_msgs/share/ament_index/resource_index/parent_prefix_path/person_msgs
[0.824s] -- Up-to-date: /home/kobayashi/ros2_ws/install/person_msgs/share/person_msgs/environment/ament_prefix_path.sh
[0.824s] -- Up-to-date: /home/kobayashi/ros2_ws/install/person_msgs/share/person_msgs/environment/ament_prefix_path.dsv
[0.824s] -- Up-to-date: /home/kobayashi/ros2_ws/install/person_msgs/share/person_msgs/environment/path.sh
[0.825s] -- Up-to-date: /home/kobayashi/ros2_ws/install/person_msgs/share/person_msgs/environment/path.dsv
[0.825s] -- Up-to-date: /home/kobayashi/ros2_ws/install/person_msgs/share/person_msgs/local_setup.bash
[0.826s] -- Up-to-date: /home/kobayashi/ros2_ws/install/person_msgs/share/person_msgs/local_setup.sh
[0.826s] -- Up-to-date: /home/kobayashi/ros2_ws/install/person_msgs/share/person_msgs/local_setup.zsh
[0.826s] -- Up-to-date: /home/kobayashi/ros2_ws/install/person_msgs/share/person_msgs/local_setup.dsv
[0.826s] -- Up-to-date: /home/kobayashi/ros2_ws/install/person_msgs/share/person_msgs/package.dsv
[0.827s] -- Up-to-date: /home/kobayashi/ros2_ws/install/person_msgs/share/ament_index/resource_index/packages/person_msgs
[0.827s] -- Up-to-date: /home/kobayashi/ros2_ws/install/person_msgs/share/person_msgs/cmake/person_msgs__rosidl_generator_cExport.cmake
[0.827s] -- Up-to-date: /home/kobayashi/ros2_ws/install/person_msgs/share/person_msgs/cmake/person_msgs__rosidl_generator_cExport-noconfig.cmake
[0.827s] -- Up-to-date: /home/kobayashi/ros2_ws/install/person_msgs/share/person_msgs/cmake/person_msgs__rosidl_typesupport_introspection_cExport.cmake
[0.828s] -- Up-to-date: /home/kobayashi/ros2_ws/install/person_msgs/share/person_msgs/cmake/person_msgs__rosidl_typesupport_introspection_cExport-noconfig.cmake
[0.828s] -- Up-to-date: /home/kobayashi/ros2_ws/install/person_msgs/share/person_msgs/cmake/person_msgs__rosidl_typesupport_cExport.cmake
[0.828s] -- Up-to-date: /home/kobayashi/ros2_ws/install/person_msgs/share/person_msgs/cmake/person_msgs__rosidl_typesupport_cExport-noconfig.cmake
[0.829s] -- Up-to-date: /home/kobayashi/ros2_ws/install/person_msgs/share/person_msgs/cmake/person_msgs__rosidl_generator_cppExport.cmake
[0.829s] -- Up-to-date: /home/kobayashi/ros2_ws/install/person_msgs/share/person_msgs/cmake/person_msgs__rosidl_typesupport_introspection_cppExport.cmake
[0.829s] -- Up-to-date: /home/kobayashi/ros2_ws/install/person_msgs/share/person_msgs/cmake/person_msgs__rosidl_typesupport_introspection_cppExport-noconfig.cmake
[0.830s] -- Up-to-date: /home/kobayashi/ros2_ws/install/person_msgs/share/person_msgs/cmake/person_msgs__rosidl_typesupport_cppExport.cmake
[0.830s] -- Up-to-date: /home/kobayashi/ros2_ws/install/person_msgs/share/person_msgs/cmake/person_msgs__rosidl_typesupport_cppExport-noconfig.cmake
[0.830s] -- Up-to-date: /home/kobayashi/ros2_ws/install/person_msgs/share/person_msgs/cmake/rosidl_cmake-extras.cmake
[0.831s] -- Up-to-date: /home/kobayashi/ros2_ws/install/person_msgs/share/person_msgs/cmake/ament_cmake_export_dependencies-extras.cmake
[0.832s] -- Up-to-date: /home/kobayashi/ros2_ws/install/person_msgs/share/person_msgs/cmake/ament_cmake_export_libraries-extras.cmake
[0.832s] -- Up-to-date: /home/kobayashi/ros2_ws/install/person_msgs/share/person_msgs/cmake/ament_cmake_export_targets-extras.cmake
[0.833s] -- Up-to-date: /home/kobayashi/ros2_ws/install/person_msgs/share/person_msgs/cmake/ament_cmake_export_include_directories-extras.cmake
[0.833s] -- Up-to-date: /home/kobayashi/ros2_ws/install/person_msgs/share/person_msgs/cmake/rosidl_cmake_export_typesupport_libraries-extras.cmake
[0.833s] -- Up-to-date: /home/kobayashi/ros2_ws/install/person_msgs/share/person_msgs/cmake/rosidl_cmake_export_typesupport_targets-extras.cmake
[0.833s] -- Up-to-date: /home/kobayashi/ros2_ws/install/person_msgs/share/person_msgs/cmake/person_msgsConfig.cmake
[0.833s] -- Up-to-date: /home/kobayashi/ros2_ws/install/person_msgs/share/person_msgs/cmake/person_msgsConfig-version.cmake
[0.834s] -- Up-to-date: /home/kobayashi/ros2_ws/install/person_msgs/share/person_msgs/package.xml
[0.834s] Invoked command in '/home/kobayashi/ros2_ws/build/person_msgs' returned '0': CMAKE_PREFIX_PATH=${CMAKE_PREFIX_PATH}:/home/kobayashi/ros2_ws/install/mypkg:/opt/ros/foxy /usr/bin/cmake --install /home/kobayashi/ros2_ws/build/person_msgs
