[0.497s] Invoking command in '/home/kobayashi/ros2_ws/build/person_msgs': CMAKE_PREFIX_PATH=${CMAKE_PREFIX_PATH}:/home/kobayashi/ros2_ws/install/mypkg:/opt/ros/foxy /usr/bin/cmake --build /home/kobayashi/ros2_ws/build/person_msgs -- -j8 -l8
[0.523s] -- Found ament_cmake: 0.9.12 (/opt/ros/foxy/share/ament_cmake/cmake)
[0.543s] -- Found PythonInterp: /usr/bin/python3 (found suitable version "3.8.10", minimum required is "3") 
[0.543s] -- Using PYTHON_EXECUTABLE: /usr/bin/python3
[0.702s] -- Found ament_lint_auto: 0.9.8 (/opt/ros/foxy/share/ament_lint_auto/cmake)
[0.703s] -- Found rosidl_default_generators: 1.0.1 (/opt/ros/foxy/share/rosidl_default_generators/cmake)
[0.705s] -- Using all available rosidl_typesupport_c: rosidl_typesupport_fastrtps_c;rosidl_typesupport_introspection_c
[0.708s] -- Found rosidl_adapter: 1.3.1 (/opt/ros/foxy/share/rosidl_adapter/cmake)
[3.408s] -- Using all available rosidl_typesupport_cpp: rosidl_typesupport_fastrtps_cpp;rosidl_typesupport_introspection_cpp
[3.453s] -- Found PythonInterp: /usr/bin/python3 (found version "3.8.10") 
[3.556s] -- Found ament_cmake_ros: 0.9.2 (/opt/ros/foxy/share/ament_cmake_ros/cmake)
[6.040s] -- Using all available rosidl_typesupport_c: rosidl_typesupport_fastrtps_c;rosidl_typesupport_introspection_c
[6.046s] -- Using all available rosidl_typesupport_cpp: rosidl_typesupport_fastrtps_cpp;rosidl_typesupport_introspection_cpp
[6.066s] -- Found PythonInterp: /usr/bin/python3 (found suitable version "3.8.10", minimum required is "3.5") 
[6.067s] -- Found python_cmake_module: 0.8.1 (/opt/ros/foxy/share/python_cmake_module/cmake)
[6.089s] -- Using PYTHON_EXECUTABLE: /usr/bin/python3
[6.089s] -- Using PYTHON_INCLUDE_DIRS: /usr/include/python3.8
[6.089s] -- Using PYTHON_LIBRARIES: /usr/lib/x86_64-linux-gnu/libpython3.8.so
[6.110s] -- Added test 'copyright' to check source files copyright and LICENSE
[6.113s] -- Added test 'cppcheck' to perform static code analysis on C / C++ code
[6.114s] -- Configured cppcheck include dirs: 
[6.114s] -- Configured cppcheck exclude dirs and/or files: 
[6.117s] -- Added test 'cpplint' to check C / C++ code against the Google style
[6.117s] -- Configured cpplint exclude dirs and/or files: 
[6.118s] -- Added test 'flake8' to check Python code syntax and style conventions
[6.119s] -- Added test 'lint_cmake' to check CMake code style
[6.120s] -- Added test 'pep257' to check Python code against some of the style conventions in PEP 257
[6.123s] -- Added test 'uncrustify' to check C / C++ code style
[6.123s] -- Configured uncrustify additional arguments: 
[6.124s] -- Added test 'xmllint' to check XML markup files
[6.129s] -- Configuring done
[6.155s] -- Generating done
[6.158s] -- Build files have been written to: /home/kobayashi/ros2_ws/build/person_msgs
[6.199s] [  6%] Built target person_msgs__cpp
[6.200s] [ 12%] Built target person_msgs__rosidl_generator_c
[6.225s] [ 41%] Built target person_msgs__rosidl_typesupport_cpp
[6.226s] [ 41%] Built target person_msgs__rosidl_typesupport_introspection_c
[6.226s] [ 41%] Built target person_msgs__rosidl_typesupport_introspection_cpp
[6.227s] [ 51%] Built target person_msgs__rosidl_typesupport_c
[6.229s] [ 61%] Built target person_msgs__rosidl_typesupport_fastrtps_cpp
[6.253s] [ 70%] Built target person_msgs__rosidl_typesupport_fastrtps_c
[6.272s] [ 70%] Built target person_msgs
[6.292s] [ 74%] Built target person_msgs__py
[6.319s] [ 80%] Built target person_msgs__python
[6.344s] [100%] Built target person_msgs__rosidl_typesupport_fastrtps_c__pyext
[6.345s] [100%] Built target person_msgs__rosidl_typesupport_c__pyext
[6.345s] [100%] Built target person_msgs__rosidl_typesupport_introspection_c__pyext
[6.356s] Invoked command in '/home/kobayashi/ros2_ws/build/person_msgs' returned '0': CMAKE_PREFIX_PATH=${CMAKE_PREFIX_PATH}:/home/kobayashi/ros2_ws/install/mypkg:/opt/ros/foxy /usr/bin/cmake --build /home/kobayashi/ros2_ws/build/person_msgs -- -j8 -l8
[6.423s] Invoking command in '/home/kobayashi/ros2_ws/build/person_msgs': CMAKE_PREFIX_PATH=${CMAKE_PREFIX_PATH}:/home/kobayashi/ros2_ws/install/mypkg:/opt/ros/foxy /usr/bin/cmake --install /home/kobayashi/ros2_ws/build/person_msgs
[6.434s] -- Install configuration: ""
[6.434s] -- Up-to-date: /home/kobayashi/ros2_ws/install/person_msgs/share/ament_index/resource_index/rosidl_interfaces/person_msgs
[6.434s] -- Up-to-date: /home/kobayashi/ros2_ws/install/person_msgs/include/person_msgs
[6.434s] -- Up-to-date: /home/kobayashi/ros2_ws/install/person_msgs/include/person_msgs/msg
[6.434s] -- Up-to-date: /home/kobayashi/ros2_ws/install/person_msgs/include/person_msgs/msg/person.h
[6.435s] -- Up-to-date: /home/kobayashi/ros2_ws/install/person_msgs/include/person_msgs/msg/rosidl_generator_c__visibility_control.h
[6.435s] -- Up-to-date: /home/kobayashi/ros2_ws/install/person_msgs/include/person_msgs/msg/detail
[6.435s] -- Up-to-date: /home/kobayashi/ros2_ws/install/person_msgs/include/person_msgs/msg/detail/person__functions.c
[6.435s] -- Up-to-date: /home/kobayashi/ros2_ws/install/person_msgs/include/person_msgs/msg/detail/person__type_support.h
[6.435s] -- Up-to-date: /home/kobayashi/ros2_ws/install/person_msgs/include/person_msgs/msg/detail/person__functions.h
[6.435s] -- Up-to-date: /home/kobayashi/ros2_ws/install/person_msgs/include/person_msgs/msg/detail/person__struct.h
[6.436s] -- Up-to-date: /home/kobayashi/ros2_ws/install/person_msgs/share/person_msgs/environment/library_path.sh
[6.436s] -- Installing: /home/kobayashi/ros2_ws/install/person_msgs/share/person_msgs/environment/library_path.dsv
[6.436s] -- Up-to-date: /home/kobayashi/ros2_ws/install/person_msgs/lib/libperson_msgs__rosidl_generator_c.so
[6.436s] -- Up-to-date: /home/kobayashi/ros2_ws/install/person_msgs/include/person_msgs
[6.436s] -- Up-to-date: /home/kobayashi/ros2_ws/install/person_msgs/include/person_msgs/msg
[6.436s] -- Up-to-date: /home/kobayashi/ros2_ws/install/person_msgs/include/person_msgs/msg/rosidl_typesupport_fastrtps_c__visibility_control.h
[6.437s] -- Up-to-date: /home/kobayashi/ros2_ws/install/person_msgs/include/person_msgs/msg/detail
[6.437s] -- Up-to-date: /home/kobayashi/ros2_ws/install/person_msgs/include/person_msgs/msg/detail/person__rosidl_typesupport_fastrtps_c.h
[6.437s] -- Up-to-date: /home/kobayashi/ros2_ws/install/person_msgs/lib/libperson_msgs__rosidl_typesupport_fastrtps_c.so
[6.437s] -- Up-to-date: /home/kobayashi/ros2_ws/install/person_msgs/include/person_msgs
[6.437s] -- Up-to-date: /home/kobayashi/ros2_ws/install/person_msgs/include/person_msgs/msg
[6.438s] -- Up-to-date: /home/kobayashi/ros2_ws/install/person_msgs/include/person_msgs/msg/rosidl_typesupport_fastrtps_cpp__visibility_control.h
[6.438s] -- Up-to-date: /home/kobayashi/ros2_ws/install/person_msgs/include/person_msgs/msg/detail
[6.438s] -- Up-to-date: /home/kobayashi/ros2_ws/install/person_msgs/include/person_msgs/msg/detail/dds_fastrtps
[6.438s] -- Up-to-date: /home/kobayashi/ros2_ws/install/person_msgs/include/person_msgs/msg/detail/person__rosidl_typesupport_fastrtps_cpp.hpp
[6.438s] -- Up-to-date: /home/kobayashi/ros2_ws/install/person_msgs/lib/libperson_msgs__rosidl_typesupport_fastrtps_cpp.so
[6.438s] -- Up-to-date: /home/kobayashi/ros2_ws/install/person_msgs/include/person_msgs
[6.439s] -- Up-to-date: /home/kobayashi/ros2_ws/install/person_msgs/include/person_msgs/msg
[6.439s] -- Up-to-date: /home/kobayashi/ros2_ws/install/person_msgs/include/person_msgs/msg/rosidl_typesupport_introspection_c__visibility_control.h
[6.439s] -- Up-to-date: /home/kobayashi/ros2_ws/install/person_msgs/include/person_msgs/msg/detail
[6.439s] -- Up-to-date: /home/kobayashi/ros2_ws/install/person_msgs/include/person_msgs/msg/detail/person__type_support.c
[6.439s] -- Up-to-date: /home/kobayashi/ros2_ws/install/person_msgs/include/person_msgs/msg/detail/person__rosidl_typesupport_introspection_c.h
[6.439s] -- Up-to-date: /home/kobayashi/ros2_ws/install/person_msgs/lib/libperson_msgs__rosidl_typesupport_introspection_c.so
[6.439s] -- Up-to-date: /home/kobayashi/ros2_ws/install/person_msgs/lib/libperson_msgs__rosidl_typesupport_c.so
[6.439s] -- Up-to-date: /home/kobayashi/ros2_ws/install/person_msgs/include/person_msgs
[6.439s] -- Up-to-date: /home/kobayashi/ros2_ws/install/person_msgs/include/person_msgs/msg
[6.439s] -- Up-to-date: /home/kobayashi/ros2_ws/install/person_msgs/include/person_msgs/msg/person.hpp
[6.439s] -- Up-to-date: /home/kobayashi/ros2_ws/install/person_msgs/include/person_msgs/msg/rosidl_generator_cpp__visibility_control.hpp
[6.439s] -- Up-to-date: /home/kobayashi/ros2_ws/install/person_msgs/include/person_msgs/msg/detail
[6.439s] -- Up-to-date: /home/kobayashi/ros2_ws/install/person_msgs/include/person_msgs/msg/detail/person__builder.hpp
[6.439s] -- Up-to-date: /home/kobayashi/ros2_ws/install/person_msgs/include/person_msgs/msg/detail/person__type_support.hpp
[6.439s] -- Up-to-date: /home/kobayashi/ros2_ws/install/person_msgs/include/person_msgs/msg/detail/person__traits.hpp
[6.439s] -- Up-to-date: /home/kobayashi/ros2_ws/install/person_msgs/include/person_msgs/msg/detail/person__struct.hpp
[6.439s] -- Up-to-date: /home/kobayashi/ros2_ws/install/person_msgs/include/person_msgs
[6.440s] -- Up-to-date: /home/kobayashi/ros2_ws/install/person_msgs/include/person_msgs/msg
[6.440s] -- Up-to-date: /home/kobayashi/ros2_ws/install/person_msgs/include/person_msgs/msg/detail
[6.440s] -- Up-to-date: /home/kobayashi/ros2_ws/install/person_msgs/include/person_msgs/msg/detail/person__rosidl_typesupport_introspection_cpp.hpp
[6.440s] -- Up-to-date: /home/kobayashi/ros2_ws/install/person_msgs/include/person_msgs/msg/detail/person__type_support.cpp
[6.440s] -- Up-to-date: /home/kobayashi/ros2_ws/install/person_msgs/lib/libperson_msgs__rosidl_typesupport_introspection_cpp.so
[6.440s] -- Up-to-date: /home/kobayashi/ros2_ws/install/person_msgs/lib/libperson_msgs__rosidl_typesupport_cpp.so
[6.440s] -- Up-to-date: /home/kobayashi/ros2_ws/install/person_msgs/share/person_msgs/environment/pythonpath.sh
[6.440s] -- Installing: /home/kobayashi/ros2_ws/install/person_msgs/share/person_msgs/environment/pythonpath.dsv
[6.440s] -- Installing: /home/kobayashi/ros2_ws/install/person_msgs/lib/python3.8/site-packages/person_msgs/__init__.py
[6.467s] Compiling '/home/kobayashi/ros2_ws/install/person_msgs/lib/python3.8/site-packages/person_msgs/__init__.py'...
[6.471s] -- Up-to-date: /home/kobayashi/ros2_ws/install/person_msgs/lib/python3.8/site-packages/person_msgs/msg
[6.472s] -- Up-to-date: /home/kobayashi/ros2_ws/install/person_msgs/lib/python3.8/site-packages/person_msgs/msg/_person.py
[6.472s] -- Up-to-date: /home/kobayashi/ros2_ws/install/person_msgs/lib/python3.8/site-packages/person_msgs/msg/_person_s.c
[6.472s] -- Up-to-date: /home/kobayashi/ros2_ws/install/person_msgs/lib/python3.8/site-packages/person_msgs/msg/__init__.py
[6.472s] -- Up-to-date: /home/kobayashi/ros2_ws/install/person_msgs/lib/python3.8/site-packages/person_msgs/person_msgs_s__rosidl_typesupport_fastrtps_c.cpython-38-x86_64-linux-gnu.so
[6.472s] -- Up-to-date: /home/kobayashi/ros2_ws/install/person_msgs/lib/python3.8/site-packages/person_msgs/person_msgs_s__rosidl_typesupport_introspection_c.cpython-38-x86_64-linux-gnu.so
[6.473s] -- Up-to-date: /home/kobayashi/ros2_ws/install/person_msgs/lib/python3.8/site-packages/person_msgs/person_msgs_s__rosidl_typesupport_c.cpython-38-x86_64-linux-gnu.so
[6.473s] -- Up-to-date: /home/kobayashi/ros2_ws/install/person_msgs/lib/libperson_msgs__python.so
[6.474s] -- Up-to-date: /home/kobayashi/ros2_ws/install/person_msgs/share/person_msgs/msg/Person.idl
[6.474s] -- Installing: /home/kobayashi/ros2_ws/install/person_msgs/share/person_msgs/msg/Person.msg
[6.474s] -- Up-to-date: /home/kobayashi/ros2_ws/install/person_msgs/share/ament_index/resource_index/package_run_dependencies/person_msgs
[6.474s] -- Installing: /home/kobayashi/ros2_ws/install/person_msgs/share/ament_index/resource_index/parent_prefix_path/person_msgs
[6.475s] -- Up-to-date: /home/kobayashi/ros2_ws/install/person_msgs/share/person_msgs/environment/ament_prefix_path.sh
[6.475s] -- Installing: /home/kobayashi/ros2_ws/install/person_msgs/share/person_msgs/environment/ament_prefix_path.dsv
[6.475s] -- Up-to-date: /home/kobayashi/ros2_ws/install/person_msgs/share/person_msgs/environment/path.sh
[6.475s] -- Installing: /home/kobayashi/ros2_ws/install/person_msgs/share/person_msgs/environment/path.dsv
[6.475s] -- Up-to-date: /home/kobayashi/ros2_ws/install/person_msgs/share/person_msgs/local_setup.bash
[6.476s] -- Up-to-date: /home/kobayashi/ros2_ws/install/person_msgs/share/person_msgs/local_setup.sh
[6.476s] -- Up-to-date: /home/kobayashi/ros2_ws/install/person_msgs/share/person_msgs/local_setup.zsh
[6.476s] -- Installing: /home/kobayashi/ros2_ws/install/person_msgs/share/person_msgs/local_setup.dsv
[6.476s] -- Installing: /home/kobayashi/ros2_ws/install/person_msgs/share/person_msgs/package.dsv
[6.476s] -- Up-to-date: /home/kobayashi/ros2_ws/install/person_msgs/share/ament_index/resource_index/packages/person_msgs
[6.476s] -- Up-to-date: /home/kobayashi/ros2_ws/install/person_msgs/share/person_msgs/cmake/person_msgs__rosidl_generator_cExport.cmake
[6.477s] -- Installing: /home/kobayashi/ros2_ws/install/person_msgs/share/person_msgs/cmake/person_msgs__rosidl_generator_cExport-noconfig.cmake
[6.477s] -- Up-to-date: /home/kobayashi/ros2_ws/install/person_msgs/share/person_msgs/cmake/person_msgs__rosidl_typesupport_introspection_cExport.cmake
[6.477s] -- Installing: /home/kobayashi/ros2_ws/install/person_msgs/share/person_msgs/cmake/person_msgs__rosidl_typesupport_introspection_cExport-noconfig.cmake
[6.477s] -- Up-to-date: /home/kobayashi/ros2_ws/install/person_msgs/share/person_msgs/cmake/person_msgs__rosidl_typesupport_cExport.cmake
[6.477s] -- Installing: /home/kobayashi/ros2_ws/install/person_msgs/share/person_msgs/cmake/person_msgs__rosidl_typesupport_cExport-noconfig.cmake
[6.478s] -- Up-to-date: /home/kobayashi/ros2_ws/install/person_msgs/share/person_msgs/cmake/person_msgs__rosidl_generator_cppExport.cmake
[6.478s] -- Up-to-date: /home/kobayashi/ros2_ws/install/person_msgs/share/person_msgs/cmake/person_msgs__rosidl_typesupport_introspection_cppExport.cmake
[6.478s] -- Installing: /home/kobayashi/ros2_ws/install/person_msgs/share/person_msgs/cmake/person_msgs__rosidl_typesupport_introspection_cppExport-noconfig.cmake
[6.478s] -- Up-to-date: /home/kobayashi/ros2_ws/install/person_msgs/share/person_msgs/cmake/person_msgs__rosidl_typesupport_cppExport.cmake
[6.478s] -- Installing: /home/kobayashi/ros2_ws/install/person_msgs/share/person_msgs/cmake/person_msgs__rosidl_typesupport_cppExport-noconfig.cmake
[6.478s] -- Up-to-date: /home/kobayashi/ros2_ws/install/person_msgs/share/person_msgs/cmake/rosidl_cmake-extras.cmake
[6.478s] -- Up-to-date: /home/kobayashi/ros2_ws/install/person_msgs/share/person_msgs/cmake/ament_cmake_export_dependencies-extras.cmake
[6.478s] -- Up-to-date: /home/kobayashi/ros2_ws/install/person_msgs/share/person_msgs/cmake/ament_cmake_export_libraries-extras.cmake
[6.479s] -- Up-to-date: /home/kobayashi/ros2_ws/install/person_msgs/share/person_msgs/cmake/ament_cmake_export_targets-extras.cmake
[6.479s] -- Up-to-date: /home/kobayashi/ros2_ws/install/person_msgs/share/person_msgs/cmake/ament_cmake_export_include_directories-extras.cmake
[6.479s] -- Up-to-date: /home/kobayashi/ros2_ws/install/person_msgs/share/person_msgs/cmake/rosidl_cmake_export_typesupport_libraries-extras.cmake
[6.479s] -- Up-to-date: /home/kobayashi/ros2_ws/install/person_msgs/share/person_msgs/cmake/rosidl_cmake_export_typesupport_targets-extras.cmake
[6.479s] -- Up-to-date: /home/kobayashi/ros2_ws/install/person_msgs/share/person_msgs/cmake/person_msgsConfig.cmake
[6.479s] -- Up-to-date: /home/kobayashi/ros2_ws/install/person_msgs/share/person_msgs/cmake/person_msgsConfig-version.cmake
[6.479s] -- Up-to-date: /home/kobayashi/ros2_ws/install/person_msgs/share/person_msgs/package.xml
[6.481s] Invoked command in '/home/kobayashi/ros2_ws/build/person_msgs' returned '0': CMAKE_PREFIX_PATH=${CMAKE_PREFIX_PATH}:/home/kobayashi/ros2_ws/install/mypkg:/opt/ros/foxy /usr/bin/cmake --install /home/kobayashi/ros2_ws/build/person_msgs
