[0.788s] Invoking command in '/home/kobayashi/ros2_ws/scr/mypkg': PYTHONPATH=/home/kobayashi/ros2_ws/build/mypkg/prefix_override:/home/kobayashi/ros2_ws/install/mypkg/lib/python3.8/site-packages:${PYTHONPATH} /usr/bin/python3 setup.py egg_info --egg-base ../../build/mypkg build --build-base /home/kobayashi/ros2_ws/build/mypkg/build install --record /home/kobayashi/ros2_ws/build/mypkg/install.log --install-scripts $base/lib/mypkg --single-version-externally-managed
[0.962s] running egg_info
[0.962s] writing ../../build/mypkg/mypkg.egg-info/PKG-INFO
[0.963s] writing dependency_links to ../../build/mypkg/mypkg.egg-info/dependency_links.txt
[0.963s] writing entry points to ../../build/mypkg/mypkg.egg-info/entry_points.txt
[0.963s] writing requirements to ../../build/mypkg/mypkg.egg-info/requires.txt
[0.963s] writing top-level names to ../../build/mypkg/mypkg.egg-info/top_level.txt
[0.989s] reading manifest file '../../build/mypkg/mypkg.egg-info/SOURCES.txt'
[0.990s] writing manifest file '../../build/mypkg/mypkg.egg-info/SOURCES.txt'
[0.990s] running build
[0.990s] running build_py
[0.991s] copying mypkg/talker.py -> /home/kobayashi/ros2_ws/build/mypkg/build/lib/mypkg
[0.991s] running install
[0.991s] running install_lib
[0.992s] copying /home/kobayashi/ros2_ws/build/mypkg/build/lib/mypkg/talker.py -> /home/kobayashi/ros2_ws/install/mypkg/lib/python3.8/site-packages/mypkg
[0.992s] byte-compiling /home/kobayashi/ros2_ws/install/mypkg/lib/python3.8/site-packages/mypkg/talker.py to talker.cpython-38.pyc
[0.994s] running install_data
[0.994s] copying package.xml -> /home/kobayashi/ros2_ws/install/mypkg/share/mypkg
[0.994s] running install_egg_info
[0.996s] removing '/home/kobayashi/ros2_ws/install/mypkg/lib/python3.8/site-packages/mypkg-0.0.0-py3.8.egg-info' (and everything under it)
[0.996s] Copying ../../build/mypkg/mypkg.egg-info to /home/kobayashi/ros2_ws/install/mypkg/lib/python3.8/site-packages/mypkg-0.0.0-py3.8.egg-info
[0.997s] running install_scripts
[1.013s] Installing talker script to /home/kobayashi/ros2_ws/install/mypkg/lib/mypkg
[1.013s] writing list of installed files to '/home/kobayashi/ros2_ws/build/mypkg/install.log'
[1.032s] Invoked command in '/home/kobayashi/ros2_ws/scr/mypkg' returned '0': PYTHONPATH=/home/kobayashi/ros2_ws/build/mypkg/prefix_override:/home/kobayashi/ros2_ws/install/mypkg/lib/python3.8/site-packages:${PYTHONPATH} /usr/bin/python3 setup.py egg_info --egg-base ../../build/mypkg build --build-base /home/kobayashi/ros2_ws/build/mypkg/build install --record /home/kobayashi/ros2_ws/build/mypkg/install.log --install-scripts $base/lib/mypkg --single-version-externally-managed
