[1.118s] Invoking command in '/home/kobayashi/ros2_ws/scr/mypkg': PYTHONPATH=/home/kobayashi/ros2_ws/build/mypkg/prefix_override:/home/kobayashi/ros2_ws/install/mypkg/lib/python3.8/site-packages:${PYTHONPATH} /usr/bin/python3 setup.py egg_info --egg-base ../../build/mypkg build --build-base /home/kobayashi/ros2_ws/build/mypkg/build install --record /home/kobayashi/ros2_ws/build/mypkg/install.log --install-scripts $base/lib/mypkg --single-version-externally-managed
[1.319s] running egg_info
[1.319s] writing ../../build/mypkg/mypkg.egg-info/PKG-INFO
[1.320s] writing dependency_links to ../../build/mypkg/mypkg.egg-info/dependency_links.txt
[1.320s] writing entry points to ../../build/mypkg/mypkg.egg-info/entry_points.txt
[1.320s] writing requirements to ../../build/mypkg/mypkg.egg-info/requires.txt
[1.320s] writing top-level names to ../../build/mypkg/mypkg.egg-info/top_level.txt
[1.353s] reading manifest file '../../build/mypkg/mypkg.egg-info/SOURCES.txt'
[1.354s] writing manifest file '../../build/mypkg/mypkg.egg-info/SOURCES.txt'
[1.355s] running build
[1.355s] running build_py
[1.355s] running install
[1.356s] running install_lib
[1.357s] running install_data
[1.358s] running install_egg_info
[1.359s] removing '/home/kobayashi/ros2_ws/install/mypkg/lib/python3.8/site-packages/mypkg-0.0.0-py3.8.egg-info' (and everything under it)
[1.360s] Copying ../../build/mypkg/mypkg.egg-info to /home/kobayashi/ros2_ws/install/mypkg/lib/python3.8/site-packages/mypkg-0.0.0-py3.8.egg-info
[1.361s] running install_scripts
[1.380s] Installing talker script to /home/kobayashi/ros2_ws/install/mypkg/lib/mypkg
[1.381s] writing list of installed files to '/home/kobayashi/ros2_ws/build/mypkg/install.log'
[1.414s] Invoked command in '/home/kobayashi/ros2_ws/scr/mypkg' returned '0': PYTHONPATH=/home/kobayashi/ros2_ws/build/mypkg/prefix_override:/home/kobayashi/ros2_ws/install/mypkg/lib/python3.8/site-packages:${PYTHONPATH} /usr/bin/python3 setup.py egg_info --egg-base ../../build/mypkg build --build-base /home/kobayashi/ros2_ws/build/mypkg/build install --record /home/kobayashi/ros2_ws/build/mypkg/install.log --install-scripts $base/lib/mypkg --single-version-externally-managed
