[1.362s] Invoking command in '/home/kobayashi/ros2_ws/scr/mypkg': PYTHONPATH=/home/kobayashi/ros2_ws/scr/build/mypkg/prefix_override:/home/kobayashi/ros2_ws/scr/install/mypkg/lib/python3.8/site-packages:${PYTHONPATH} /usr/bin/python3 setup.py egg_info --egg-base ../build/mypkg build --build-base /home/kobayashi/ros2_ws/scr/build/mypkg/build install --record /home/kobayashi/ros2_ws/scr/build/mypkg/install.log --install-scripts $base/lib/mypkg --single-version-externally-managed
[1.561s] running egg_info
[1.562s] creating ../build/mypkg/mypkg.egg-info
[1.562s] writing ../build/mypkg/mypkg.egg-info/PKG-INFO
[1.562s] writing dependency_links to ../build/mypkg/mypkg.egg-info/dependency_links.txt
[1.562s] writing entry points to ../build/mypkg/mypkg.egg-info/entry_points.txt
[1.562s] writing requirements to ../build/mypkg/mypkg.egg-info/requires.txt
[1.563s] writing top-level names to ../build/mypkg/mypkg.egg-info/top_level.txt
[1.564s] writing manifest file '../build/mypkg/mypkg.egg-info/SOURCES.txt'
[1.595s] reading manifest file '../build/mypkg/mypkg.egg-info/SOURCES.txt'
[1.596s] writing manifest file '../build/mypkg/mypkg.egg-info/SOURCES.txt'
[1.596s] running build
[1.596s] running build_py
[1.596s] creating /home/kobayashi/ros2_ws/scr/build/mypkg/build
[1.597s] creating /home/kobayashi/ros2_ws/scr/build/mypkg/build/lib
[1.597s] creating /home/kobayashi/ros2_ws/scr/build/mypkg/build/lib/mypkg
[1.597s] copying mypkg/talker.py -> /home/kobayashi/ros2_ws/scr/build/mypkg/build/lib/mypkg
[1.597s] copying mypkg/__init__.py -> /home/kobayashi/ros2_ws/scr/build/mypkg/build/lib/mypkg
[1.597s] running install
[1.598s] running install_lib
[1.599s] creating /home/kobayashi/ros2_ws/scr/install/mypkg/lib/python3.8/site-packages/mypkg
[1.599s] copying /home/kobayashi/ros2_ws/scr/build/mypkg/build/lib/mypkg/talker.py -> /home/kobayashi/ros2_ws/scr/install/mypkg/lib/python3.8/site-packages/mypkg
[1.599s] copying /home/kobayashi/ros2_ws/scr/build/mypkg/build/lib/mypkg/__init__.py -> /home/kobayashi/ros2_ws/scr/install/mypkg/lib/python3.8/site-packages/mypkg
[1.599s] byte-compiling /home/kobayashi/ros2_ws/scr/install/mypkg/lib/python3.8/site-packages/mypkg/talker.py to talker.cpython-38.pyc
[1.601s] byte-compiling /home/kobayashi/ros2_ws/scr/install/mypkg/lib/python3.8/site-packages/mypkg/__init__.py to __init__.cpython-38.pyc
[1.601s] running install_data
[1.601s] creating /home/kobayashi/ros2_ws/scr/install/mypkg/share/ament_index
[1.601s] creating /home/kobayashi/ros2_ws/scr/install/mypkg/share/ament_index/resource_index
[1.602s] creating /home/kobayashi/ros2_ws/scr/install/mypkg/share/ament_index/resource_index/packages
[1.602s] copying resource/mypkg -> /home/kobayashi/ros2_ws/scr/install/mypkg/share/ament_index/resource_index/packages
[1.602s] copying package.xml -> /home/kobayashi/ros2_ws/scr/install/mypkg/share/mypkg
[1.602s] copying launch/talk_listen.launch.py -> /home/kobayashi/ros2_ws/scr/install/mypkg/share/mypkg
[1.602s] running install_egg_info
[1.604s] Copying ../build/mypkg/mypkg.egg-info to /home/kobayashi/ros2_ws/scr/install/mypkg/lib/python3.8/site-packages/mypkg-0.0.0-py3.8.egg-info
[1.605s] running install_scripts
[1.623s] Installing talker script to /home/kobayashi/ros2_ws/scr/install/mypkg/lib/mypkg
[1.623s] writing list of installed files to '/home/kobayashi/ros2_ws/scr/build/mypkg/install.log'
[1.647s] Invoked command in '/home/kobayashi/ros2_ws/scr/mypkg' returned '0': PYTHONPATH=/home/kobayashi/ros2_ws/scr/build/mypkg/prefix_override:/home/kobayashi/ros2_ws/scr/install/mypkg/lib/python3.8/site-packages:${PYTHONPATH} /usr/bin/python3 setup.py egg_info --egg-base ../build/mypkg build --build-base /home/kobayashi/ros2_ws/scr/build/mypkg/build install --record /home/kobayashi/ros2_ws/scr/build/mypkg/install.log --install-scripts $base/lib/mypkg --single-version-externally-managed
