[0.539s] Invoking command in '/home/kobayashi/ros2_ws/build/person_msgs': CMAKE_PREFIX_PATH=/home/kobayashi/ros2_ws/install/mypkg:/opt/ros/foxy /usr/bin/cmake /home/kobayashi/ros2_ws/scr/person_msgs -DCMAKE_INSTALL_PREFIX=/home/kobayashi/ros2_ws/install/person_msgs
[1.125s] -- The C compiler identification is GNU 9.4.0
[1.542s] -- The CXX compiler identification is GNU 9.4.0
[1.689s] -- Check for working C compiler: /usr/bin/cc
[2.023s] -- Check for working C compiler: /usr/bin/cc -- works
[2.028s] -- Detecting C compiler ABI info
[2.244s] -- Detecting C compiler ABI info - done
[2.260s] -- Detecting C compile features
[2.261s] -- Detecting C compile features - done
[2.270s] -- Check for working CXX compiler: /usr/bin/c++
[2.439s] -- Check for working CXX compiler: /usr/bin/c++ -- works
[2.440s] -- Detecting CXX compiler ABI info
[2.716s] -- Detecting CXX compiler ABI info - done
[2.739s] -- Detecting CXX compile features
[2.740s] -- Detecting CXX compile features - done
[2.752s] -- Found ament_cmake: 0.9.12 (/opt/ros/foxy/share/ament_cmake/cmake)
[2.807s] -- Found PythonInterp: /usr/bin/python3 (found suitable version "3.8.10", minimum required is "3") 
[2.807s] -- Using PYTHON_EXECUTABLE: /usr/bin/python3
[3.177s] -- Found ament_lint_auto: 0.9.8 (/opt/ros/foxy/share/ament_lint_auto/cmake)
[3.184s] -- Found rosidl_default_generators: 1.0.1 (/opt/ros/foxy/share/rosidl_default_generators/cmake)
[3.201s] -- Using all available rosidl_typesupport_c: rosidl_typesupport_fastrtps_c;rosidl_typesupport_introspection_c
[3.228s] -- Found rosidl_adapter: 1.3.1 (/opt/ros/foxy/share/rosidl_adapter/cmake)
[4.235s] -- Found OpenSSL: /usr/lib/x86_64-linux-gnu/libcrypto.so (found version "1.1.1f")  
[4.947s] -- Found FastRTPS: /opt/ros/foxy/include  
[6.451s] -- Using all available rosidl_typesupport_cpp: rosidl_typesupport_fastrtps_cpp;rosidl_typesupport_introspection_cpp
[6.512s] -- Found PythonInterp: /usr/bin/python3 (found version "3.8.10") 
[6.646s] CMake Error at /opt/ros/foxy/share/rosidl_cmake/cmake/rosidl_generate_interfaces.cmake:229 (message):
[6.646s]   Packages installing interfaces must include
[6.646s]   '<member_of_group>rosidl_interface_packages</member_of_group>' in their
[6.646s]   package.xml
[6.646s] Call Stack (most recent call first):
[6.647s]   CMakeLists.txt:27 (rosidl_generate_interfaces)
[6.647s] 
[6.647s] 
[6.647s] -- Configuring incomplete, errors occurred!
[6.647s] See also "/home/kobayashi/ros2_ws/build/person_msgs/CMakeFiles/CMakeOutput.log".
[6.656s] Invoked command in '/home/kobayashi/ros2_ws/build/person_msgs' returned '1': CMAKE_PREFIX_PATH=/home/kobayashi/ros2_ws/install/mypkg:/opt/ros/foxy /usr/bin/cmake /home/kobayashi/ros2_ws/scr/person_msgs -DCMAKE_INSTALL_PREFIX=/home/kobayashi/ros2_ws/install/person_msgs
