[2.176s] DEBUG:colcon:Command line arguments: ['/usr/bin/colcon', 'build']
[2.176s] DEBUG:colcon:Parsed command line arguments: Namespace(allow_overriding=[], ament_cmake_args=None, base_paths=['.'], build_base='build', catkin_cmake_args=None, catkin_skip_building_tests=False, cmake_args=None, cmake_clean_cache=False, cmake_clean_first=False, cmake_force_configure=False, cmake_target=None, cmake_target_skip_unavailable=False, continue_on_error=False, event_handlers=None, executor='parallel', ignore_user_meta=False, install_base='install', log_base=None, log_level=None, main=<bound method BuildVerb.main of <colcon_core.verb.build.BuildVerb object at 0x7f7e1798de50>>, merge_install=False, metas=['./colcon.meta'], packages_above=None, packages_above_and_dependencies=None, packages_above_depth=None, packages_end=None, packages_ignore=None, packages_ignore_regex=None, packages_select=None, packages_select_build_failed=False, packages_select_by_dep=None, packages_select_regex=None, packages_select_test_failures=False, packages_skip=None, packages_skip_build_finished=False, packages_skip_by_dep=None, packages_skip_regex=None, packages_skip_test_passed=False, packages_skip_up_to=None, packages_start=None, packages_up_to=None, packages_up_to_regex=None, parallel_workers=8, paths=None, symlink_install=False, test_result_base=None, verb_extension=<colcon_core.verb.build.BuildVerb object at 0x7f7e1798de50>, verb_name='build', verb_parser=<colcon_defaults.argument_parser.defaults.DefaultArgumentsDecorator object at 0x7f7e175a0850>)
[2.311s] Level 1:colcon.colcon_core.package_discovery:discover_packages(colcon_meta) check parameters
[2.311s] Level 1:colcon.colcon_core.package_discovery:discover_packages(recursive) check parameters
[2.312s] Level 1:colcon.colcon_core.package_discovery:discover_packages(ignore) check parameters
[2.312s] Level 1:colcon.colcon_core.package_discovery:discover_packages(path) check parameters
[2.312s] Level 1:colcon.colcon_core.package_discovery:discover_packages(colcon_meta) discover
[2.312s] Level 1:colcon.colcon_core.package_discovery:discover_packages(recursive) discover
[2.312s] INFO:colcon.colcon_core.package_discovery:Crawling recursively for packages in '/home/kobayashi/ros2_ws/scr'
[2.312s] Level 1:colcon.colcon_core.package_identification:_identify(.) by extensions ['ignore', 'ignore_ament_install']
[2.312s] Level 1:colcon.colcon_core.package_identification:_identify(.) by extension 'ignore'
[2.312s] Level 1:colcon.colcon_core.package_identification:_identify(.) by extension 'ignore_ament_install'
[2.312s] Level 1:colcon.colcon_core.package_identification:_identify(.) by extensions ['colcon_pkg']
[2.312s] Level 1:colcon.colcon_core.package_identification:_identify(.) by extension 'colcon_pkg'
[2.312s] Level 1:colcon.colcon_core.package_identification:_identify(.) by extensions ['colcon_meta']
[2.312s] Level 1:colcon.colcon_core.package_identification:_identify(.) by extension 'colcon_meta'
[2.312s] Level 1:colcon.colcon_core.package_identification:_identify(.) by extensions ['ros']
[2.312s] Level 1:colcon.colcon_core.package_identification:_identify(.) by extension 'ros'
[2.324s] Level 1:colcon.colcon_core.package_identification:_identify(.) by extensions ['cmake', 'python']
[2.324s] Level 1:colcon.colcon_core.package_identification:_identify(.) by extension 'cmake'
[2.324s] Level 1:colcon.colcon_core.package_identification:_identify(.) by extension 'python'
[2.324s] Level 1:colcon.colcon_core.package_identification:_identify(.) by extensions ['python_setup_py']
[2.324s] Level 1:colcon.colcon_core.package_identification:_identify(.) by extension 'python_setup_py'
[2.324s] Level 1:colcon.colcon_core.package_identification:_identify(build) by extensions ['ignore', 'ignore_ament_install']
[2.324s] Level 1:colcon.colcon_core.package_identification:_identify(build) by extension 'ignore'
[2.324s] Level 1:colcon.colcon_core.package_identification:_identify(build) ignored
[2.325s] Level 1:colcon.colcon_core.package_identification:_identify(install) by extensions ['ignore', 'ignore_ament_install']
[2.325s] Level 1:colcon.colcon_core.package_identification:_identify(install) by extension 'ignore'
[2.325s] Level 1:colcon.colcon_core.package_identification:_identify(install) ignored
[2.325s] Level 1:colcon.colcon_core.package_identification:_identify(log) by extensions ['ignore', 'ignore_ament_install']
[2.325s] Level 1:colcon.colcon_core.package_identification:_identify(log) by extension 'ignore'
[2.325s] Level 1:colcon.colcon_core.package_identification:_identify(log) ignored
[2.325s] Level 1:colcon.colcon_core.package_identification:_identify(mypkg) by extensions ['ignore', 'ignore_ament_install']
[2.325s] Level 1:colcon.colcon_core.package_identification:_identify(mypkg) by extension 'ignore'
[2.325s] Level 1:colcon.colcon_core.package_identification:_identify(mypkg) by extension 'ignore_ament_install'
[2.325s] Level 1:colcon.colcon_core.package_identification:_identify(mypkg) by extensions ['colcon_pkg']
[2.325s] Level 1:colcon.colcon_core.package_identification:_identify(mypkg) by extension 'colcon_pkg'
[2.325s] Level 1:colcon.colcon_core.package_identification:_identify(mypkg) by extensions ['colcon_meta']
[2.326s] Level 1:colcon.colcon_core.package_identification:_identify(mypkg) by extension 'colcon_meta'
[2.326s] Level 1:colcon.colcon_core.package_identification:_identify(mypkg) by extensions ['ros']
[2.326s] Level 1:colcon.colcon_core.package_identification:_identify(mypkg) by extension 'ros'
[2.328s] DEBUG:colcon.colcon_core.package_identification:Package 'mypkg' with type 'ros.ament_python' and name 'mypkg'
[2.328s] Level 1:colcon.colcon_core.package_identification:_identify(person_msgs) by extensions ['ignore', 'ignore_ament_install']
[2.329s] Level 1:colcon.colcon_core.package_identification:_identify(person_msgs) by extension 'ignore'
[2.329s] Level 1:colcon.colcon_core.package_identification:_identify(person_msgs) by extension 'ignore_ament_install'
[2.329s] Level 1:colcon.colcon_core.package_identification:_identify(person_msgs) by extensions ['colcon_pkg']
[2.329s] Level 1:colcon.colcon_core.package_identification:_identify(person_msgs) by extension 'colcon_pkg'
[2.329s] Level 1:colcon.colcon_core.package_identification:_identify(person_msgs) by extensions ['colcon_meta']
[2.329s] Level 1:colcon.colcon_core.package_identification:_identify(person_msgs) by extension 'colcon_meta'
[2.329s] Level 1:colcon.colcon_core.package_identification:_identify(person_msgs) by extensions ['ros']
[2.329s] Level 1:colcon.colcon_core.package_identification:_identify(person_msgs) by extension 'ros'
[2.329s] DEBUG:colcon.colcon_core.package_identification:Package 'person_msgs' with type 'ros.ament_cmake' and name 'person_msgs'
[2.329s] Level 1:colcon.colcon_core.package_discovery:discover_packages(recursive) using defaults
[2.329s] Level 1:colcon.colcon_core.package_discovery:discover_packages(ignore) discover
[2.330s] Level 1:colcon.colcon_core.package_discovery:discover_packages(ignore) using defaults
[2.330s] Level 1:colcon.colcon_core.package_discovery:discover_packages(path) discover
[2.330s] Level 1:colcon.colcon_core.package_discovery:discover_packages(path) using defaults
[2.556s] Level 1:colcon.colcon_core.package_discovery:discover_packages(prefix_path) check parameters
[2.556s] Level 1:colcon.colcon_core.package_discovery:discover_packages(prefix_path) discover
[2.617s] DEBUG:colcon.colcon_installed_package_information.package_discovery:Found 2 installed packages in /home/kobayashi/ros2_ws/install
[2.658s] DEBUG:colcon.colcon_installed_package_information.package_discovery:Found 256 installed packages in /opt/ros/foxy
[2.660s] Level 1:colcon.colcon_core.package_discovery:discover_packages(prefix_path) using defaults
[2.832s] Level 5:colcon.colcon_core.verb:set package 'mypkg' build argument 'cmake_args' from command line to 'None'
[2.832s] Level 5:colcon.colcon_core.verb:set package 'mypkg' build argument 'cmake_target' from command line to 'None'
[2.832s] Level 5:colcon.colcon_core.verb:set package 'mypkg' build argument 'cmake_target_skip_unavailable' from command line to 'False'
[2.832s] Level 5:colcon.colcon_core.verb:set package 'mypkg' build argument 'cmake_clean_cache' from command line to 'False'
[2.832s] Level 5:colcon.colcon_core.verb:set package 'mypkg' build argument 'cmake_clean_first' from command line to 'False'
[2.832s] Level 5:colcon.colcon_core.verb:set package 'mypkg' build argument 'cmake_force_configure' from command line to 'False'
[2.832s] Level 5:colcon.colcon_core.verb:set package 'mypkg' build argument 'ament_cmake_args' from command line to 'None'
[2.832s] Level 5:colcon.colcon_core.verb:set package 'mypkg' build argument 'catkin_cmake_args' from command line to 'None'
[2.832s] Level 5:colcon.colcon_core.verb:set package 'mypkg' build argument 'catkin_skip_building_tests' from command line to 'False'
[2.832s] DEBUG:colcon.colcon_core.verb:Building package 'mypkg' with the following arguments: {'ament_cmake_args': None, 'build_base': '/home/kobayashi/ros2_ws/scr/build/mypkg', 'catkin_cmake_args': None, 'catkin_skip_building_tests': False, 'cmake_args': None, 'cmake_clean_cache': False, 'cmake_clean_first': False, 'cmake_force_configure': False, 'cmake_target': None, 'cmake_target_skip_unavailable': False, 'install_base': '/home/kobayashi/ros2_ws/scr/install/mypkg', 'merge_install': False, 'path': '/home/kobayashi/ros2_ws/scr/mypkg', 'symlink_install': False, 'test_result_base': None}
[2.868s] Level 5:colcon.colcon_core.verb:set package 'person_msgs' build argument 'cmake_args' from command line to 'None'
[2.868s] Level 5:colcon.colcon_core.verb:set package 'person_msgs' build argument 'cmake_target' from command line to 'None'
[2.868s] Level 5:colcon.colcon_core.verb:set package 'person_msgs' build argument 'cmake_target_skip_unavailable' from command line to 'False'
[2.868s] Level 5:colcon.colcon_core.verb:set package 'person_msgs' build argument 'cmake_clean_cache' from command line to 'False'
[2.868s] Level 5:colcon.colcon_core.verb:set package 'person_msgs' build argument 'cmake_clean_first' from command line to 'False'
[2.868s] Level 5:colcon.colcon_core.verb:set package 'person_msgs' build argument 'cmake_force_configure' from command line to 'False'
[2.868s] Level 5:colcon.colcon_core.verb:set package 'person_msgs' build argument 'ament_cmake_args' from command line to 'None'
[2.868s] Level 5:colcon.colcon_core.verb:set package 'person_msgs' build argument 'catkin_cmake_args' from command line to 'None'
[2.868s] Level 5:colcon.colcon_core.verb:set package 'person_msgs' build argument 'catkin_skip_building_tests' from command line to 'False'
[2.868s] DEBUG:colcon.colcon_core.verb:Building package 'person_msgs' with the following arguments: {'ament_cmake_args': None, 'build_base': '/home/kobayashi/ros2_ws/scr/build/person_msgs', 'catkin_cmake_args': None, 'catkin_skip_building_tests': False, 'cmake_args': None, 'cmake_clean_cache': False, 'cmake_clean_first': False, 'cmake_force_configure': False, 'cmake_target': None, 'cmake_target_skip_unavailable': False, 'install_base': '/home/kobayashi/ros2_ws/scr/install/person_msgs', 'merge_install': False, 'path': '/home/kobayashi/ros2_ws/scr/person_msgs', 'symlink_install': False, 'test_result_base': None}
[2.895s] INFO:colcon.colcon_core.executor:Executing jobs using 'parallel' executor
[2.923s] DEBUG:colcon.colcon_parallel_executor.executor.parallel:run_until_complete
[2.923s] INFO:colcon.colcon_ros.task.ament_python.build:Building ROS package in '/home/kobayashi/ros2_ws/scr/mypkg' with build type 'ament_python'
[2.924s] Level 1:colcon.colcon_core.shell:create_environment_hook('mypkg', 'ament_prefix_path')
[2.956s] INFO:colcon.colcon_core.plugin_system:Skipping extension 'colcon_core.shell.bat': Not used on non-Windows systems
[2.956s] INFO:colcon.colcon_core.shell:Creating environment hook '/home/kobayashi/ros2_ws/scr/install/mypkg/share/mypkg/hook/ament_prefix_path.ps1'
[2.957s] INFO:colcon.colcon_core.shell:Creating environment descriptor '/home/kobayashi/ros2_ws/scr/install/mypkg/share/mypkg/hook/ament_prefix_path.dsv'
[2.957s] INFO:colcon.colcon_core.shell:Creating environment hook '/home/kobayashi/ros2_ws/scr/install/mypkg/share/mypkg/hook/ament_prefix_path.sh'
[2.989s] INFO:colcon.colcon_core.shell:Skip shell extension 'powershell' for command environment: Not usable outside of PowerShell
[2.989s] DEBUG:colcon.colcon_core.shell:Skip shell extension 'dsv' for command environment
[3.188s] INFO:colcon.colcon_ros.task.ament_cmake.build:Building ROS package in '/home/kobayashi/ros2_ws/scr/person_msgs' with build type 'ament_cmake'
[3.189s] INFO:colcon.colcon_cmake.task.cmake.build:Building CMake package in '/home/kobayashi/ros2_ws/scr/person_msgs'
[3.263s] INFO:colcon.colcon_core.shell:Skip shell extension 'powershell' for command environment: Not usable outside of PowerShell
[3.263s] DEBUG:colcon.colcon_core.shell:Skip shell extension 'dsv' for command environment
[3.624s] INFO:colcon.colcon_core.task.python.build:Building Python package in '/home/kobayashi/ros2_ws/scr/mypkg'
[3.676s] INFO:colcon.colcon_core.shell:Skip shell extension 'powershell' for command environment: Not usable outside of PowerShell
[3.676s] DEBUG:colcon.colcon_core.shell:Skip shell extension 'dsv' for command environment
[3.841s] DEBUG:colcon.colcon_core.event_handler.log_command:Invoking command in '/home/kobayashi/ros2_ws/scr/build/person_msgs': CMAKE_PREFIX_PATH=/home/kobayashi/ros2_ws/install/mypkg:/opt/ros/foxy /usr/bin/cmake /home/kobayashi/ros2_ws/scr/person_msgs -DCMAKE_INSTALL_PREFIX=/home/kobayashi/ros2_ws/scr/install/person_msgs
[4.286s] DEBUG:colcon.colcon_core.event_handler.log_command:Invoking command in '/home/kobayashi/ros2_ws/scr/mypkg': PYTHONPATH=/home/kobayashi/ros2_ws/scr/build/mypkg/prefix_override:/home/kobayashi/ros2_ws/scr/install/mypkg/lib/python3.8/site-packages:${PYTHONPATH} /usr/bin/python3 setup.py egg_info --egg-base ../build/mypkg build --build-base /home/kobayashi/ros2_ws/scr/build/mypkg/build install --record /home/kobayashi/ros2_ws/scr/build/mypkg/install.log --install-scripts $base/lib/mypkg --single-version-externally-managed
[4.571s] DEBUG:colcon.colcon_core.event_handler.log_command:Invoked command in '/home/kobayashi/ros2_ws/scr/mypkg' returned '0': PYTHONPATH=/home/kobayashi/ros2_ws/scr/build/mypkg/prefix_override:/home/kobayashi/ros2_ws/scr/install/mypkg/lib/python3.8/site-packages:${PYTHONPATH} /usr/bin/python3 setup.py egg_info --egg-base ../build/mypkg build --build-base /home/kobayashi/ros2_ws/scr/build/mypkg/build install --record /home/kobayashi/ros2_ws/scr/build/mypkg/install.log --install-scripts $base/lib/mypkg --single-version-externally-managed
[4.611s] Level 1:colcon.colcon_core.environment:checking '/home/kobayashi/ros2_ws/scr/install/mypkg' for CMake module files
[4.612s] Level 1:colcon.colcon_core.environment:checking '/home/kobayashi/ros2_ws/scr/install/mypkg' for CMake config files
[4.612s] Level 1:colcon.colcon_core.environment:checking '/home/kobayashi/ros2_ws/scr/install/mypkg/lib'
[4.612s] Level 1:colcon.colcon_core.environment:checking '/home/kobayashi/ros2_ws/scr/install/mypkg/bin'
[4.613s] Level 1:colcon.colcon_core.environment:checking '/home/kobayashi/ros2_ws/scr/install/mypkg/lib/pkgconfig/mypkg.pc'
[4.613s] Level 1:colcon.colcon_core.environment:checking '/home/kobayashi/ros2_ws/scr/install/mypkg/lib/python3.8/site-packages'
[4.613s] Level 1:colcon.colcon_core.shell:create_environment_hook('mypkg', 'pythonpath')
[4.649s] INFO:colcon.colcon_core.shell:Creating environment hook '/home/kobayashi/ros2_ws/scr/install/mypkg/share/mypkg/hook/pythonpath.ps1'
[4.650s] INFO:colcon.colcon_core.shell:Creating environment descriptor '/home/kobayashi/ros2_ws/scr/install/mypkg/share/mypkg/hook/pythonpath.dsv'
[4.651s] INFO:colcon.colcon_core.shell:Creating environment hook '/home/kobayashi/ros2_ws/scr/install/mypkg/share/mypkg/hook/pythonpath.sh'
[4.652s] Level 1:colcon.colcon_core.environment:checking '/home/kobayashi/ros2_ws/scr/install/mypkg/bin'
[4.652s] Level 1:colcon.colcon_core.environment:create_environment_scripts_only(mypkg)
[4.690s] INFO:colcon.colcon_core.shell:Creating package script '/home/kobayashi/ros2_ws/scr/install/mypkg/share/mypkg/package.ps1'
[4.691s] INFO:colcon.colcon_core.shell:Creating package descriptor '/home/kobayashi/ros2_ws/scr/install/mypkg/share/mypkg/package.dsv'
[4.691s] INFO:colcon.colcon_core.shell:Creating package script '/home/kobayashi/ros2_ws/scr/install/mypkg/share/mypkg/package.sh'
[4.692s] INFO:colcon.colcon_core.shell:Creating package script '/home/kobayashi/ros2_ws/scr/install/mypkg/share/mypkg/package.bash'
[4.693s] INFO:colcon.colcon_core.shell:Creating package script '/home/kobayashi/ros2_ws/scr/install/mypkg/share/mypkg/package.zsh'
[4.693s] Level 1:colcon.colcon_core.environment:create_file_with_runtime_dependencies(/home/kobayashi/ros2_ws/scr/install/mypkg/share/colcon-core/packages/mypkg)
[8.097s] DEBUG:colcon.colcon_core.event_handler.log_command:Invoked command in '/home/kobayashi/ros2_ws/scr/build/person_msgs' returned '1': CMAKE_PREFIX_PATH=/home/kobayashi/ros2_ws/install/mypkg:/opt/ros/foxy /usr/bin/cmake /home/kobayashi/ros2_ws/scr/person_msgs -DCMAKE_INSTALL_PREFIX=/home/kobayashi/ros2_ws/scr/install/person_msgs
[8.112s] Level 1:colcon.colcon_core.environment:create_environment_scripts_only(person_msgs)
[8.171s] Level 1:colcon.colcon_core.environment:checking '/home/kobayashi/ros2_ws/scr/install/person_msgs' for CMake module files
[8.171s] Level 1:colcon.colcon_core.environment:checking '/home/kobayashi/ros2_ws/scr/install/person_msgs' for CMake config files
[8.172s] Level 1:colcon.colcon_core.environment:checking '/home/kobayashi/ros2_ws/scr/install/person_msgs/bin'
[8.172s] Level 1:colcon.colcon_core.environment:checking '/home/kobayashi/ros2_ws/scr/install/person_msgs/lib/pkgconfig/person_msgs.pc'
[8.172s] Level 1:colcon.colcon_core.environment:checking '/home/kobayashi/ros2_ws/scr/install/person_msgs/lib/python3.8/site-packages'
[8.172s] Level 1:colcon.colcon_core.environment:checking '/home/kobayashi/ros2_ws/scr/install/person_msgs/bin'
[8.251s] INFO:colcon.colcon_core.shell:Creating package script '/home/kobayashi/ros2_ws/scr/install/person_msgs/share/person_msgs/package.ps1'
[8.252s] INFO:colcon.colcon_core.shell:Creating package descriptor '/home/kobayashi/ros2_ws/scr/install/person_msgs/share/person_msgs/package.dsv'
[8.253s] INFO:colcon.colcon_core.shell:Creating package script '/home/kobayashi/ros2_ws/scr/install/person_msgs/share/person_msgs/package.sh'
[8.254s] INFO:colcon.colcon_core.shell:Creating package script '/home/kobayashi/ros2_ws/scr/install/person_msgs/share/person_msgs/package.bash'
[8.254s] INFO:colcon.colcon_core.shell:Creating package script '/home/kobayashi/ros2_ws/scr/install/person_msgs/share/person_msgs/package.zsh'
[8.255s] Level 1:colcon.colcon_core.environment:create_file_with_runtime_dependencies(/home/kobayashi/ros2_ws/scr/install/person_msgs/share/colcon-core/packages/person_msgs)
[8.256s] DEBUG:colcon.colcon_parallel_executor.executor.parallel:closing loop
[8.256s] DEBUG:colcon.colcon_parallel_executor.executor.parallel:loop closed
[8.256s] DEBUG:colcon.colcon_parallel_executor.executor.parallel:run_until_complete finished with '1'
[8.257s] DEBUG:colcon.colcon_core.event_reactor:joining thread
[8.357s] INFO:colcon.colcon_core.plugin_system:Skipping extension 'colcon_notification.desktop_notification.notify_send': Could not find 'notify-send'
[8.357s] INFO:colcon.colcon_core.plugin_system:Skipping extension 'colcon_notification.desktop_notification.terminal_notifier': Not used on non-Darwin systems
[8.357s] INFO:colcon.colcon_core.plugin_system:Skipping extension 'colcon_notification.desktop_notification.win32': Not used on non-Windows systems
[8.357s] INFO:colcon.colcon_notification.desktop_notification:Sending desktop notification using 'notify2'
[8.363s] DEBUG:colcon.colcon_notification.desktop_notification.notify2:Failed to initialize notify2: org.freedesktop.DBus.Error.ServiceUnknown: The name org.freedesktop.Notifications was not provided by any .service files
[8.363s] DEBUG:colcon.colcon_core.event_reactor:joined thread
[8.396s] INFO:colcon.colcon_core.shell:Creating prefix script '/home/kobayashi/ros2_ws/scr/install/local_setup.ps1'
[8.397s] INFO:colcon.colcon_core.shell:Creating prefix util module '/home/kobayashi/ros2_ws/scr/install/_local_setup_util_ps1.py'
[8.398s] INFO:colcon.colcon_core.shell:Creating prefix chain script '/home/kobayashi/ros2_ws/scr/install/setup.ps1'
[8.429s] INFO:colcon.colcon_core.shell:Creating prefix script '/home/kobayashi/ros2_ws/scr/install/local_setup.sh'
[8.429s] INFO:colcon.colcon_core.shell:Creating prefix util module '/home/kobayashi/ros2_ws/scr/install/_local_setup_util_sh.py'
[8.430s] INFO:colcon.colcon_core.shell:Creating prefix chain script '/home/kobayashi/ros2_ws/scr/install/setup.sh'
[8.470s] INFO:colcon.colcon_core.shell:Creating prefix script '/home/kobayashi/ros2_ws/scr/install/local_setup.bash'
[8.470s] INFO:colcon.colcon_core.shell:Creating prefix chain script '/home/kobayashi/ros2_ws/scr/install/setup.bash'
[8.502s] INFO:colcon.colcon_core.shell:Creating prefix script '/home/kobayashi/ros2_ws/scr/install/local_setup.zsh'
[8.503s] INFO:colcon.colcon_core.shell:Creating prefix chain script '/home/kobayashi/ros2_ws/scr/install/setup.zsh'
